[ 50%] Built target navi_cal
[100%] Built target navi_cal_node
-- Install configuration: "Debug"
-- Up-to-date: /home/auto/rmvision_ws/install/navi_cal/lib/navi_cal/navi_cal_node
-- Up-to-date: /home/auto/rmvision_ws/install/navi_cal/include
-- Up-to-date: /home/auto/rmvision_ws/install/navi_cal/include/navi_cal
-- Up-to-date: /home/auto/rmvision_ws/install/navi_cal/include/navi_cal/navi_cal.hpp
-- Up-to-date: /home/auto/rmvision_ws/install/navi_cal/share/navi_cal/environment/library_path.sh
-- Up-to-date: /home/auto/rmvision_ws/install/navi_cal/share/navi_cal/environment/library_path.dsv
-- Up-to-date: /home/auto/rmvision_ws/install/navi_cal/lib/libnavi_cal.so
-- Up-to-date: /home/auto/rmvision_ws/install/navi_cal/share/navi_cal/include
-- Up-to-date: /home/auto/rmvision_ws/install/navi_cal/share/navi_cal/include/navi_cal
-- Up-to-date: /home/auto/rmvision_ws/install/navi_cal/share/navi_cal/include/navi_cal/navi_cal.hpp
-- Up-to-date: /home/auto/rmvision_ws/install/navi_cal/share/navi_cal/src
-- Up-to-date: /home/auto/rmvision_ws/install/navi_cal/share/navi_cal/src/navi_cal.cpp
-- Up-to-date: /home/auto/rmvision_ws/install/navi_cal/share/navi_cal/config
-- Up-to-date: /home/auto/rmvision_ws/install/navi_cal/share/navi_cal/config/navi_cal.yaml
-- Up-to-date: /home/auto/rmvision_ws/install/navi_cal/share/navi_cal/launch
-- Up-to-date: /home/auto/rmvision_ws/install/navi_cal/share/navi_cal/launch/navi_cal.py
-- Up-to-date: /home/auto/rmvision_ws/install/navi_cal/share/ament_index/resource_index/package_run_dependencies/navi_cal
-- Up-to-date: /home/auto/rmvision_ws/install/navi_cal/share/ament_index/resource_index/parent_prefix_path/navi_cal
-- Up-to-date: /home/auto/rmvision_ws/install/navi_cal/share/navi_cal/environment/ament_prefix_path.sh
-- Up-to-date: /home/auto/rmvision_ws/install/navi_cal/share/navi_cal/environment/ament_prefix_path.dsv
-- Up-to-date: /home/auto/rmvision_ws/install/navi_cal/share/navi_cal/environment/path.sh
-- Up-to-date: /home/auto/rmvision_ws/install/navi_cal/share/navi_cal/environment/path.dsv
-- Up-to-date: /home/auto/rmvision_ws/install/navi_cal/share/navi_cal/local_setup.bash
-- Up-to-date: /home/auto/rmvision_ws/install/navi_cal/share/navi_cal/local_setup.sh
-- Up-to-date: /home/auto/rmvision_ws/install/navi_cal/share/navi_cal/local_setup.zsh
-- Up-to-date: /home/auto/rmvision_ws/install/navi_cal/share/navi_cal/local_setup.dsv
-- Installing: /home/auto/rmvision_ws/install/navi_cal/share/navi_cal/package.dsv
-- Up-to-date: /home/auto/rmvision_ws/install/navi_cal/share/ament_index/resource_index/packages/navi_cal
-- Up-to-date: /home/auto/rmvision_ws/install/navi_cal/share/ament_index/resource_index/rclcpp_components/navi_cal
-- Up-to-date: /home/auto/rmvision_ws/install/navi_cal/share/navi_cal/cmake/ament_cmake_export_dependencies-extras.cmake
-- Up-to-date: /home/auto/rmvision_ws/install/navi_cal/share/navi_cal/cmake/ament_cmake_export_include_directories-extras.cmake
-- Up-to-date: /home/auto/rmvision_ws/install/navi_cal/share/navi_cal/cmake/ament_cmake_export_libraries-extras.cmake
-- Up-to-date: /home/auto/rmvision_ws/install/navi_cal/share/navi_cal/cmake/navi_calConfig.cmake
-- Up-to-date: /home/auto/rmvision_ws/install/navi_cal/share/navi_cal/cmake/navi_calConfig-version.cmake
-- Up-to-date: /home/auto/rmvision_ws/install/navi_cal/share/navi_cal/package.xml
