[ 60%] Built target armor_creater
[100%] Built target armor_creater_node
-- Install configuration: ""
-- Up-to-date: /home/auto/rmvision_ws/install/armor_creater/lib/armor_creater/armor_creater_node
-- Up-to-date: /home/auto/rmvision_ws/install/armor_creater/include
-- Up-to-date: /home/auto/rmvision_ws/install/armor_creater/include/armor_creater
-- Up-to-date: /home/auto/rmvision_ws/install/armor_creater/include/armor_creater/UdpSend.hpp
-- Up-to-date: /home/auto/rmvision_ws/install/armor_creater/include/armor_creater/robot_simulation.hpp
-- Up-to-date: /home/auto/rmvision_ws/install/armor_creater/include/armor_creater/creater_node.hpp
-- Up-to-date: /home/auto/rmvision_ws/install/armor_creater/share/armor_creater/environment/library_path.sh
-- Up-to-date: /home/auto/rmvision_ws/install/armor_creater/share/armor_creater/environment/library_path.dsv
-- Up-to-date: /home/auto/rmvision_ws/install/armor_creater/lib/libarmor_creater.so
-- Up-to-date: /home/auto/rmvision_ws/install/armor_creater/share/armor_creater/launch
-- Up-to-date: /home/auto/rmvision_ws/install/armor_creater/share/armor_creater/launch/creater.launch.py
-- Up-to-date: /home/auto/rmvision_ws/install/armor_creater/share/armor_creater/config
-- Up-to-date: /home/auto/rmvision_ws/install/armor_creater/share/armor_creater/config/creater_params.yaml
-- Up-to-date: /home/auto/rmvision_ws/install/armor_creater/share/ament_index/resource_index/package_run_dependencies/armor_creater
-- Up-to-date: /home/auto/rmvision_ws/install/armor_creater/share/ament_index/resource_index/parent_prefix_path/armor_creater
-- Up-to-date: /home/auto/rmvision_ws/install/armor_creater/share/armor_creater/environment/ament_prefix_path.sh
-- Up-to-date: /home/auto/rmvision_ws/install/armor_creater/share/armor_creater/environment/ament_prefix_path.dsv
-- Up-to-date: /home/auto/rmvision_ws/install/armor_creater/share/armor_creater/environment/path.sh
-- Up-to-date: /home/auto/rmvision_ws/install/armor_creater/share/armor_creater/environment/path.dsv
-- Up-to-date: /home/auto/rmvision_ws/install/armor_creater/share/armor_creater/local_setup.bash
-- Up-to-date: /home/auto/rmvision_ws/install/armor_creater/share/armor_creater/local_setup.sh
-- Up-to-date: /home/auto/rmvision_ws/install/armor_creater/share/armor_creater/local_setup.zsh
-- Up-to-date: /home/auto/rmvision_ws/install/armor_creater/share/armor_creater/local_setup.dsv
-- Installing: /home/auto/rmvision_ws/install/armor_creater/share/armor_creater/package.dsv
-- Up-to-date: /home/auto/rmvision_ws/install/armor_creater/share/ament_index/resource_index/packages/armor_creater
-- Up-to-date: /home/auto/rmvision_ws/install/armor_creater/share/ament_index/resource_index/rclcpp_components/armor_creater
-- Up-to-date: /home/auto/rmvision_ws/install/armor_creater/share/armor_creater/cmake/ament_cmake_export_dependencies-extras.cmake
-- Up-to-date: /home/auto/rmvision_ws/install/armor_creater/share/armor_creater/cmake/ament_cmake_export_include_directories-extras.cmake
-- Up-to-date: /home/auto/rmvision_ws/install/armor_creater/share/armor_creater/cmake/ament_cmake_export_libraries-extras.cmake
-- Up-to-date: /home/auto/rmvision_ws/install/armor_creater/share/armor_creater/cmake/armor_createrConfig.cmake
-- Up-to-date: /home/auto/rmvision_ws/install/armor_creater/share/armor_creater/cmake/armor_createrConfig-version.cmake
-- Up-to-date: /home/auto/rmvision_ws/install/armor_creater/share/armor_creater/package.xml
