[35m[1mConsolidate compiler generated dependencies of target base_detector[0m
[ 18%] Built target gtest
[ 36%] Built target gtest_main
[ 54%] Built target base_detector_node
[ 63%] [32mBuilding CXX object CMakeFiles/base_detector.dir/src/base_node.cpp.o[0m
[ 72%] [32m[1mLinking CXX shared library libbase_detector.so[0m
[ 81%] Built target base_detector
[35m[1mConsolidate compiler generated dependencies of target test_node_startup[0m
[ 90%] [32m[1mLinking CXX executable test_node_startup[0m
[100%] Built target test_node_startup
-- Install configuration: ""
-- Up-to-date: /home/auto/rmvision_ws/install/base_detector/lib/base_detector/base_detector_node
-- Up-to-date: /home/auto/rmvision_ws/install/base_detector/include
-- Up-to-date: /home/auto/rmvision_ws/install/base_detector/include/base_detector
-- Up-to-date: /home/auto/rmvision_ws/install/base_detector/include/base_detector/base.hpp
-- Up-to-date: /home/auto/rmvision_ws/install/base_detector/include/base_detector/base_light.hpp
-- Up-to-date: /home/auto/rmvision_ws/install/base_detector/include/base_detector/base_node.hpp
-- Up-to-date: /home/auto/rmvision_ws/install/base_detector/share/base_detector/environment/library_path.sh
-- Up-to-date: /home/auto/rmvision_ws/install/base_detector/share/base_detector/environment/library_path.dsv
-- Installing: /home/auto/rmvision_ws/install/base_detector/lib/libbase_detector.so
-- Set runtime path of "/home/auto/rmvision_ws/install/base_detector/lib/libbase_detector.so" to ""
-- Up-to-date: /home/auto/rmvision_ws/install/base_detector/share/ament_index/resource_index/package_run_dependencies/base_detector
-- Up-to-date: /home/auto/rmvision_ws/install/base_detector/share/ament_index/resource_index/parent_prefix_path/base_detector
-- Up-to-date: /home/auto/rmvision_ws/install/base_detector/share/base_detector/environment/ament_prefix_path.sh
-- Up-to-date: /home/auto/rmvision_ws/install/base_detector/share/base_detector/environment/ament_prefix_path.dsv
-- Up-to-date: /home/auto/rmvision_ws/install/base_detector/share/base_detector/environment/path.sh
-- Up-to-date: /home/auto/rmvision_ws/install/base_detector/share/base_detector/environment/path.dsv
-- Up-to-date: /home/auto/rmvision_ws/install/base_detector/share/base_detector/local_setup.bash
-- Up-to-date: /home/auto/rmvision_ws/install/base_detector/share/base_detector/local_setup.sh
-- Up-to-date: /home/auto/rmvision_ws/install/base_detector/share/base_detector/local_setup.zsh
-- Up-to-date: /home/auto/rmvision_ws/install/base_detector/share/base_detector/local_setup.dsv
-- Installing: /home/auto/rmvision_ws/install/base_detector/share/base_detector/package.dsv
-- Up-to-date: /home/auto/rmvision_ws/install/base_detector/share/ament_index/resource_index/packages/base_detector
-- Up-to-date: /home/auto/rmvision_ws/install/base_detector/share/ament_index/resource_index/rclcpp_components/base_detector
-- Up-to-date: /home/auto/rmvision_ws/install/base_detector/share/base_detector/cmake/ament_cmake_export_dependencies-extras.cmake
-- Up-to-date: /home/auto/rmvision_ws/install/base_detector/share/base_detector/cmake/ament_cmake_export_include_directories-extras.cmake
-- Up-to-date: /home/auto/rmvision_ws/install/base_detector/share/base_detector/cmake/ament_cmake_export_libraries-extras.cmake
-- Up-to-date: /home/auto/rmvision_ws/install/base_detector/share/base_detector/cmake/base_detectorConfig.cmake
-- Up-to-date: /home/auto/rmvision_ws/install/base_detector/share/base_detector/cmake/base_detectorConfig-version.cmake
-- Up-to-date: /home/auto/rmvision_ws/install/base_detector/share/base_detector/package.xml
