[0.010s] Invoking command in '/home/auto/rmvision_ws/build/rm_gimbal_description': CMAKE_PREFIX_PATH=${CMAKE_PREFIX_PATH}:/opt/ros/humble /usr/local/bin/cmake --build /home/auto/rmvision_ws/build/rm_gimbal_description -- -j20 -l20
[0.025s] Invoked command in '/home/auto/rmvision_ws/build/rm_gimbal_description' returned '0': CMAKE_PREFIX_PATH=${CMAKE_PREFIX_PATH}:/opt/ros/humble /usr/local/bin/cmake --build /home/auto/rmvision_ws/build/rm_gimbal_description -- -j20 -l20
[0.030s] Invoking command in '/home/auto/rmvision_ws/build/rm_gimbal_description': CMAKE_PREFIX_PATH=${CMAKE_PREFIX_PATH}:/opt/ros/humble /usr/local/bin/cmake --install /home/auto/rmvision_ws/build/rm_gimbal_description
[0.035s] -- Install configuration: ""
[0.036s] -- Up-to-date: /home/auto/rmvision_ws/install/rm_gimbal_description/share/rm_gimbal_description/urdf
[0.036s] -- Up-to-date: /home/auto/rmvision_ws/install/rm_gimbal_description/share/rm_gimbal_description/urdf/rm_gimbal.urdf.xacro
[0.036s] -- Up-to-date: /home/auto/rmvision_ws/install/rm_gimbal_description/share/ament_index/resource_index/package_run_dependencies/rm_gimbal_description
[0.036s] -- Up-to-date: /home/auto/rmvision_ws/install/rm_gimbal_description/share/ament_index/resource_index/parent_prefix_path/rm_gimbal_description
[0.036s] -- Up-to-date: /home/auto/rmvision_ws/install/rm_gimbal_description/share/rm_gimbal_description/environment/ament_prefix_path.sh
[0.036s] -- Up-to-date: /home/auto/rmvision_ws/install/rm_gimbal_description/share/rm_gimbal_description/environment/ament_prefix_path.dsv
[0.036s] -- Up-to-date: /home/auto/rmvision_ws/install/rm_gimbal_description/share/rm_gimbal_description/environment/path.sh
[0.037s] -- Up-to-date: /home/auto/rmvision_ws/install/rm_gimbal_description/share/rm_gimbal_description/environment/path.dsv
[0.037s] -- Up-to-date: /home/auto/rmvision_ws/install/rm_gimbal_description/share/rm_gimbal_description/local_setup.bash
[0.037s] -- Up-to-date: /home/auto/rmvision_ws/install/rm_gimbal_description/share/rm_gimbal_description/local_setup.sh
[0.038s] -- Up-to-date: /home/auto/rmvision_ws/install/rm_gimbal_description/share/rm_gimbal_description/local_setup.zsh
[0.038s] -- Up-to-date: /home/auto/rmvision_ws/install/rm_gimbal_description/share/rm_gimbal_description/local_setup.dsv
[0.038s] -- Installing: /home/auto/rmvision_ws/install/rm_gimbal_description/share/rm_gimbal_description/package.dsv
[0.038s] -- Up-to-date: /home/auto/rmvision_ws/install/rm_gimbal_description/share/ament_index/resource_index/packages/rm_gimbal_description
[0.039s] -- Up-to-date: /home/auto/rmvision_ws/install/rm_gimbal_description/share/rm_gimbal_description/cmake/rm_gimbal_descriptionConfig.cmake
[0.039s] -- Up-to-date: /home/auto/rmvision_ws/install/rm_gimbal_description/share/rm_gimbal_description/cmake/rm_gimbal_descriptionConfig-version.cmake
[0.039s] -- Up-to-date: /home/auto/rmvision_ws/install/rm_gimbal_description/share/rm_gimbal_description/package.xml
[0.039s] Invoked command in '/home/auto/rmvision_ws/build/rm_gimbal_description' returned '0': CMAKE_PREFIX_PATH=${CMAKE_PREFIX_PATH}:/opt/ros/humble /usr/local/bin/cmake --install /home/auto/rmvision_ws/build/rm_gimbal_description
