[  0%] Built target auto_aim_interfaces__cpp
[ 12%] Built target auto_aim_interfaces__rosidl_generator_c
[ 12%] Built target ament_cmake_python_copy_auto_aim_interfaces
[ 24%] Built target auto_aim_interfaces__rosidl_typesupport_c
[ 37%] Built target auto_aim_interfaces__rosidl_typesupport_introspection_cpp
[ 49%] Built target auto_aim_interfaces__rosidl_typesupport_fastrtps_cpp
[ 61%] Built target auto_aim_interfaces__rosidl_typesupport_cpp
[ 73%] Built target auto_aim_interfaces__rosidl_typesupport_introspection_c
[ 85%] Built target auto_aim_interfaces__rosidl_typesupport_fastrtps_c
[ 85%] Built target auto_aim_interfaces
[ 86%] Built target auto_aim_interfaces__py
[ 97%] Built target auto_aim_interfaces__rosidl_generator_py
[ 99%] Built target auto_aim_interfaces__rosidl_typesupport_c__pyext
[ 99%] Built target auto_aim_interfaces__rosidl_typesupport_fastrtps_c__pyext
[100%] Built target auto_aim_interfaces__rosidl_typesupport_introspection_c__pyext
running egg_info
writing auto_aim_interfaces.egg-info/PKG-INFO
writing dependency_links to auto_aim_interfaces.egg-info/dependency_links.txt
writing top-level names to auto_aim_interfaces.egg-info/top_level.txt
reading manifest file 'auto_aim_interfaces.egg-info/SOURCES.txt'
writing manifest file 'auto_aim_interfaces.egg-info/SOURCES.txt'
[100%] Built target ament_cmake_python_build_auto_aim_interfaces_egg
-- Install configuration: ""
-- Up-to-date: /home/auto/rmvision_ws/install/auto_aim_interfaces/share/ament_index/resource_index/rosidl_interfaces/auto_aim_interfaces
-- Up-to-date: /home/auto/rmvision_ws/install/auto_aim_interfaces/include/auto_aim_interfaces/auto_aim_interfaces
-- Up-to-date: /home/auto/rmvision_ws/install/auto_aim_interfaces/include/auto_aim_interfaces/auto_aim_interfaces/msg
-- Up-to-date: /home/auto/rmvision_ws/install/auto_aim_interfaces/include/auto_aim_interfaces/auto_aim_interfaces/msg/gimbal_fdb.h
-- Up-to-date: /home/auto/rmvision_ws/install/auto_aim_interfaces/include/auto_aim_interfaces/auto_aim_interfaces/msg/debug_lights.h
-- Up-to-date: /home/auto/rmvision_ws/install/auto_aim_interfaces/include/auto_aim_interfaces/auto_aim_interfaces/msg/target.h
-- Up-to-date: /home/auto/rmvision_ws/install/auto_aim_interfaces/include/auto_aim_interfaces/auto_aim_interfaces/msg/debug_armors.h
-- Up-to-date: /home/auto/rmvision_ws/install/auto_aim_interfaces/include/auto_aim_interfaces/auto_aim_interfaces/msg/debug_base.h
-- Up-to-date: /home/auto/rmvision_ws/install/auto_aim_interfaces/include/auto_aim_interfaces/auto_aim_interfaces/msg/key_point2_f.h
-- Up-to-date: /home/auto/rmvision_ws/install/auto_aim_interfaces/include/auto_aim_interfaces/auto_aim_interfaces/msg/key_point_and_float.h
-- Up-to-date: /home/auto/rmvision_ws/install/auto_aim_interfaces/include/auto_aim_interfaces/auto_aim_interfaces/msg/armors.h
-- Up-to-date: /home/auto/rmvision_ws/install/auto_aim_interfaces/include/auto_aim_interfaces/auto_aim_interfaces/msg/rosidl_generator_c__visibility_control.h
-- Up-to-date: /home/auto/rmvision_ws/install/auto_aim_interfaces/include/auto_aim_interfaces/auto_aim_interfaces/msg/detections.h
-- Up-to-date: /home/auto/rmvision_ws/install/auto_aim_interfaces/include/auto_aim_interfaces/auto_aim_interfaces/msg/base.h
-- Up-to-date: /home/auto/rmvision_ws/install/auto_aim_interfaces/include/auto_aim_interfaces/auto_aim_interfaces/msg/tracker_info.h
-- Up-to-date: /home/auto/rmvision_ws/install/auto_aim_interfaces/include/auto_aim_interfaces/auto_aim_interfaces/msg/debug_light.h
-- Up-to-date: /home/auto/rmvision_ws/install/auto_aim_interfaces/include/auto_aim_interfaces/auto_aim_interfaces/msg/debug_bases.h
-- Up-to-date: /home/auto/rmvision_ws/install/auto_aim_interfaces/include/auto_aim_interfaces/auto_aim_interfaces/msg/detail
-- Up-to-date: /home/auto/rmvision_ws/install/auto_aim_interfaces/include/auto_aim_interfaces/auto_aim_interfaces/msg/detail/debug_bases__functions.h
-- Up-to-date: /home/auto/rmvision_ws/install/auto_aim_interfaces/include/auto_aim_interfaces/auto_aim_interfaces/msg/detail/gimbal_ctrl__functions.c
-- Up-to-date: /home/auto/rmvision_ws/install/auto_aim_interfaces/include/auto_aim_interfaces/auto_aim_interfaces/msg/detail/base__functions.h
-- Up-to-date: /home/auto/rmvision_ws/install/auto_aim_interfaces/include/auto_aim_interfaces/auto_aim_interfaces/msg/detail/navi_fdb__functions.c
-- Up-to-date: /home/auto/rmvision_ws/install/auto_aim_interfaces/include/auto_aim_interfaces/auto_aim_interfaces/msg/detail/gimbal_ctrl__type_support.h
-- Up-to-date: /home/auto/rmvision_ws/install/auto_aim_interfaces/include/auto_aim_interfaces/auto_aim_interfaces/msg/detail/armor__struct.h
-- Up-to-date: /home/auto/rmvision_ws/install/auto_aim_interfaces/include/auto_aim_interfaces/auto_aim_interfaces/msg/detail/detections__type_support.h
-- Up-to-date: /home/auto/rmvision_ws/install/auto_aim_interfaces/include/auto_aim_interfaces/auto_aim_interfaces/msg/detail/key_point_and_float__functions.h
-- Up-to-date: /home/auto/rmvision_ws/install/auto_aim_interfaces/include/auto_aim_interfaces/auto_aim_interfaces/msg/detail/debug_lights__functions.c
-- Up-to-date: /home/auto/rmvision_ws/install/auto_aim_interfaces/include/auto_aim_interfaces/auto_aim_interfaces/msg/detail/debug_base__struct.h
-- Up-to-date: /home/auto/rmvision_ws/install/auto_aim_interfaces/include/auto_aim_interfaces/auto_aim_interfaces/msg/detail/armors__functions.h
-- Up-to-date: /home/auto/rmvision_ws/install/auto_aim_interfaces/include/auto_aim_interfaces/auto_aim_interfaces/msg/detail/debug_armor__functions.c
-- Up-to-date: /home/auto/rmvision_ws/install/auto_aim_interfaces/include/auto_aim_interfaces/auto_aim_interfaces/msg/detail/fdb__type_support.h
-- Up-to-date: /home/auto/rmvision_ws/install/auto_aim_interfaces/include/auto_aim_interfaces/auto_aim_interfaces/msg/detail/gimbal_ctrl__functions.h
-- Up-to-date: /home/auto/rmvision_ws/install/auto_aim_interfaces/include/auto_aim_interfaces/auto_aim_interfaces/msg/detail/tracker_info__functions.h
-- Up-to-date: /home/auto/rmvision_ws/install/auto_aim_interfaces/include/auto_aim_interfaces/auto_aim_interfaces/msg/detail/armor__type_support.h
-- Up-to-date: /home/auto/rmvision_ws/install/auto_aim_interfaces/include/auto_aim_interfaces/auto_aim_interfaces/msg/detail/debug_light__functions.h
-- Up-to-date: /home/auto/rmvision_ws/install/auto_aim_interfaces/include/auto_aim_interfaces/auto_aim_interfaces/msg/detail/bases__type_support.h
-- Up-to-date: /home/auto/rmvision_ws/install/auto_aim_interfaces/include/auto_aim_interfaces/auto_aim_interfaces/msg/detail/debug_armors__functions.h
-- Up-to-date: /home/auto/rmvision_ws/install/auto_aim_interfaces/include/auto_aim_interfaces/auto_aim_interfaces/msg/detail/bases__functions.c
-- Up-to-date: /home/auto/rmvision_ws/install/auto_aim_interfaces/include/auto_aim_interfaces/auto_aim_interfaces/msg/detail/gimbal_fdb__struct.h
-- Up-to-date: /home/auto/rmvision_ws/install/auto_aim_interfaces/include/auto_aim_interfaces/auto_aim_interfaces/msg/detail/detections__functions.h
-- Up-to-date: /home/auto/rmvision_ws/install/auto_aim_interfaces/include/auto_aim_interfaces/auto_aim_interfaces/msg/detail/key_point2_f__struct.h
-- Up-to-date: /home/auto/rmvision_ws/install/auto_aim_interfaces/include/auto_aim_interfaces/auto_aim_interfaces/msg/detail/debug_base__functions.c
-- Up-to-date: /home/auto/rmvision_ws/install/auto_aim_interfaces/include/auto_aim_interfaces/auto_aim_interfaces/msg/detail/base__type_support.h
-- Up-to-date: /home/auto/rmvision_ws/install/auto_aim_interfaces/include/auto_aim_interfaces/auto_aim_interfaces/msg/detail/bases__functions.h
-- Up-to-date: /home/auto/rmvision_ws/install/auto_aim_interfaces/include/auto_aim_interfaces/auto_aim_interfaces/msg/detail/gimbal_fdb__type_support.h
-- Up-to-date: /home/auto/rmvision_ws/install/auto_aim_interfaces/include/auto_aim_interfaces/auto_aim_interfaces/msg/detail/key_point2_f__functions.h
-- Up-to-date: /home/auto/rmvision_ws/install/auto_aim_interfaces/include/auto_aim_interfaces/auto_aim_interfaces/msg/detail/bases__struct.h
-- Up-to-date: /home/auto/rmvision_ws/install/auto_aim_interfaces/include/auto_aim_interfaces/auto_aim_interfaces/msg/detail/debug_bases__functions.c
-- Up-to-date: /home/auto/rmvision_ws/install/auto_aim_interfaces/include/auto_aim_interfaces/auto_aim_interfaces/msg/detail/armor__functions.c
-- Up-to-date: /home/auto/rmvision_ws/install/auto_aim_interfaces/include/auto_aim_interfaces/auto_aim_interfaces/msg/detail/key_point_and_float__type_support.h
-- Up-to-date: /home/auto/rmvision_ws/install/auto_aim_interfaces/include/auto_aim_interfaces/auto_aim_interfaces/msg/detail/detection__functions.c
-- Up-to-date: /home/auto/rmvision_ws/install/auto_aim_interfaces/include/auto_aim_interfaces/auto_aim_interfaces/msg/detail/target__functions.c
-- Up-to-date: /home/auto/rmvision_ws/install/auto_aim_interfaces/include/auto_aim_interfaces/auto_aim_interfaces/msg/detail/detections__functions.c
-- Up-to-date: /home/auto/rmvision_ws/install/auto_aim_interfaces/include/auto_aim_interfaces/auto_aim_interfaces/msg/detail/armor__functions.h
-- Up-to-date: /home/auto/rmvision_ws/install/auto_aim_interfaces/include/auto_aim_interfaces/auto_aim_interfaces/msg/detail/debug_armor__type_support.h
-- Up-to-date: /home/auto/rmvision_ws/install/auto_aim_interfaces/include/auto_aim_interfaces/auto_aim_interfaces/msg/detail/target__functions.h
-- Up-to-date: /home/auto/rmvision_ws/install/auto_aim_interfaces/include/auto_aim_interfaces/auto_aim_interfaces/msg/detail/debug_base__functions.h
-- Up-to-date: /home/auto/rmvision_ws/install/auto_aim_interfaces/include/auto_aim_interfaces/auto_aim_interfaces/msg/detail/debug_lights__functions.h
-- Up-to-date: /home/auto/rmvision_ws/install/auto_aim_interfaces/include/auto_aim_interfaces/auto_aim_interfaces/msg/detail/target__struct.h
-- Up-to-date: /home/auto/rmvision_ws/install/auto_aim_interfaces/include/auto_aim_interfaces/auto_aim_interfaces/msg/detail/armors__struct.h
-- Up-to-date: /home/auto/rmvision_ws/install/auto_aim_interfaces/include/auto_aim_interfaces/auto_aim_interfaces/msg/detail/debug_bases__type_support.h
-- Up-to-date: /home/auto/rmvision_ws/install/auto_aim_interfaces/include/auto_aim_interfaces/auto_aim_interfaces/msg/detail/key_point2_f__functions.c
-- Up-to-date: /home/auto/rmvision_ws/install/auto_aim_interfaces/include/auto_aim_interfaces/auto_aim_interfaces/msg/detail/fdb__functions.c
-- Up-to-date: /home/auto/rmvision_ws/install/auto_aim_interfaces/include/auto_aim_interfaces/auto_aim_interfaces/msg/detail/gimbal_fdb__functions.h
-- Up-to-date: /home/auto/rmvision_ws/install/auto_aim_interfaces/include/auto_aim_interfaces/auto_aim_interfaces/msg/detail/tracker_info__type_support.h
-- Up-to-date: /home/auto/rmvision_ws/install/auto_aim_interfaces/include/auto_aim_interfaces/auto_aim_interfaces/msg/detail/armors__type_support.h
-- Up-to-date: /home/auto/rmvision_ws/install/auto_aim_interfaces/include/auto_aim_interfaces/auto_aim_interfaces/msg/detail/debug_lights__type_support.h
-- Up-to-date: /home/auto/rmvision_ws/install/auto_aim_interfaces/include/auto_aim_interfaces/auto_aim_interfaces/msg/detail/debug_armor__functions.h
-- Up-to-date: /home/auto/rmvision_ws/install/auto_aim_interfaces/include/auto_aim_interfaces/auto_aim_interfaces/msg/detail/detections__struct.h
-- Up-to-date: /home/auto/rmvision_ws/install/auto_aim_interfaces/include/auto_aim_interfaces/auto_aim_interfaces/msg/detail/key_point_and_float__struct.h
-- Up-to-date: /home/auto/rmvision_ws/install/auto_aim_interfaces/include/auto_aim_interfaces/auto_aim_interfaces/msg/detail/fdb__functions.h
-- Up-to-date: /home/auto/rmvision_ws/install/auto_aim_interfaces/include/auto_aim_interfaces/auto_aim_interfaces/msg/detail/detection__functions.h
-- Up-to-date: /home/auto/rmvision_ws/install/auto_aim_interfaces/include/auto_aim_interfaces/auto_aim_interfaces/msg/detail/debug_base__type_support.h
-- Up-to-date: /home/auto/rmvision_ws/install/auto_aim_interfaces/include/auto_aim_interfaces/auto_aim_interfaces/msg/detail/debug_light__type_support.h
-- Up-to-date: /home/auto/rmvision_ws/install/auto_aim_interfaces/include/auto_aim_interfaces/auto_aim_interfaces/msg/detail/target__type_support.h
-- Up-to-date: /home/auto/rmvision_ws/install/auto_aim_interfaces/include/auto_aim_interfaces/auto_aim_interfaces/msg/detail/navi_fdb__functions.h
-- Up-to-date: /home/auto/rmvision_ws/install/auto_aim_interfaces/include/auto_aim_interfaces/auto_aim_interfaces/msg/detail/tracker_info__functions.c
-- Up-to-date: /home/auto/rmvision_ws/install/auto_aim_interfaces/include/auto_aim_interfaces/auto_aim_interfaces/msg/detail/debug_bases__struct.h
-- Up-to-date: /home/auto/rmvision_ws/install/auto_aim_interfaces/include/auto_aim_interfaces/auto_aim_interfaces/msg/detail/debug_light__functions.c
-- Up-to-date: /home/auto/rmvision_ws/install/auto_aim_interfaces/include/auto_aim_interfaces/auto_aim_interfaces/msg/detail/base__struct.h
-- Up-to-date: /home/auto/rmvision_ws/install/auto_aim_interfaces/include/auto_aim_interfaces/auto_aim_interfaces/msg/detail/key_point2_f__type_support.h
-- Up-to-date: /home/auto/rmvision_ws/install/auto_aim_interfaces/include/auto_aim_interfaces/auto_aim_interfaces/msg/detail/detection__type_support.h
-- Up-to-date: /home/auto/rmvision_ws/install/auto_aim_interfaces/include/auto_aim_interfaces/auto_aim_interfaces/msg/detail/tracker_info__struct.h
-- Up-to-date: /home/auto/rmvision_ws/install/auto_aim_interfaces/include/auto_aim_interfaces/auto_aim_interfaces/msg/detail/gimbal_fdb__functions.c
-- Up-to-date: /home/auto/rmvision_ws/install/auto_aim_interfaces/include/auto_aim_interfaces/auto_aim_interfaces/msg/detail/navi_fdb__struct.h
-- Up-to-date: /home/auto/rmvision_ws/install/auto_aim_interfaces/include/auto_aim_interfaces/auto_aim_interfaces/msg/detail/armors__functions.c
-- Up-to-date: /home/auto/rmvision_ws/install/auto_aim_interfaces/include/auto_aim_interfaces/auto_aim_interfaces/msg/detail/base__functions.c
-- Up-to-date: /home/auto/rmvision_ws/install/auto_aim_interfaces/include/auto_aim_interfaces/auto_aim_interfaces/msg/detail/debug_lights__struct.h
-- Up-to-date: /home/auto/rmvision_ws/install/auto_aim_interfaces/include/auto_aim_interfaces/auto_aim_interfaces/msg/detail/detection__struct.h
-- Up-to-date: /home/auto/rmvision_ws/install/auto_aim_interfaces/include/auto_aim_interfaces/auto_aim_interfaces/msg/detail/debug_light__struct.h
-- Up-to-date: /home/auto/rmvision_ws/install/auto_aim_interfaces/include/auto_aim_interfaces/auto_aim_interfaces/msg/detail/debug_armors__struct.h
-- Up-to-date: /home/auto/rmvision_ws/install/auto_aim_interfaces/include/auto_aim_interfaces/auto_aim_interfaces/msg/detail/fdb__struct.h
-- Up-to-date: /home/auto/rmvision_ws/install/auto_aim_interfaces/include/auto_aim_interfaces/auto_aim_interfaces/msg/detail/gimbal_ctrl__struct.h
-- Up-to-date: /home/auto/rmvision_ws/install/auto_aim_interfaces/include/auto_aim_interfaces/auto_aim_interfaces/msg/detail/key_point_and_float__functions.c
-- Up-to-date: /home/auto/rmvision_ws/install/auto_aim_interfaces/include/auto_aim_interfaces/auto_aim_interfaces/msg/detail/navi_fdb__type_support.h
-- Up-to-date: /home/auto/rmvision_ws/install/auto_aim_interfaces/include/auto_aim_interfaces/auto_aim_interfaces/msg/detail/debug_armors__functions.c
-- Up-to-date: /home/auto/rmvision_ws/install/auto_aim_interfaces/include/auto_aim_interfaces/auto_aim_interfaces/msg/detail/debug_armors__type_support.h
-- Up-to-date: /home/auto/rmvision_ws/install/auto_aim_interfaces/include/auto_aim_interfaces/auto_aim_interfaces/msg/detail/debug_armor__struct.h
-- Up-to-date: /home/auto/rmvision_ws/install/auto_aim_interfaces/include/auto_aim_interfaces/auto_aim_interfaces/msg/navi_fdb.h
-- Up-to-date: /home/auto/rmvision_ws/install/auto_aim_interfaces/include/auto_aim_interfaces/auto_aim_interfaces/msg/armor.h
-- Up-to-date: /home/auto/rmvision_ws/install/auto_aim_interfaces/include/auto_aim_interfaces/auto_aim_interfaces/msg/fdb.h
-- Up-to-date: /home/auto/rmvision_ws/install/auto_aim_interfaces/include/auto_aim_interfaces/auto_aim_interfaces/msg/bases.h
-- Up-to-date: /home/auto/rmvision_ws/install/auto_aim_interfaces/include/auto_aim_interfaces/auto_aim_interfaces/msg/detection.h
-- Up-to-date: /home/auto/rmvision_ws/install/auto_aim_interfaces/include/auto_aim_interfaces/auto_aim_interfaces/msg/debug_armor.h
-- Up-to-date: /home/auto/rmvision_ws/install/auto_aim_interfaces/include/auto_aim_interfaces/auto_aim_interfaces/msg/gimbal_ctrl.h
-- Up-to-date: /home/auto/rmvision_ws/install/auto_aim_interfaces/share/auto_aim_interfaces/environment/library_path.sh
-- Up-to-date: /home/auto/rmvision_ws/install/auto_aim_interfaces/share/auto_aim_interfaces/environment/library_path.dsv
-- Up-to-date: /home/auto/rmvision_ws/install/auto_aim_interfaces/lib/libauto_aim_interfaces__rosidl_generator_c.so
-- Up-to-date: /home/auto/rmvision_ws/install/auto_aim_interfaces/include/auto_aim_interfaces/auto_aim_interfaces
-- Up-to-date: /home/auto/rmvision_ws/install/auto_aim_interfaces/include/auto_aim_interfaces/auto_aim_interfaces/msg
-- Up-to-date: /home/auto/rmvision_ws/install/auto_aim_interfaces/include/auto_aim_interfaces/auto_aim_interfaces/msg/detail
-- Up-to-date: /home/auto/rmvision_ws/install/auto_aim_interfaces/include/auto_aim_interfaces/auto_aim_interfaces/msg/detail/debug_armors__rosidl_typesupport_fastrtps_c.h
-- Up-to-date: /home/auto/rmvision_ws/install/auto_aim_interfaces/include/auto_aim_interfaces/auto_aim_interfaces/msg/detail/key_point_and_float__rosidl_typesupport_fastrtps_c.h
-- Up-to-date: /home/auto/rmvision_ws/install/auto_aim_interfaces/include/auto_aim_interfaces/auto_aim_interfaces/msg/detail/debug_armor__rosidl_typesupport_fastrtps_c.h
-- Up-to-date: /home/auto/rmvision_ws/install/auto_aim_interfaces/include/auto_aim_interfaces/auto_aim_interfaces/msg/detail/detection__rosidl_typesupport_fastrtps_c.h
-- Up-to-date: /home/auto/rmvision_ws/install/auto_aim_interfaces/include/auto_aim_interfaces/auto_aim_interfaces/msg/detail/target__rosidl_typesupport_fastrtps_c.h
-- Up-to-date: /home/auto/rmvision_ws/install/auto_aim_interfaces/include/auto_aim_interfaces/auto_aim_interfaces/msg/detail/detections__rosidl_typesupport_fastrtps_c.h
-- Up-to-date: /home/auto/rmvision_ws/install/auto_aim_interfaces/include/auto_aim_interfaces/auto_aim_interfaces/msg/detail/base__rosidl_typesupport_fastrtps_c.h
-- Up-to-date: /home/auto/rmvision_ws/install/auto_aim_interfaces/include/auto_aim_interfaces/auto_aim_interfaces/msg/detail/debug_light__rosidl_typesupport_fastrtps_c.h
-- Up-to-date: /home/auto/rmvision_ws/install/auto_aim_interfaces/include/auto_aim_interfaces/auto_aim_interfaces/msg/detail/tracker_info__rosidl_typesupport_fastrtps_c.h
-- Up-to-date: /home/auto/rmvision_ws/install/auto_aim_interfaces/include/auto_aim_interfaces/auto_aim_interfaces/msg/detail/debug_lights__rosidl_typesupport_fastrtps_c.h
-- Up-to-date: /home/auto/rmvision_ws/install/auto_aim_interfaces/include/auto_aim_interfaces/auto_aim_interfaces/msg/detail/gimbal_fdb__rosidl_typesupport_fastrtps_c.h
-- Up-to-date: /home/auto/rmvision_ws/install/auto_aim_interfaces/include/auto_aim_interfaces/auto_aim_interfaces/msg/detail/debug_base__rosidl_typesupport_fastrtps_c.h
-- Up-to-date: /home/auto/rmvision_ws/install/auto_aim_interfaces/include/auto_aim_interfaces/auto_aim_interfaces/msg/detail/gimbal_ctrl__rosidl_typesupport_fastrtps_c.h
-- Up-to-date: /home/auto/rmvision_ws/install/auto_aim_interfaces/include/auto_aim_interfaces/auto_aim_interfaces/msg/detail/navi_fdb__rosidl_typesupport_fastrtps_c.h
-- Up-to-date: /home/auto/rmvision_ws/install/auto_aim_interfaces/include/auto_aim_interfaces/auto_aim_interfaces/msg/detail/armors__rosidl_typesupport_fastrtps_c.h
-- Up-to-date: /home/auto/rmvision_ws/install/auto_aim_interfaces/include/auto_aim_interfaces/auto_aim_interfaces/msg/detail/key_point2_f__rosidl_typesupport_fastrtps_c.h
-- Up-to-date: /home/auto/rmvision_ws/install/auto_aim_interfaces/include/auto_aim_interfaces/auto_aim_interfaces/msg/detail/bases__rosidl_typesupport_fastrtps_c.h
-- Up-to-date: /home/auto/rmvision_ws/install/auto_aim_interfaces/include/auto_aim_interfaces/auto_aim_interfaces/msg/detail/armor__rosidl_typesupport_fastrtps_c.h
-- Up-to-date: /home/auto/rmvision_ws/install/auto_aim_interfaces/include/auto_aim_interfaces/auto_aim_interfaces/msg/detail/fdb__rosidl_typesupport_fastrtps_c.h
-- Up-to-date: /home/auto/rmvision_ws/install/auto_aim_interfaces/include/auto_aim_interfaces/auto_aim_interfaces/msg/detail/debug_bases__rosidl_typesupport_fastrtps_c.h
-- Up-to-date: /home/auto/rmvision_ws/install/auto_aim_interfaces/include/auto_aim_interfaces/auto_aim_interfaces/msg/rosidl_typesupport_fastrtps_c__visibility_control.h
-- Up-to-date: /home/auto/rmvision_ws/install/auto_aim_interfaces/lib/libauto_aim_interfaces__rosidl_typesupport_fastrtps_c.so
-- Up-to-date: /home/auto/rmvision_ws/install/auto_aim_interfaces/include/auto_aim_interfaces/auto_aim_interfaces
-- Up-to-date: /home/auto/rmvision_ws/install/auto_aim_interfaces/include/auto_aim_interfaces/auto_aim_interfaces/msg
-- Up-to-date: /home/auto/rmvision_ws/install/auto_aim_interfaces/include/auto_aim_interfaces/auto_aim_interfaces/msg/rosidl_typesupport_introspection_c__visibility_control.h
-- Up-to-date: /home/auto/rmvision_ws/install/auto_aim_interfaces/include/auto_aim_interfaces/auto_aim_interfaces/msg/detail
-- Up-to-date: /home/auto/rmvision_ws/install/auto_aim_interfaces/include/auto_aim_interfaces/auto_aim_interfaces/msg/detail/debug_bases__type_support.c
-- Up-to-date: /home/auto/rmvision_ws/install/auto_aim_interfaces/include/auto_aim_interfaces/auto_aim_interfaces/msg/detail/armor__rosidl_typesupport_introspection_c.h
-- Up-to-date: /home/auto/rmvision_ws/install/auto_aim_interfaces/include/auto_aim_interfaces/auto_aim_interfaces/msg/detail/base__type_support.c
-- Up-to-date: /home/auto/rmvision_ws/install/auto_aim_interfaces/include/auto_aim_interfaces/auto_aim_interfaces/msg/detail/key_point2_f__rosidl_typesupport_introspection_c.h
-- Up-to-date: /home/auto/rmvision_ws/install/auto_aim_interfaces/include/auto_aim_interfaces/auto_aim_interfaces/msg/detail/debug_light__type_support.c
-- Up-to-date: /home/auto/rmvision_ws/install/auto_aim_interfaces/include/auto_aim_interfaces/auto_aim_interfaces/msg/detail/debug_armor__type_support.c
-- Up-to-date: /home/auto/rmvision_ws/install/auto_aim_interfaces/include/auto_aim_interfaces/auto_aim_interfaces/msg/detail/gimbal_ctrl__type_support.c
-- Up-to-date: /home/auto/rmvision_ws/install/auto_aim_interfaces/include/auto_aim_interfaces/auto_aim_interfaces/msg/detail/tracker_info__rosidl_typesupport_introspection_c.h
-- Up-to-date: /home/auto/rmvision_ws/install/auto_aim_interfaces/include/auto_aim_interfaces/auto_aim_interfaces/msg/detail/key_point_and_float__rosidl_typesupport_introspection_c.h
-- Up-to-date: /home/auto/rmvision_ws/install/auto_aim_interfaces/include/auto_aim_interfaces/auto_aim_interfaces/msg/detail/bases__type_support.c
-- Up-to-date: /home/auto/rmvision_ws/install/auto_aim_interfaces/include/auto_aim_interfaces/auto_aim_interfaces/msg/detail/debug_armor__rosidl_typesupport_introspection_c.h
-- Up-to-date: /home/auto/rmvision_ws/install/auto_aim_interfaces/include/auto_aim_interfaces/auto_aim_interfaces/msg/detail/debug_base__type_support.c
-- Up-to-date: /home/auto/rmvision_ws/install/auto_aim_interfaces/include/auto_aim_interfaces/auto_aim_interfaces/msg/detail/armors__type_support.c
-- Up-to-date: /home/auto/rmvision_ws/install/auto_aim_interfaces/include/auto_aim_interfaces/auto_aim_interfaces/msg/detail/armor__type_support.c
-- Up-to-date: /home/auto/rmvision_ws/install/auto_aim_interfaces/include/auto_aim_interfaces/auto_aim_interfaces/msg/detail/navi_fdb__type_support.c
-- Up-to-date: /home/auto/rmvision_ws/install/auto_aim_interfaces/include/auto_aim_interfaces/auto_aim_interfaces/msg/detail/detections__rosidl_typesupport_introspection_c.h
-- Up-to-date: /home/auto/rmvision_ws/install/auto_aim_interfaces/include/auto_aim_interfaces/auto_aim_interfaces/msg/detail/target__rosidl_typesupport_introspection_c.h
-- Up-to-date: /home/auto/rmvision_ws/install/auto_aim_interfaces/include/auto_aim_interfaces/auto_aim_interfaces/msg/detail/debug_light__rosidl_typesupport_introspection_c.h
-- Up-to-date: /home/auto/rmvision_ws/install/auto_aim_interfaces/include/auto_aim_interfaces/auto_aim_interfaces/msg/detail/key_point2_f__type_support.c
-- Up-to-date: /home/auto/rmvision_ws/install/auto_aim_interfaces/include/auto_aim_interfaces/auto_aim_interfaces/msg/detail/debug_armors__rosidl_typesupport_introspection_c.h
-- Up-to-date: /home/auto/rmvision_ws/install/auto_aim_interfaces/include/auto_aim_interfaces/auto_aim_interfaces/msg/detail/debug_armors__type_support.c
-- Up-to-date: /home/auto/rmvision_ws/install/auto_aim_interfaces/include/auto_aim_interfaces/auto_aim_interfaces/msg/detail/tracker_info__type_support.c
-- Up-to-date: /home/auto/rmvision_ws/install/auto_aim_interfaces/include/auto_aim_interfaces/auto_aim_interfaces/msg/detail/debug_lights__type_support.c
-- Up-to-date: /home/auto/rmvision_ws/install/auto_aim_interfaces/include/auto_aim_interfaces/auto_aim_interfaces/msg/detail/gimbal_fdb__type_support.c
-- Up-to-date: /home/auto/rmvision_ws/install/auto_aim_interfaces/include/auto_aim_interfaces/auto_aim_interfaces/msg/detail/base__rosidl_typesupport_introspection_c.h
-- Up-to-date: /home/auto/rmvision_ws/install/auto_aim_interfaces/include/auto_aim_interfaces/auto_aim_interfaces/msg/detail/key_point_and_float__type_support.c
-- Up-to-date: /home/auto/rmvision_ws/install/auto_aim_interfaces/include/auto_aim_interfaces/auto_aim_interfaces/msg/detail/detections__type_support.c
-- Up-to-date: /home/auto/rmvision_ws/install/auto_aim_interfaces/include/auto_aim_interfaces/auto_aim_interfaces/msg/detail/navi_fdb__rosidl_typesupport_introspection_c.h
-- Up-to-date: /home/auto/rmvision_ws/install/auto_aim_interfaces/include/auto_aim_interfaces/auto_aim_interfaces/msg/detail/fdb__type_support.c
-- Up-to-date: /home/auto/rmvision_ws/install/auto_aim_interfaces/include/auto_aim_interfaces/auto_aim_interfaces/msg/detail/debug_bases__rosidl_typesupport_introspection_c.h
-- Up-to-date: /home/auto/rmvision_ws/install/auto_aim_interfaces/include/auto_aim_interfaces/auto_aim_interfaces/msg/detail/fdb__rosidl_typesupport_introspection_c.h
-- Up-to-date: /home/auto/rmvision_ws/install/auto_aim_interfaces/include/auto_aim_interfaces/auto_aim_interfaces/msg/detail/debug_lights__rosidl_typesupport_introspection_c.h
-- Up-to-date: /home/auto/rmvision_ws/install/auto_aim_interfaces/include/auto_aim_interfaces/auto_aim_interfaces/msg/detail/gimbal_fdb__rosidl_typesupport_introspection_c.h
-- Up-to-date: /home/auto/rmvision_ws/install/auto_aim_interfaces/include/auto_aim_interfaces/auto_aim_interfaces/msg/detail/detection__rosidl_typesupport_introspection_c.h
-- Up-to-date: /home/auto/rmvision_ws/install/auto_aim_interfaces/include/auto_aim_interfaces/auto_aim_interfaces/msg/detail/detection__type_support.c
-- Up-to-date: /home/auto/rmvision_ws/install/auto_aim_interfaces/include/auto_aim_interfaces/auto_aim_interfaces/msg/detail/debug_base__rosidl_typesupport_introspection_c.h
-- Up-to-date: /home/auto/rmvision_ws/install/auto_aim_interfaces/include/auto_aim_interfaces/auto_aim_interfaces/msg/detail/target__type_support.c
-- Up-to-date: /home/auto/rmvision_ws/install/auto_aim_interfaces/include/auto_aim_interfaces/auto_aim_interfaces/msg/detail/bases__rosidl_typesupport_introspection_c.h
-- Up-to-date: /home/auto/rmvision_ws/install/auto_aim_interfaces/include/auto_aim_interfaces/auto_aim_interfaces/msg/detail/armors__rosidl_typesupport_introspection_c.h
-- Up-to-date: /home/auto/rmvision_ws/install/auto_aim_interfaces/include/auto_aim_interfaces/auto_aim_interfaces/msg/detail/gimbal_ctrl__rosidl_typesupport_introspection_c.h
-- Up-to-date: /home/auto/rmvision_ws/install/auto_aim_interfaces/lib/libauto_aim_interfaces__rosidl_typesupport_introspection_c.so
-- Up-to-date: /home/auto/rmvision_ws/install/auto_aim_interfaces/lib/libauto_aim_interfaces__rosidl_typesupport_c.so
-- Up-to-date: /home/auto/rmvision_ws/install/auto_aim_interfaces/include/auto_aim_interfaces/auto_aim_interfaces
-- Up-to-date: /home/auto/rmvision_ws/install/auto_aim_interfaces/include/auto_aim_interfaces/auto_aim_interfaces/msg
-- Up-to-date: /home/auto/rmvision_ws/install/auto_aim_interfaces/include/auto_aim_interfaces/auto_aim_interfaces/msg/detections.hpp
-- Up-to-date: /home/auto/rmvision_ws/install/auto_aim_interfaces/include/auto_aim_interfaces/auto_aim_interfaces/msg/debug_bases.hpp
-- Up-to-date: /home/auto/rmvision_ws/install/auto_aim_interfaces/include/auto_aim_interfaces/auto_aim_interfaces/msg/gimbal_fdb.hpp
-- Up-to-date: /home/auto/rmvision_ws/install/auto_aim_interfaces/include/auto_aim_interfaces/auto_aim_interfaces/msg/debug_light.hpp
-- Up-to-date: /home/auto/rmvision_ws/install/auto_aim_interfaces/include/auto_aim_interfaces/auto_aim_interfaces/msg/debug_armors.hpp
-- Up-to-date: /home/auto/rmvision_ws/install/auto_aim_interfaces/include/auto_aim_interfaces/auto_aim_interfaces/msg/armors.hpp
-- Up-to-date: /home/auto/rmvision_ws/install/auto_aim_interfaces/include/auto_aim_interfaces/auto_aim_interfaces/msg/debug_base.hpp
-- Up-to-date: /home/auto/rmvision_ws/install/auto_aim_interfaces/include/auto_aim_interfaces/auto_aim_interfaces/msg/gimbal_ctrl.hpp
-- Up-to-date: /home/auto/rmvision_ws/install/auto_aim_interfaces/include/auto_aim_interfaces/auto_aim_interfaces/msg/bases.hpp
-- Up-to-date: /home/auto/rmvision_ws/install/auto_aim_interfaces/include/auto_aim_interfaces/auto_aim_interfaces/msg/base.hpp
-- Up-to-date: /home/auto/rmvision_ws/install/auto_aim_interfaces/include/auto_aim_interfaces/auto_aim_interfaces/msg/rosidl_generator_cpp__visibility_control.hpp
-- Up-to-date: /home/auto/rmvision_ws/install/auto_aim_interfaces/include/auto_aim_interfaces/auto_aim_interfaces/msg/fdb.hpp
-- Up-to-date: /home/auto/rmvision_ws/install/auto_aim_interfaces/include/auto_aim_interfaces/auto_aim_interfaces/msg/target.hpp
-- Up-to-date: /home/auto/rmvision_ws/install/auto_aim_interfaces/include/auto_aim_interfaces/auto_aim_interfaces/msg/key_point2_f.hpp
-- Up-to-date: /home/auto/rmvision_ws/install/auto_aim_interfaces/include/auto_aim_interfaces/auto_aim_interfaces/msg/key_point_and_float.hpp
-- Up-to-date: /home/auto/rmvision_ws/install/auto_aim_interfaces/include/auto_aim_interfaces/auto_aim_interfaces/msg/tracker_info.hpp
-- Up-to-date: /home/auto/rmvision_ws/install/auto_aim_interfaces/include/auto_aim_interfaces/auto_aim_interfaces/msg/detail
-- Up-to-date: /home/auto/rmvision_ws/install/auto_aim_interfaces/include/auto_aim_interfaces/auto_aim_interfaces/msg/detail/gimbal_fdb__traits.hpp
-- Up-to-date: /home/auto/rmvision_ws/install/auto_aim_interfaces/include/auto_aim_interfaces/auto_aim_interfaces/msg/detail/detection__type_support.hpp
-- Up-to-date: /home/auto/rmvision_ws/install/auto_aim_interfaces/include/auto_aim_interfaces/auto_aim_interfaces/msg/detail/debug_lights__type_support.hpp
-- Up-to-date: /home/auto/rmvision_ws/install/auto_aim_interfaces/include/auto_aim_interfaces/auto_aim_interfaces/msg/detail/fdb__struct.hpp
-- Up-to-date: /home/auto/rmvision_ws/install/auto_aim_interfaces/include/auto_aim_interfaces/auto_aim_interfaces/msg/detail/armor__builder.hpp
-- Up-to-date: /home/auto/rmvision_ws/install/auto_aim_interfaces/include/auto_aim_interfaces/auto_aim_interfaces/msg/detail/debug_base__struct.hpp
-- Up-to-date: /home/auto/rmvision_ws/install/auto_aim_interfaces/include/auto_aim_interfaces/auto_aim_interfaces/msg/detail/armors__traits.hpp
-- Up-to-date: /home/auto/rmvision_ws/install/auto_aim_interfaces/include/auto_aim_interfaces/auto_aim_interfaces/msg/detail/debug_armor__type_support.hpp
-- Up-to-date: /home/auto/rmvision_ws/install/auto_aim_interfaces/include/auto_aim_interfaces/auto_aim_interfaces/msg/detail/detection__traits.hpp
-- Up-to-date: /home/auto/rmvision_ws/install/auto_aim_interfaces/include/auto_aim_interfaces/auto_aim_interfaces/msg/detail/debug_bases__traits.hpp
-- Up-to-date: /home/auto/rmvision_ws/install/auto_aim_interfaces/include/auto_aim_interfaces/auto_aim_interfaces/msg/detail/gimbal_ctrl__type_support.hpp
-- Up-to-date: /home/auto/rmvision_ws/install/auto_aim_interfaces/include/auto_aim_interfaces/auto_aim_interfaces/msg/detail/armor__struct.hpp
-- Up-to-date: /home/auto/rmvision_ws/install/auto_aim_interfaces/include/auto_aim_interfaces/auto_aim_interfaces/msg/detail/fdb__type_support.hpp
-- Up-to-date: /home/auto/rmvision_ws/install/auto_aim_interfaces/include/auto_aim_interfaces/auto_aim_interfaces/msg/detail/tracker_info__type_support.hpp
-- Up-to-date: /home/auto/rmvision_ws/install/auto_aim_interfaces/include/auto_aim_interfaces/auto_aim_interfaces/msg/detail/target__struct.hpp
-- Up-to-date: /home/auto/rmvision_ws/install/auto_aim_interfaces/include/auto_aim_interfaces/auto_aim_interfaces/msg/detail/debug_armor__struct.hpp
-- Up-to-date: /home/auto/rmvision_ws/install/auto_aim_interfaces/include/auto_aim_interfaces/auto_aim_interfaces/msg/detail/tracker_info__builder.hpp
-- Up-to-date: /home/auto/rmvision_ws/install/auto_aim_interfaces/include/auto_aim_interfaces/auto_aim_interfaces/msg/detail/armor__type_support.hpp
-- Up-to-date: /home/auto/rmvision_ws/install/auto_aim_interfaces/include/auto_aim_interfaces/auto_aim_interfaces/msg/detail/detection__struct.hpp
-- Up-to-date: /home/auto/rmvision_ws/install/auto_aim_interfaces/include/auto_aim_interfaces/auto_aim_interfaces/msg/detail/gimbal_ctrl__builder.hpp
-- Up-to-date: /home/auto/rmvision_ws/install/auto_aim_interfaces/include/auto_aim_interfaces/auto_aim_interfaces/msg/detail/bases__traits.hpp
-- Up-to-date: /home/auto/rmvision_ws/install/auto_aim_interfaces/include/auto_aim_interfaces/auto_aim_interfaces/msg/detail/key_point_and_float__type_support.hpp
-- Up-to-date: /home/auto/rmvision_ws/install/auto_aim_interfaces/include/auto_aim_interfaces/auto_aim_interfaces/msg/detail/debug_armor__traits.hpp
-- Up-to-date: /home/auto/rmvision_ws/install/auto_aim_interfaces/include/auto_aim_interfaces/auto_aim_interfaces/msg/detail/base__type_support.hpp
-- Up-to-date: /home/auto/rmvision_ws/install/auto_aim_interfaces/include/auto_aim_interfaces/auto_aim_interfaces/msg/detail/key_point_and_float__struct.hpp
-- Up-to-date: /home/auto/rmvision_ws/install/auto_aim_interfaces/include/auto_aim_interfaces/auto_aim_interfaces/msg/detail/debug_bases__builder.hpp
-- Up-to-date: /home/auto/rmvision_ws/install/auto_aim_interfaces/include/auto_aim_interfaces/auto_aim_interfaces/msg/detail/target__builder.hpp
-- Up-to-date: /home/auto/rmvision_ws/install/auto_aim_interfaces/include/auto_aim_interfaces/auto_aim_interfaces/msg/detail/tracker_info__struct.hpp
-- Up-to-date: /home/auto/rmvision_ws/install/auto_aim_interfaces/include/auto_aim_interfaces/auto_aim_interfaces/msg/detail/debug_light__struct.hpp
-- Up-to-date: /home/auto/rmvision_ws/install/auto_aim_interfaces/include/auto_aim_interfaces/auto_aim_interfaces/msg/detail/debug_armors__struct.hpp
-- Up-to-date: /home/auto/rmvision_ws/install/auto_aim_interfaces/include/auto_aim_interfaces/auto_aim_interfaces/msg/detail/armors__type_support.hpp
-- Up-to-date: /home/auto/rmvision_ws/install/auto_aim_interfaces/include/auto_aim_interfaces/auto_aim_interfaces/msg/detail/debug_base__traits.hpp
-- Up-to-date: /home/auto/rmvision_ws/install/auto_aim_interfaces/include/auto_aim_interfaces/auto_aim_interfaces/msg/detail/navi_fdb__traits.hpp
-- Up-to-date: /home/auto/rmvision_ws/install/auto_aim_interfaces/include/auto_aim_interfaces/auto_aim_interfaces/msg/detail/detections__type_support.hpp
-- Up-to-date: /home/auto/rmvision_ws/install/auto_aim_interfaces/include/auto_aim_interfaces/auto_aim_interfaces/msg/detail/navi_fdb__struct.hpp
-- Up-to-date: /home/auto/rmvision_ws/install/auto_aim_interfaces/include/auto_aim_interfaces/auto_aim_interfaces/msg/detail/debug_armors__builder.hpp
-- Up-to-date: /home/auto/rmvision_ws/install/auto_aim_interfaces/include/auto_aim_interfaces/auto_aim_interfaces/msg/detail/debug_armors__type_support.hpp
-- Up-to-date: /home/auto/rmvision_ws/install/auto_aim_interfaces/include/auto_aim_interfaces/auto_aim_interfaces/msg/detail/key_point_and_float__builder.hpp
-- Up-to-date: /home/auto/rmvision_ws/install/auto_aim_interfaces/include/auto_aim_interfaces/auto_aim_interfaces/msg/detail/navi_fdb__type_support.hpp
-- Up-to-date: /home/auto/rmvision_ws/install/auto_aim_interfaces/include/auto_aim_interfaces/auto_aim_interfaces/msg/detail/bases__struct.hpp
-- Up-to-date: /home/auto/rmvision_ws/install/auto_aim_interfaces/include/auto_aim_interfaces/auto_aim_interfaces/msg/detail/fdb__traits.hpp
-- Up-to-date: /home/auto/rmvision_ws/install/auto_aim_interfaces/include/auto_aim_interfaces/auto_aim_interfaces/msg/detail/base__builder.hpp
-- Up-to-date: /home/auto/rmvision_ws/install/auto_aim_interfaces/include/auto_aim_interfaces/auto_aim_interfaces/msg/detail/detections__struct.hpp
-- Up-to-date: /home/auto/rmvision_ws/install/auto_aim_interfaces/include/auto_aim_interfaces/auto_aim_interfaces/msg/detail/armors__struct.hpp
-- Up-to-date: /home/auto/rmvision_ws/install/auto_aim_interfaces/include/auto_aim_interfaces/auto_aim_interfaces/msg/detail/gimbal_fdb__struct.hpp
-- Up-to-date: /home/auto/rmvision_ws/install/auto_aim_interfaces/include/auto_aim_interfaces/auto_aim_interfaces/msg/detail/debug_armor__builder.hpp
-- Up-to-date: /home/auto/rmvision_ws/install/auto_aim_interfaces/include/auto_aim_interfaces/auto_aim_interfaces/msg/detail/target__traits.hpp
-- Up-to-date: /home/auto/rmvision_ws/install/auto_aim_interfaces/include/auto_aim_interfaces/auto_aim_interfaces/msg/detail/fdb__builder.hpp
-- Up-to-date: /home/auto/rmvision_ws/install/auto_aim_interfaces/include/auto_aim_interfaces/auto_aim_interfaces/msg/detail/debug_bases__type_support.hpp
-- Up-to-date: /home/auto/rmvision_ws/install/auto_aim_interfaces/include/auto_aim_interfaces/auto_aim_interfaces/msg/detail/detections__builder.hpp
-- Up-to-date: /home/auto/rmvision_ws/install/auto_aim_interfaces/include/auto_aim_interfaces/auto_aim_interfaces/msg/detail/key_point2_f__struct.hpp
-- Up-to-date: /home/auto/rmvision_ws/install/auto_aim_interfaces/include/auto_aim_interfaces/auto_aim_interfaces/msg/detail/base__struct.hpp
-- Up-to-date: /home/auto/rmvision_ws/install/auto_aim_interfaces/include/auto_aim_interfaces/auto_aim_interfaces/msg/detail/gimbal_ctrl__struct.hpp
-- Up-to-date: /home/auto/rmvision_ws/install/auto_aim_interfaces/include/auto_aim_interfaces/auto_aim_interfaces/msg/detail/base__traits.hpp
-- Up-to-date: /home/auto/rmvision_ws/install/auto_aim_interfaces/include/auto_aim_interfaces/auto_aim_interfaces/msg/detail/target__type_support.hpp
-- Up-to-date: /home/auto/rmvision_ws/install/auto_aim_interfaces/include/auto_aim_interfaces/auto_aim_interfaces/msg/detail/key_point2_f__builder.hpp
-- Up-to-date: /home/auto/rmvision_ws/install/auto_aim_interfaces/include/auto_aim_interfaces/auto_aim_interfaces/msg/detail/debug_lights__builder.hpp
-- Up-to-date: /home/auto/rmvision_ws/install/auto_aim_interfaces/include/auto_aim_interfaces/auto_aim_interfaces/msg/detail/debug_base__builder.hpp
-- Up-to-date: /home/auto/rmvision_ws/install/auto_aim_interfaces/include/auto_aim_interfaces/auto_aim_interfaces/msg/detail/armors__builder.hpp
-- Up-to-date: /home/auto/rmvision_ws/install/auto_aim_interfaces/include/auto_aim_interfaces/auto_aim_interfaces/msg/detail/debug_light__traits.hpp
-- Up-to-date: /home/auto/rmvision_ws/install/auto_aim_interfaces/include/auto_aim_interfaces/auto_aim_interfaces/msg/detail/key_point_and_float__traits.hpp
-- Up-to-date: /home/auto/rmvision_ws/install/auto_aim_interfaces/include/auto_aim_interfaces/auto_aim_interfaces/msg/detail/gimbal_ctrl__traits.hpp
-- Up-to-date: /home/auto/rmvision_ws/install/auto_aim_interfaces/include/auto_aim_interfaces/auto_aim_interfaces/msg/detail/navi_fdb__builder.hpp
-- Up-to-date: /home/auto/rmvision_ws/install/auto_aim_interfaces/include/auto_aim_interfaces/auto_aim_interfaces/msg/detail/bases__builder.hpp
-- Up-to-date: /home/auto/rmvision_ws/install/auto_aim_interfaces/include/auto_aim_interfaces/auto_aim_interfaces/msg/detail/debug_light__builder.hpp
-- Up-to-date: /home/auto/rmvision_ws/install/auto_aim_interfaces/include/auto_aim_interfaces/auto_aim_interfaces/msg/detail/debug_bases__struct.hpp
-- Up-to-date: /home/auto/rmvision_ws/install/auto_aim_interfaces/include/auto_aim_interfaces/auto_aim_interfaces/msg/detail/debug_base__type_support.hpp
-- Up-to-date: /home/auto/rmvision_ws/install/auto_aim_interfaces/include/auto_aim_interfaces/auto_aim_interfaces/msg/detail/debug_armors__traits.hpp
-- Up-to-date: /home/auto/rmvision_ws/install/auto_aim_interfaces/include/auto_aim_interfaces/auto_aim_interfaces/msg/detail/gimbal_fdb__type_support.hpp
-- Up-to-date: /home/auto/rmvision_ws/install/auto_aim_interfaces/include/auto_aim_interfaces/auto_aim_interfaces/msg/detail/detections__traits.hpp
-- Up-to-date: /home/auto/rmvision_ws/install/auto_aim_interfaces/include/auto_aim_interfaces/auto_aim_interfaces/msg/detail/detection__builder.hpp
-- Up-to-date: /home/auto/rmvision_ws/install/auto_aim_interfaces/include/auto_aim_interfaces/auto_aim_interfaces/msg/detail/key_point2_f__traits.hpp
-- Up-to-date: /home/auto/rmvision_ws/install/auto_aim_interfaces/include/auto_aim_interfaces/auto_aim_interfaces/msg/detail/debug_light__type_support.hpp
-- Up-to-date: /home/auto/rmvision_ws/install/auto_aim_interfaces/include/auto_aim_interfaces/auto_aim_interfaces/msg/detail/tracker_info__traits.hpp
-- Up-to-date: /home/auto/rmvision_ws/install/auto_aim_interfaces/include/auto_aim_interfaces/auto_aim_interfaces/msg/detail/bases__type_support.hpp
-- Up-to-date: /home/auto/rmvision_ws/install/auto_aim_interfaces/include/auto_aim_interfaces/auto_aim_interfaces/msg/detail/gimbal_fdb__builder.hpp
-- Up-to-date: /home/auto/rmvision_ws/install/auto_aim_interfaces/include/auto_aim_interfaces/auto_aim_interfaces/msg/detail/armor__traits.hpp
-- Up-to-date: /home/auto/rmvision_ws/install/auto_aim_interfaces/include/auto_aim_interfaces/auto_aim_interfaces/msg/detail/debug_lights__traits.hpp
-- Up-to-date: /home/auto/rmvision_ws/install/auto_aim_interfaces/include/auto_aim_interfaces/auto_aim_interfaces/msg/detail/key_point2_f__type_support.hpp
-- Up-to-date: /home/auto/rmvision_ws/install/auto_aim_interfaces/include/auto_aim_interfaces/auto_aim_interfaces/msg/detail/debug_lights__struct.hpp
-- Up-to-date: /home/auto/rmvision_ws/install/auto_aim_interfaces/include/auto_aim_interfaces/auto_aim_interfaces/msg/navi_fdb.hpp
-- Up-to-date: /home/auto/rmvision_ws/install/auto_aim_interfaces/include/auto_aim_interfaces/auto_aim_interfaces/msg/debug_armor.hpp
-- Up-to-date: /home/auto/rmvision_ws/install/auto_aim_interfaces/include/auto_aim_interfaces/auto_aim_interfaces/msg/debug_lights.hpp
-- Up-to-date: /home/auto/rmvision_ws/install/auto_aim_interfaces/include/auto_aim_interfaces/auto_aim_interfaces/msg/armor.hpp
-- Up-to-date: /home/auto/rmvision_ws/install/auto_aim_interfaces/include/auto_aim_interfaces/auto_aim_interfaces/msg/detection.hpp
-- Up-to-date: /home/auto/rmvision_ws/install/auto_aim_interfaces/include/auto_aim_interfaces/auto_aim_interfaces
-- Up-to-date: /home/auto/rmvision_ws/install/auto_aim_interfaces/include/auto_aim_interfaces/auto_aim_interfaces/msg
-- Up-to-date: /home/auto/rmvision_ws/install/auto_aim_interfaces/include/auto_aim_interfaces/auto_aim_interfaces/msg/rosidl_typesupport_fastrtps_cpp__visibility_control.h
-- Up-to-date: /home/auto/rmvision_ws/install/auto_aim_interfaces/include/auto_aim_interfaces/auto_aim_interfaces/msg/detail
-- Up-to-date: /home/auto/rmvision_ws/install/auto_aim_interfaces/include/auto_aim_interfaces/auto_aim_interfaces/msg/detail/detections__rosidl_typesupport_fastrtps_cpp.hpp
-- Up-to-date: /home/auto/rmvision_ws/install/auto_aim_interfaces/include/auto_aim_interfaces/auto_aim_interfaces/msg/detail/base__rosidl_typesupport_fastrtps_cpp.hpp
-- Up-to-date: /home/auto/rmvision_ws/install/auto_aim_interfaces/include/auto_aim_interfaces/auto_aim_interfaces/msg/detail/armor__rosidl_typesupport_fastrtps_cpp.hpp
-- Up-to-date: /home/auto/rmvision_ws/install/auto_aim_interfaces/include/auto_aim_interfaces/auto_aim_interfaces/msg/detail/tracker_info__rosidl_typesupport_fastrtps_cpp.hpp
-- Up-to-date: /home/auto/rmvision_ws/install/auto_aim_interfaces/include/auto_aim_interfaces/auto_aim_interfaces/msg/detail/gimbal_ctrl__rosidl_typesupport_fastrtps_cpp.hpp
-- Up-to-date: /home/auto/rmvision_ws/install/auto_aim_interfaces/include/auto_aim_interfaces/auto_aim_interfaces/msg/detail/dds_fastrtps
-- Up-to-date: /home/auto/rmvision_ws/install/auto_aim_interfaces/include/auto_aim_interfaces/auto_aim_interfaces/msg/detail/navi_fdb__rosidl_typesupport_fastrtps_cpp.hpp
-- Up-to-date: /home/auto/rmvision_ws/install/auto_aim_interfaces/include/auto_aim_interfaces/auto_aim_interfaces/msg/detail/fdb__rosidl_typesupport_fastrtps_cpp.hpp
-- Up-to-date: /home/auto/rmvision_ws/install/auto_aim_interfaces/include/auto_aim_interfaces/auto_aim_interfaces/msg/detail/debug_light__rosidl_typesupport_fastrtps_cpp.hpp
-- Up-to-date: /home/auto/rmvision_ws/install/auto_aim_interfaces/include/auto_aim_interfaces/auto_aim_interfaces/msg/detail/gimbal_fdb__rosidl_typesupport_fastrtps_cpp.hpp
-- Up-to-date: /home/auto/rmvision_ws/install/auto_aim_interfaces/include/auto_aim_interfaces/auto_aim_interfaces/msg/detail/debug_armors__rosidl_typesupport_fastrtps_cpp.hpp
-- Up-to-date: /home/auto/rmvision_ws/install/auto_aim_interfaces/include/auto_aim_interfaces/auto_aim_interfaces/msg/detail/debug_armor__rosidl_typesupport_fastrtps_cpp.hpp
-- Up-to-date: /home/auto/rmvision_ws/install/auto_aim_interfaces/include/auto_aim_interfaces/auto_aim_interfaces/msg/detail/detection__rosidl_typesupport_fastrtps_cpp.hpp
-- Up-to-date: /home/auto/rmvision_ws/install/auto_aim_interfaces/include/auto_aim_interfaces/auto_aim_interfaces/msg/detail/debug_lights__rosidl_typesupport_fastrtps_cpp.hpp
-- Up-to-date: /home/auto/rmvision_ws/install/auto_aim_interfaces/include/auto_aim_interfaces/auto_aim_interfaces/msg/detail/target__rosidl_typesupport_fastrtps_cpp.hpp
-- Up-to-date: /home/auto/rmvision_ws/install/auto_aim_interfaces/include/auto_aim_interfaces/auto_aim_interfaces/msg/detail/debug_bases__rosidl_typesupport_fastrtps_cpp.hpp
-- Up-to-date: /home/auto/rmvision_ws/install/auto_aim_interfaces/include/auto_aim_interfaces/auto_aim_interfaces/msg/detail/key_point2_f__rosidl_typesupport_fastrtps_cpp.hpp
-- Up-to-date: /home/auto/rmvision_ws/install/auto_aim_interfaces/include/auto_aim_interfaces/auto_aim_interfaces/msg/detail/debug_base__rosidl_typesupport_fastrtps_cpp.hpp
-- Up-to-date: /home/auto/rmvision_ws/install/auto_aim_interfaces/include/auto_aim_interfaces/auto_aim_interfaces/msg/detail/bases__rosidl_typesupport_fastrtps_cpp.hpp
-- Up-to-date: /home/auto/rmvision_ws/install/auto_aim_interfaces/include/auto_aim_interfaces/auto_aim_interfaces/msg/detail/armors__rosidl_typesupport_fastrtps_cpp.hpp
-- Up-to-date: /home/auto/rmvision_ws/install/auto_aim_interfaces/include/auto_aim_interfaces/auto_aim_interfaces/msg/detail/key_point_and_float__rosidl_typesupport_fastrtps_cpp.hpp
-- Up-to-date: /home/auto/rmvision_ws/install/auto_aim_interfaces/lib/libauto_aim_interfaces__rosidl_typesupport_fastrtps_cpp.so
-- Up-to-date: /home/auto/rmvision_ws/install/auto_aim_interfaces/include/auto_aim_interfaces/auto_aim_interfaces
-- Up-to-date: /home/auto/rmvision_ws/install/auto_aim_interfaces/include/auto_aim_interfaces/auto_aim_interfaces/msg
-- Up-to-date: /home/auto/rmvision_ws/install/auto_aim_interfaces/include/auto_aim_interfaces/auto_aim_interfaces/msg/detail
-- Up-to-date: /home/auto/rmvision_ws/install/auto_aim_interfaces/include/auto_aim_interfaces/auto_aim_interfaces/msg/detail/navi_fdb__rosidl_typesupport_introspection_cpp.hpp
-- Up-to-date: /home/auto/rmvision_ws/install/auto_aim_interfaces/include/auto_aim_interfaces/auto_aim_interfaces/msg/detail/armors__type_support.cpp
-- Up-to-date: /home/auto/rmvision_ws/install/auto_aim_interfaces/include/auto_aim_interfaces/auto_aim_interfaces/msg/detail/detections__rosidl_typesupport_introspection_cpp.hpp
-- Up-to-date: /home/auto/rmvision_ws/install/auto_aim_interfaces/include/auto_aim_interfaces/auto_aim_interfaces/msg/detail/target__type_support.cpp
-- Up-to-date: /home/auto/rmvision_ws/install/auto_aim_interfaces/include/auto_aim_interfaces/auto_aim_interfaces/msg/detail/debug_base__type_support.cpp
-- Up-to-date: /home/auto/rmvision_ws/install/auto_aim_interfaces/include/auto_aim_interfaces/auto_aim_interfaces/msg/detail/debug_bases__type_support.cpp
-- Up-to-date: /home/auto/rmvision_ws/install/auto_aim_interfaces/include/auto_aim_interfaces/auto_aim_interfaces/msg/detail/detection__type_support.cpp
-- Up-to-date: /home/auto/rmvision_ws/install/auto_aim_interfaces/include/auto_aim_interfaces/auto_aim_interfaces/msg/detail/gimbal_ctrl__type_support.cpp
-- Up-to-date: /home/auto/rmvision_ws/install/auto_aim_interfaces/include/auto_aim_interfaces/auto_aim_interfaces/msg/detail/gimbal_ctrl__rosidl_typesupport_introspection_cpp.hpp
-- Up-to-date: /home/auto/rmvision_ws/install/auto_aim_interfaces/include/auto_aim_interfaces/auto_aim_interfaces/msg/detail/detection__rosidl_typesupport_introspection_cpp.hpp
-- Up-to-date: /home/auto/rmvision_ws/install/auto_aim_interfaces/include/auto_aim_interfaces/auto_aim_interfaces/msg/detail/base__type_support.cpp
-- Up-to-date: /home/auto/rmvision_ws/install/auto_aim_interfaces/include/auto_aim_interfaces/auto_aim_interfaces/msg/detail/debug_base__rosidl_typesupport_introspection_cpp.hpp
-- Up-to-date: /home/auto/rmvision_ws/install/auto_aim_interfaces/include/auto_aim_interfaces/auto_aim_interfaces/msg/detail/debug_light__rosidl_typesupport_introspection_cpp.hpp
-- Up-to-date: /home/auto/rmvision_ws/install/auto_aim_interfaces/include/auto_aim_interfaces/auto_aim_interfaces/msg/detail/debug_armor__rosidl_typesupport_introspection_cpp.hpp
-- Up-to-date: /home/auto/rmvision_ws/install/auto_aim_interfaces/include/auto_aim_interfaces/auto_aim_interfaces/msg/detail/key_point2_f__type_support.cpp
-- Up-to-date: /home/auto/rmvision_ws/install/auto_aim_interfaces/include/auto_aim_interfaces/auto_aim_interfaces/msg/detail/target__rosidl_typesupport_introspection_cpp.hpp
-- Up-to-date: /home/auto/rmvision_ws/install/auto_aim_interfaces/include/auto_aim_interfaces/auto_aim_interfaces/msg/detail/armor__type_support.cpp
-- Up-to-date: /home/auto/rmvision_ws/install/auto_aim_interfaces/include/auto_aim_interfaces/auto_aim_interfaces/msg/detail/armors__rosidl_typesupport_introspection_cpp.hpp
-- Up-to-date: /home/auto/rmvision_ws/install/auto_aim_interfaces/include/auto_aim_interfaces/auto_aim_interfaces/msg/detail/debug_armors__rosidl_typesupport_introspection_cpp.hpp
-- Up-to-date: /home/auto/rmvision_ws/install/auto_aim_interfaces/include/auto_aim_interfaces/auto_aim_interfaces/msg/detail/tracker_info__type_support.cpp
-- Up-to-date: /home/auto/rmvision_ws/install/auto_aim_interfaces/include/auto_aim_interfaces/auto_aim_interfaces/msg/detail/detections__type_support.cpp
-- Up-to-date: /home/auto/rmvision_ws/install/auto_aim_interfaces/include/auto_aim_interfaces/auto_aim_interfaces/msg/detail/bases__type_support.cpp
-- Up-to-date: /home/auto/rmvision_ws/install/auto_aim_interfaces/include/auto_aim_interfaces/auto_aim_interfaces/msg/detail/debug_light__type_support.cpp
-- Up-to-date: /home/auto/rmvision_ws/install/auto_aim_interfaces/include/auto_aim_interfaces/auto_aim_interfaces/msg/detail/debug_lights__rosidl_typesupport_introspection_cpp.hpp
-- Up-to-date: /home/auto/rmvision_ws/install/auto_aim_interfaces/include/auto_aim_interfaces/auto_aim_interfaces/msg/detail/gimbal_fdb__rosidl_typesupport_introspection_cpp.hpp
-- Up-to-date: /home/auto/rmvision_ws/install/auto_aim_interfaces/include/auto_aim_interfaces/auto_aim_interfaces/msg/detail/tracker_info__rosidl_typesupport_introspection_cpp.hpp
-- Up-to-date: /home/auto/rmvision_ws/install/auto_aim_interfaces/include/auto_aim_interfaces/auto_aim_interfaces/msg/detail/key_point_and_float__type_support.cpp
-- Up-to-date: /home/auto/rmvision_ws/install/auto_aim_interfaces/include/auto_aim_interfaces/auto_aim_interfaces/msg/detail/key_point2_f__rosidl_typesupport_introspection_cpp.hpp
-- Up-to-date: /home/auto/rmvision_ws/install/auto_aim_interfaces/include/auto_aim_interfaces/auto_aim_interfaces/msg/detail/debug_bases__rosidl_typesupport_introspection_cpp.hpp
-- Up-to-date: /home/auto/rmvision_ws/install/auto_aim_interfaces/include/auto_aim_interfaces/auto_aim_interfaces/msg/detail/gimbal_fdb__type_support.cpp
-- Up-to-date: /home/auto/rmvision_ws/install/auto_aim_interfaces/include/auto_aim_interfaces/auto_aim_interfaces/msg/detail/debug_armors__type_support.cpp
-- Up-to-date: /home/auto/rmvision_ws/install/auto_aim_interfaces/include/auto_aim_interfaces/auto_aim_interfaces/msg/detail/armor__rosidl_typesupport_introspection_cpp.hpp
-- Up-to-date: /home/auto/rmvision_ws/install/auto_aim_interfaces/include/auto_aim_interfaces/auto_aim_interfaces/msg/detail/key_point_and_float__rosidl_typesupport_introspection_cpp.hpp
-- Up-to-date: /home/auto/rmvision_ws/install/auto_aim_interfaces/include/auto_aim_interfaces/auto_aim_interfaces/msg/detail/debug_armor__type_support.cpp
-- Up-to-date: /home/auto/rmvision_ws/install/auto_aim_interfaces/include/auto_aim_interfaces/auto_aim_interfaces/msg/detail/navi_fdb__type_support.cpp
-- Up-to-date: /home/auto/rmvision_ws/install/auto_aim_interfaces/include/auto_aim_interfaces/auto_aim_interfaces/msg/detail/fdb__rosidl_typesupport_introspection_cpp.hpp
-- Up-to-date: /home/auto/rmvision_ws/install/auto_aim_interfaces/include/auto_aim_interfaces/auto_aim_interfaces/msg/detail/fdb__type_support.cpp
-- Up-to-date: /home/auto/rmvision_ws/install/auto_aim_interfaces/include/auto_aim_interfaces/auto_aim_interfaces/msg/detail/bases__rosidl_typesupport_introspection_cpp.hpp
-- Up-to-date: /home/auto/rmvision_ws/install/auto_aim_interfaces/include/auto_aim_interfaces/auto_aim_interfaces/msg/detail/base__rosidl_typesupport_introspection_cpp.hpp
-- Up-to-date: /home/auto/rmvision_ws/install/auto_aim_interfaces/include/auto_aim_interfaces/auto_aim_interfaces/msg/detail/debug_lights__type_support.cpp
-- Up-to-date: /home/auto/rmvision_ws/install/auto_aim_interfaces/lib/libauto_aim_interfaces__rosidl_typesupport_introspection_cpp.so
-- Up-to-date: /home/auto/rmvision_ws/install/auto_aim_interfaces/lib/libauto_aim_interfaces__rosidl_typesupport_cpp.so
-- Up-to-date: /home/auto/rmvision_ws/install/auto_aim_interfaces/share/auto_aim_interfaces/environment/pythonpath.sh
-- Up-to-date: /home/auto/rmvision_ws/install/auto_aim_interfaces/share/auto_aim_interfaces/environment/pythonpath.dsv
-- Up-to-date: /home/auto/rmvision_ws/install/auto_aim_interfaces/local/lib/python3.10/dist-packages/auto_aim_interfaces-0.0.0-py3.10.egg-info
-- Installing: /home/auto/rmvision_ws/install/auto_aim_interfaces/local/lib/python3.10/dist-packages/auto_aim_interfaces-0.0.0-py3.10.egg-info/dependency_links.txt
-- Installing: /home/auto/rmvision_ws/install/auto_aim_interfaces/local/lib/python3.10/dist-packages/auto_aim_interfaces-0.0.0-py3.10.egg-info/PKG-INFO
-- Installing: /home/auto/rmvision_ws/install/auto_aim_interfaces/local/lib/python3.10/dist-packages/auto_aim_interfaces-0.0.0-py3.10.egg-info/SOURCES.txt
-- Installing: /home/auto/rmvision_ws/install/auto_aim_interfaces/local/lib/python3.10/dist-packages/auto_aim_interfaces-0.0.0-py3.10.egg-info/top_level.txt
-- Up-to-date: /home/auto/rmvision_ws/install/auto_aim_interfaces/local/lib/python3.10/dist-packages/auto_aim_interfaces
-- Up-to-date: /home/auto/rmvision_ws/install/auto_aim_interfaces/local/lib/python3.10/dist-packages/auto_aim_interfaces/libauto_aim_interfaces__rosidl_generator_py.so
-- Up-to-date: /home/auto/rmvision_ws/install/auto_aim_interfaces/local/lib/python3.10/dist-packages/auto_aim_interfaces/__init__.py
-- Up-to-date: /home/auto/rmvision_ws/install/auto_aim_interfaces/local/lib/python3.10/dist-packages/auto_aim_interfaces/_auto_aim_interfaces_s.ep.rosidl_typesupport_c.c
-- Up-to-date: /home/auto/rmvision_ws/install/auto_aim_interfaces/local/lib/python3.10/dist-packages/auto_aim_interfaces/auto_aim_interfaces_s__rosidl_typesupport_introspection_c.cpython-310-x86_64-linux-gnu.so
-- Up-to-date: /home/auto/rmvision_ws/install/auto_aim_interfaces/local/lib/python3.10/dist-packages/auto_aim_interfaces/auto_aim_interfaces_s__rosidl_typesupport_fastrtps_c.cpython-310-x86_64-linux-gnu.so
-- Up-to-date: /home/auto/rmvision_ws/install/auto_aim_interfaces/local/lib/python3.10/dist-packages/auto_aim_interfaces/auto_aim_interfaces_s__rosidl_typesupport_c.cpython-310-x86_64-linux-gnu.so
-- Up-to-date: /home/auto/rmvision_ws/install/auto_aim_interfaces/local/lib/python3.10/dist-packages/auto_aim_interfaces/msg
-- Up-to-date: /home/auto/rmvision_ws/install/auto_aim_interfaces/local/lib/python3.10/dist-packages/auto_aim_interfaces/msg/_armor_s.c
-- Up-to-date: /home/auto/rmvision_ws/install/auto_aim_interfaces/local/lib/python3.10/dist-packages/auto_aim_interfaces/msg/_detections.py
-- Up-to-date: /home/auto/rmvision_ws/install/auto_aim_interfaces/local/lib/python3.10/dist-packages/auto_aim_interfaces/msg/_gimbal_ctrl_s.c
-- Up-to-date: /home/auto/rmvision_ws/install/auto_aim_interfaces/local/lib/python3.10/dist-packages/auto_aim_interfaces/msg/_debug_base.py
-- Up-to-date: /home/auto/rmvision_ws/install/auto_aim_interfaces/local/lib/python3.10/dist-packages/auto_aim_interfaces/msg/_key_point2_f.py
-- Up-to-date: /home/auto/rmvision_ws/install/auto_aim_interfaces/local/lib/python3.10/dist-packages/auto_aim_interfaces/msg/_debug_lights.py
-- Up-to-date: /home/auto/rmvision_ws/install/auto_aim_interfaces/local/lib/python3.10/dist-packages/auto_aim_interfaces/msg/_target.py
-- Up-to-date: /home/auto/rmvision_ws/install/auto_aim_interfaces/local/lib/python3.10/dist-packages/auto_aim_interfaces/msg/_armors.py
-- Up-to-date: /home/auto/rmvision_ws/install/auto_aim_interfaces/local/lib/python3.10/dist-packages/auto_aim_interfaces/msg/_debug_armor.py
-- Up-to-date: /home/auto/rmvision_ws/install/auto_aim_interfaces/local/lib/python3.10/dist-packages/auto_aim_interfaces/msg/_tracker_info_s.c
-- Up-to-date: /home/auto/rmvision_ws/install/auto_aim_interfaces/local/lib/python3.10/dist-packages/auto_aim_interfaces/msg/_fdb.py
-- Up-to-date: /home/auto/rmvision_ws/install/auto_aim_interfaces/local/lib/python3.10/dist-packages/auto_aim_interfaces/msg/_bases_s.c
-- Up-to-date: /home/auto/rmvision_ws/install/auto_aim_interfaces/local/lib/python3.10/dist-packages/auto_aim_interfaces/msg/__init__.py
-- Up-to-date: /home/auto/rmvision_ws/install/auto_aim_interfaces/local/lib/python3.10/dist-packages/auto_aim_interfaces/msg/_detection.py
-- Up-to-date: /home/auto/rmvision_ws/install/auto_aim_interfaces/local/lib/python3.10/dist-packages/auto_aim_interfaces/msg/_debug_armors_s.c
-- Up-to-date: /home/auto/rmvision_ws/install/auto_aim_interfaces/local/lib/python3.10/dist-packages/auto_aim_interfaces/msg/_debug_light.py
-- Up-to-date: /home/auto/rmvision_ws/install/auto_aim_interfaces/local/lib/python3.10/dist-packages/auto_aim_interfaces/msg/_key_point_and_float.py
-- Up-to-date: /home/auto/rmvision_ws/install/auto_aim_interfaces/local/lib/python3.10/dist-packages/auto_aim_interfaces/msg/_key_point_and_float_s.c
-- Up-to-date: /home/auto/rmvision_ws/install/auto_aim_interfaces/local/lib/python3.10/dist-packages/auto_aim_interfaces/msg/_gimbal_fdb_s.c
-- Up-to-date: /home/auto/rmvision_ws/install/auto_aim_interfaces/local/lib/python3.10/dist-packages/auto_aim_interfaces/msg/_detections_s.c
-- Up-to-date: /home/auto/rmvision_ws/install/auto_aim_interfaces/local/lib/python3.10/dist-packages/auto_aim_interfaces/msg/_debug_base_s.c
-- Up-to-date: /home/auto/rmvision_ws/install/auto_aim_interfaces/local/lib/python3.10/dist-packages/auto_aim_interfaces/msg/_fdb_s.c
-- Up-to-date: /home/auto/rmvision_ws/install/auto_aim_interfaces/local/lib/python3.10/dist-packages/auto_aim_interfaces/msg/_debug_lights_s.c
-- Up-to-date: /home/auto/rmvision_ws/install/auto_aim_interfaces/local/lib/python3.10/dist-packages/auto_aim_interfaces/msg/_base.py
-- Up-to-date: /home/auto/rmvision_ws/install/auto_aim_interfaces/local/lib/python3.10/dist-packages/auto_aim_interfaces/msg/_debug_bases_s.c
-- Up-to-date: /home/auto/rmvision_ws/install/auto_aim_interfaces/local/lib/python3.10/dist-packages/auto_aim_interfaces/msg/_debug_light_s.c
-- Up-to-date: /home/auto/rmvision_ws/install/auto_aim_interfaces/local/lib/python3.10/dist-packages/auto_aim_interfaces/msg/_debug_armor_s.c
-- Up-to-date: /home/auto/rmvision_ws/install/auto_aim_interfaces/local/lib/python3.10/dist-packages/auto_aim_interfaces/msg/_base_s.c
-- Up-to-date: /home/auto/rmvision_ws/install/auto_aim_interfaces/local/lib/python3.10/dist-packages/auto_aim_interfaces/msg/_gimbal_ctrl.py
-- Up-to-date: /home/auto/rmvision_ws/install/auto_aim_interfaces/local/lib/python3.10/dist-packages/auto_aim_interfaces/msg/_armor.py
-- Up-to-date: /home/auto/rmvision_ws/install/auto_aim_interfaces/local/lib/python3.10/dist-packages/auto_aim_interfaces/msg/_debug_bases.py
-- Up-to-date: /home/auto/rmvision_ws/install/auto_aim_interfaces/local/lib/python3.10/dist-packages/auto_aim_interfaces/msg/_tracker_info.py
-- Up-to-date: /home/auto/rmvision_ws/install/auto_aim_interfaces/local/lib/python3.10/dist-packages/auto_aim_interfaces/msg/_debug_armors.py
-- Up-to-date: /home/auto/rmvision_ws/install/auto_aim_interfaces/local/lib/python3.10/dist-packages/auto_aim_interfaces/msg/_navi_fdb_s.c
-- Up-to-date: /home/auto/rmvision_ws/install/auto_aim_interfaces/local/lib/python3.10/dist-packages/auto_aim_interfaces/msg/_detection_s.c
-- Up-to-date: /home/auto/rmvision_ws/install/auto_aim_interfaces/local/lib/python3.10/dist-packages/auto_aim_interfaces/msg/_bases.py
-- Up-to-date: /home/auto/rmvision_ws/install/auto_aim_interfaces/local/lib/python3.10/dist-packages/auto_aim_interfaces/msg/_armors_s.c
-- Up-to-date: /home/auto/rmvision_ws/install/auto_aim_interfaces/local/lib/python3.10/dist-packages/auto_aim_interfaces/msg/_key_point2_f_s.c
-- Up-to-date: /home/auto/rmvision_ws/install/auto_aim_interfaces/local/lib/python3.10/dist-packages/auto_aim_interfaces/msg/_navi_fdb.py
-- Up-to-date: /home/auto/rmvision_ws/install/auto_aim_interfaces/local/lib/python3.10/dist-packages/auto_aim_interfaces/msg/_target_s.c
-- Up-to-date: /home/auto/rmvision_ws/install/auto_aim_interfaces/local/lib/python3.10/dist-packages/auto_aim_interfaces/msg/_gimbal_fdb.py
-- Up-to-date: /home/auto/rmvision_ws/install/auto_aim_interfaces/local/lib/python3.10/dist-packages/auto_aim_interfaces/_auto_aim_interfaces_s.ep.rosidl_typesupport_fastrtps_c.c
-- Up-to-date: /home/auto/rmvision_ws/install/auto_aim_interfaces/local/lib/python3.10/dist-packages/auto_aim_interfaces/_auto_aim_interfaces_s.ep.rosidl_typesupport_introspection_c.c
Listing '/home/auto/rmvision_ws/install/auto_aim_interfaces/local/lib/python3.10/dist-packages/auto_aim_interfaces'...
Listing '/home/auto/rmvision_ws/install/auto_aim_interfaces/local/lib/python3.10/dist-packages/auto_aim_interfaces/msg'...
-- Up-to-date: /home/auto/rmvision_ws/install/auto_aim_interfaces/local/lib/python3.10/dist-packages/auto_aim_interfaces/auto_aim_interfaces_s__rosidl_typesupport_fastrtps_c.cpython-310-x86_64-linux-gnu.so
-- Up-to-date: /home/auto/rmvision_ws/install/auto_aim_interfaces/local/lib/python3.10/dist-packages/auto_aim_interfaces/auto_aim_interfaces_s__rosidl_typesupport_introspection_c.cpython-310-x86_64-linux-gnu.so
-- Up-to-date: /home/auto/rmvision_ws/install/auto_aim_interfaces/local/lib/python3.10/dist-packages/auto_aim_interfaces/auto_aim_interfaces_s__rosidl_typesupport_c.cpython-310-x86_64-linux-gnu.so
-- Up-to-date: /home/auto/rmvision_ws/install/auto_aim_interfaces/lib/libauto_aim_interfaces__rosidl_generator_py.so
-- Up-to-date: /home/auto/rmvision_ws/install/auto_aim_interfaces/share/auto_aim_interfaces/msg/Armor.idl
-- Up-to-date: /home/auto/rmvision_ws/install/auto_aim_interfaces/share/auto_aim_interfaces/msg/Armors.idl
-- Up-to-date: /home/auto/rmvision_ws/install/auto_aim_interfaces/share/auto_aim_interfaces/msg/Target.idl
-- Up-to-date: /home/auto/rmvision_ws/install/auto_aim_interfaces/share/auto_aim_interfaces/msg/Base.idl
-- Up-to-date: /home/auto/rmvision_ws/install/auto_aim_interfaces/share/auto_aim_interfaces/msg/Bases.idl
-- Up-to-date: /home/auto/rmvision_ws/install/auto_aim_interfaces/share/auto_aim_interfaces/msg/DebugLight.idl
-- Up-to-date: /home/auto/rmvision_ws/install/auto_aim_interfaces/share/auto_aim_interfaces/msg/DebugLights.idl
-- Up-to-date: /home/auto/rmvision_ws/install/auto_aim_interfaces/share/auto_aim_interfaces/msg/DebugArmor.idl
-- Up-to-date: /home/auto/rmvision_ws/install/auto_aim_interfaces/share/auto_aim_interfaces/msg/DebugArmors.idl
-- Up-to-date: /home/auto/rmvision_ws/install/auto_aim_interfaces/share/auto_aim_interfaces/msg/DebugBase.idl
-- Up-to-date: /home/auto/rmvision_ws/install/auto_aim_interfaces/share/auto_aim_interfaces/msg/DebugBases.idl
-- Up-to-date: /home/auto/rmvision_ws/install/auto_aim_interfaces/share/auto_aim_interfaces/msg/TrackerInfo.idl
-- Up-to-date: /home/auto/rmvision_ws/install/auto_aim_interfaces/share/auto_aim_interfaces/msg/GimbalCtrl.idl
-- Up-to-date: /home/auto/rmvision_ws/install/auto_aim_interfaces/share/auto_aim_interfaces/msg/GimbalFdb.idl
-- Up-to-date: /home/auto/rmvision_ws/install/auto_aim_interfaces/share/auto_aim_interfaces/msg/NaviFdb.idl
-- Up-to-date: /home/auto/rmvision_ws/install/auto_aim_interfaces/share/auto_aim_interfaces/msg/KeyPoint2F.idl
-- Up-to-date: /home/auto/rmvision_ws/install/auto_aim_interfaces/share/auto_aim_interfaces/msg/KeyPointAndFloat.idl
-- Up-to-date: /home/auto/rmvision_ws/install/auto_aim_interfaces/share/auto_aim_interfaces/msg/Detection.idl
-- Up-to-date: /home/auto/rmvision_ws/install/auto_aim_interfaces/share/auto_aim_interfaces/msg/Detections.idl
-- Up-to-date: /home/auto/rmvision_ws/install/auto_aim_interfaces/share/auto_aim_interfaces/msg/Fdb.idl
-- Up-to-date: /home/auto/rmvision_ws/install/auto_aim_interfaces/share/auto_aim_interfaces/msg/Armor.msg
-- Up-to-date: /home/auto/rmvision_ws/install/auto_aim_interfaces/share/auto_aim_interfaces/msg/Armors.msg
-- Up-to-date: /home/auto/rmvision_ws/install/auto_aim_interfaces/share/auto_aim_interfaces/msg/Target.msg
-- Up-to-date: /home/auto/rmvision_ws/install/auto_aim_interfaces/share/auto_aim_interfaces/msg/Base.msg
-- Up-to-date: /home/auto/rmvision_ws/install/auto_aim_interfaces/share/auto_aim_interfaces/msg/Bases.msg
-- Up-to-date: /home/auto/rmvision_ws/install/auto_aim_interfaces/share/auto_aim_interfaces/msg/DebugLight.msg
-- Up-to-date: /home/auto/rmvision_ws/install/auto_aim_interfaces/share/auto_aim_interfaces/msg/DebugLights.msg
-- Up-to-date: /home/auto/rmvision_ws/install/auto_aim_interfaces/share/auto_aim_interfaces/msg/DebugArmor.msg
-- Up-to-date: /home/auto/rmvision_ws/install/auto_aim_interfaces/share/auto_aim_interfaces/msg/DebugArmors.msg
-- Up-to-date: /home/auto/rmvision_ws/install/auto_aim_interfaces/share/auto_aim_interfaces/msg/DebugBase.msg
-- Up-to-date: /home/auto/rmvision_ws/install/auto_aim_interfaces/share/auto_aim_interfaces/msg/DebugBases.msg
-- Up-to-date: /home/auto/rmvision_ws/install/auto_aim_interfaces/share/auto_aim_interfaces/msg/TrackerInfo.msg
-- Up-to-date: /home/auto/rmvision_ws/install/auto_aim_interfaces/share/auto_aim_interfaces/msg/GimbalCtrl.msg
-- Up-to-date: /home/auto/rmvision_ws/install/auto_aim_interfaces/share/auto_aim_interfaces/msg/GimbalFdb.msg
-- Up-to-date: /home/auto/rmvision_ws/install/auto_aim_interfaces/share/auto_aim_interfaces/msg/NaviFdb.msg
-- Up-to-date: /home/auto/rmvision_ws/install/auto_aim_interfaces/share/auto_aim_interfaces/msg/KeyPoint2F.msg
-- Up-to-date: /home/auto/rmvision_ws/install/auto_aim_interfaces/share/auto_aim_interfaces/msg/KeyPointAndFloat.msg
-- Up-to-date: /home/auto/rmvision_ws/install/auto_aim_interfaces/share/auto_aim_interfaces/msg/Detection.msg
-- Up-to-date: /home/auto/rmvision_ws/install/auto_aim_interfaces/share/auto_aim_interfaces/msg/Detections.msg
-- Up-to-date: /home/auto/rmvision_ws/install/auto_aim_interfaces/share/auto_aim_interfaces/msg/Fdb.msg
-- Up-to-date: /home/auto/rmvision_ws/install/auto_aim_interfaces/share/ament_index/resource_index/package_run_dependencies/auto_aim_interfaces
-- Up-to-date: /home/auto/rmvision_ws/install/auto_aim_interfaces/share/ament_index/resource_index/parent_prefix_path/auto_aim_interfaces
-- Up-to-date: /home/auto/rmvision_ws/install/auto_aim_interfaces/share/auto_aim_interfaces/environment/ament_prefix_path.sh
-- Up-to-date: /home/auto/rmvision_ws/install/auto_aim_interfaces/share/auto_aim_interfaces/environment/ament_prefix_path.dsv
-- Up-to-date: /home/auto/rmvision_ws/install/auto_aim_interfaces/share/auto_aim_interfaces/environment/path.sh
-- Up-to-date: /home/auto/rmvision_ws/install/auto_aim_interfaces/share/auto_aim_interfaces/environment/path.dsv
-- Up-to-date: /home/auto/rmvision_ws/install/auto_aim_interfaces/share/auto_aim_interfaces/local_setup.bash
-- Up-to-date: /home/auto/rmvision_ws/install/auto_aim_interfaces/share/auto_aim_interfaces/local_setup.sh
-- Up-to-date: /home/auto/rmvision_ws/install/auto_aim_interfaces/share/auto_aim_interfaces/local_setup.zsh
-- Up-to-date: /home/auto/rmvision_ws/install/auto_aim_interfaces/share/auto_aim_interfaces/local_setup.dsv
-- Installing: /home/auto/rmvision_ws/install/auto_aim_interfaces/share/auto_aim_interfaces/package.dsv
-- Up-to-date: /home/auto/rmvision_ws/install/auto_aim_interfaces/share/ament_index/resource_index/packages/auto_aim_interfaces
-- Up-to-date: /home/auto/rmvision_ws/install/auto_aim_interfaces/share/auto_aim_interfaces/cmake/export_auto_aim_interfaces__rosidl_generator_cExport.cmake
-- Up-to-date: /home/auto/rmvision_ws/install/auto_aim_interfaces/share/auto_aim_interfaces/cmake/export_auto_aim_interfaces__rosidl_generator_cExport-noconfig.cmake
-- Up-to-date: /home/auto/rmvision_ws/install/auto_aim_interfaces/share/auto_aim_interfaces/cmake/export_auto_aim_interfaces__rosidl_typesupport_fastrtps_cExport.cmake
-- Up-to-date: /home/auto/rmvision_ws/install/auto_aim_interfaces/share/auto_aim_interfaces/cmake/export_auto_aim_interfaces__rosidl_typesupport_fastrtps_cExport-noconfig.cmake
-- Up-to-date: /home/auto/rmvision_ws/install/auto_aim_interfaces/share/auto_aim_interfaces/cmake/auto_aim_interfaces__rosidl_typesupport_introspection_cExport.cmake
-- Up-to-date: /home/auto/rmvision_ws/install/auto_aim_interfaces/share/auto_aim_interfaces/cmake/auto_aim_interfaces__rosidl_typesupport_introspection_cExport-noconfig.cmake
-- Up-to-date: /home/auto/rmvision_ws/install/auto_aim_interfaces/share/auto_aim_interfaces/cmake/auto_aim_interfaces__rosidl_typesupport_cExport.cmake
-- Up-to-date: /home/auto/rmvision_ws/install/auto_aim_interfaces/share/auto_aim_interfaces/cmake/auto_aim_interfaces__rosidl_typesupport_cExport-noconfig.cmake
-- Up-to-date: /home/auto/rmvision_ws/install/auto_aim_interfaces/share/auto_aim_interfaces/cmake/export_auto_aim_interfaces__rosidl_generator_cppExport.cmake
-- Up-to-date: /home/auto/rmvision_ws/install/auto_aim_interfaces/share/auto_aim_interfaces/cmake/export_auto_aim_interfaces__rosidl_typesupport_fastrtps_cppExport.cmake
-- Up-to-date: /home/auto/rmvision_ws/install/auto_aim_interfaces/share/auto_aim_interfaces/cmake/export_auto_aim_interfaces__rosidl_typesupport_fastrtps_cppExport-noconfig.cmake
-- Up-to-date: /home/auto/rmvision_ws/install/auto_aim_interfaces/share/auto_aim_interfaces/cmake/auto_aim_interfaces__rosidl_typesupport_introspection_cppExport.cmake
-- Up-to-date: /home/auto/rmvision_ws/install/auto_aim_interfaces/share/auto_aim_interfaces/cmake/auto_aim_interfaces__rosidl_typesupport_introspection_cppExport-noconfig.cmake
-- Up-to-date: /home/auto/rmvision_ws/install/auto_aim_interfaces/share/auto_aim_interfaces/cmake/auto_aim_interfaces__rosidl_typesupport_cppExport.cmake
-- Up-to-date: /home/auto/rmvision_ws/install/auto_aim_interfaces/share/auto_aim_interfaces/cmake/auto_aim_interfaces__rosidl_typesupport_cppExport-noconfig.cmake
-- Up-to-date: /home/auto/rmvision_ws/install/auto_aim_interfaces/share/auto_aim_interfaces/cmake/export_auto_aim_interfaces__rosidl_generator_pyExport.cmake
-- Up-to-date: /home/auto/rmvision_ws/install/auto_aim_interfaces/share/auto_aim_interfaces/cmake/export_auto_aim_interfaces__rosidl_generator_pyExport-noconfig.cmake
-- Up-to-date: /home/auto/rmvision_ws/install/auto_aim_interfaces/share/auto_aim_interfaces/cmake/rosidl_cmake-extras.cmake
-- Up-to-date: /home/auto/rmvision_ws/install/auto_aim_interfaces/share/auto_aim_interfaces/cmake/ament_cmake_export_dependencies-extras.cmake
-- Up-to-date: /home/auto/rmvision_ws/install/auto_aim_interfaces/share/auto_aim_interfaces/cmake/ament_cmake_export_include_directories-extras.cmake
-- Up-to-date: /home/auto/rmvision_ws/install/auto_aim_interfaces/share/auto_aim_interfaces/cmake/ament_cmake_export_libraries-extras.cmake
-- Up-to-date: /home/auto/rmvision_ws/install/auto_aim_interfaces/share/auto_aim_interfaces/cmake/ament_cmake_export_targets-extras.cmake
-- Up-to-date: /home/auto/rmvision_ws/install/auto_aim_interfaces/share/auto_aim_interfaces/cmake/rosidl_cmake_export_typesupport_targets-extras.cmake
-- Up-to-date: /home/auto/rmvision_ws/install/auto_aim_interfaces/share/auto_aim_interfaces/cmake/rosidl_cmake_export_typesupport_libraries-extras.cmake
-- Up-to-date: /home/auto/rmvision_ws/install/auto_aim_interfaces/share/auto_aim_interfaces/cmake/auto_aim_interfacesConfig.cmake
-- Up-to-date: /home/auto/rmvision_ws/install/auto_aim_interfaces/share/auto_aim_interfaces/cmake/auto_aim_interfacesConfig-version.cmake
-- Up-to-date: /home/auto/rmvision_ws/install/auto_aim_interfaces/share/auto_aim_interfaces/package.xml
