[0.007s] Invoking command in '/home/auto/rmvision_ws/build/rm_vision_bringup': CMAKE_PREFIX_PATH=${CMAKE_PREFIX_PATH}:/opt/ros/humble /usr/local/bin/cmake /home/auto/rmvision_ws/src/rm_vision/rm_vision_bringup -DCMAKE_INSTALL_PREFIX=/home/auto/rmvision_ws/install/rm_vision_bringup
[0.072s] -- The C compiler identification is GNU 11.4.0
[0.111s] -- The CXX compiler identification is GNU 11.4.0
[0.121s] -- Detecting C compiler ABI info
[0.165s] -- Detecting C compiler ABI info - done
[0.170s] -- Check for working C compiler: /usr/bin/cc - skipped
[0.170s] -- Detecting C compile features
[0.171s] -- Detecting C compile features - done
[0.174s] -- Detecting CXX compiler ABI info
[0.226s] -- Detecting CXX compiler ABI info - done
[0.233s] -- Check for working CXX compiler: /usr/bin/c++ - skipped
[0.233s] -- Detecting CXX compile features
[0.233s] -- Detecting CXX compile features - done
[0.234s] -- Found ament_cmake_auto: 1.3.11 (/opt/ros/humble/share/ament_cmake_auto/cmake)
[0.315s] -- Found Python3: /usr/bin/python3 (found version "3.10.12") found components: Interpreter 
[0.377s] -- Found ament_lint_auto: 0.12.12 (/opt/ros/humble/share/ament_lint_auto/cmake)
[0.421s] -- Configuring done
[0.423s] -- Generating done
[0.424s] -- Build files have been written to: /home/auto/rmvision_ws/build/rm_vision_bringup
[0.427s] Invoked command in '/home/auto/rmvision_ws/build/rm_vision_bringup' returned '0': CMAKE_PREFIX_PATH=${CMAKE_PREFIX_PATH}:/opt/ros/humble /usr/local/bin/cmake /home/auto/rmvision_ws/src/rm_vision/rm_vision_bringup -DCMAKE_INSTALL_PREFIX=/home/auto/rmvision_ws/install/rm_vision_bringup
[0.429s] Invoking command in '/home/auto/rmvision_ws/build/rm_vision_bringup': CMAKE_PREFIX_PATH=${CMAKE_PREFIX_PATH}:/opt/ros/humble /usr/local/bin/cmake --build /home/auto/rmvision_ws/build/rm_vision_bringup -- -j20 -l20
[0.446s] Invoked command in '/home/auto/rmvision_ws/build/rm_vision_bringup' returned '0': CMAKE_PREFIX_PATH=${CMAKE_PREFIX_PATH}:/opt/ros/humble /usr/local/bin/cmake --build /home/auto/rmvision_ws/build/rm_vision_bringup -- -j20 -l20
[0.450s] Invoking command in '/home/auto/rmvision_ws/build/rm_vision_bringup': CMAKE_PREFIX_PATH=${CMAKE_PREFIX_PATH}:/opt/ros/humble /usr/local/bin/cmake --install /home/auto/rmvision_ws/build/rm_vision_bringup
[0.453s] -- Install configuration: ""
[0.453s] -- Installing: /home/auto/rmvision_ws/install/rm_vision_bringup/share/rm_vision_bringup/launch
[0.454s] -- Installing: /home/auto/rmvision_ws/install/rm_vision_bringup/share/rm_vision_bringup/launch/common.py
[0.454s] -- Installing: /home/auto/rmvision_ws/install/rm_vision_bringup/share/rm_vision_bringup/launch/vision_bringup.launch.py
[0.454s] -- Installing: /home/auto/rmvision_ws/install/rm_vision_bringup/share/rm_vision_bringup/launch/no_hardware.launch.py
[0.455s] -- Installing: /home/auto/rmvision_ws/install/rm_vision_bringup/share/rm_vision_bringup/config
[0.455s] -- Installing: /home/auto/rmvision_ws/install/rm_vision_bringup/share/rm_vision_bringup/config/launch_params.yaml
[0.455s] -- Installing: /home/auto/rmvision_ws/install/rm_vision_bringup/share/rm_vision_bringup/config/rviz.rviz
[0.455s] -- Installing: /home/auto/rmvision_ws/install/rm_vision_bringup/share/rm_vision_bringup/config/node_params.yaml
[0.455s] -- Installing: /home/auto/rmvision_ws/install/rm_vision_bringup/share/rm_vision_bringup/config/camera_info.yaml
[0.456s] -- Installing: /home/auto/rmvision_ws/install/rm_vision_bringup/share/ament_index/resource_index/package_run_dependencies/rm_vision_bringup
[0.456s] -- Installing: /home/auto/rmvision_ws/install/rm_vision_bringup/share/ament_index/resource_index/parent_prefix_path/rm_vision_bringup
[0.456s] -- Installing: /home/auto/rmvision_ws/install/rm_vision_bringup/share/rm_vision_bringup/environment/ament_prefix_path.sh
[0.456s] -- Installing: /home/auto/rmvision_ws/install/rm_vision_bringup/share/rm_vision_bringup/environment/ament_prefix_path.dsv
[0.456s] -- Installing: /home/auto/rmvision_ws/install/rm_vision_bringup/share/rm_vision_bringup/environment/path.sh
[0.457s] -- Installing: /home/auto/rmvision_ws/install/rm_vision_bringup/share/rm_vision_bringup/environment/path.dsv
[0.457s] -- Installing: /home/auto/rmvision_ws/install/rm_vision_bringup/share/rm_vision_bringup/local_setup.bash
[0.457s] -- Installing: /home/auto/rmvision_ws/install/rm_vision_bringup/share/rm_vision_bringup/local_setup.sh
[0.458s] -- Installing: /home/auto/rmvision_ws/install/rm_vision_bringup/share/rm_vision_bringup/local_setup.zsh
[0.458s] -- Installing: /home/auto/rmvision_ws/install/rm_vision_bringup/share/rm_vision_bringup/local_setup.dsv
[0.458s] -- Installing: /home/auto/rmvision_ws/install/rm_vision_bringup/share/rm_vision_bringup/package.dsv
[0.458s] -- Installing: /home/auto/rmvision_ws/install/rm_vision_bringup/share/ament_index/resource_index/packages/rm_vision_bringup
[0.458s] -- Installing: /home/auto/rmvision_ws/install/rm_vision_bringup/share/rm_vision_bringup/cmake/rm_vision_bringupConfig.cmake
[0.458s] -- Installing: /home/auto/rmvision_ws/install/rm_vision_bringup/share/rm_vision_bringup/cmake/rm_vision_bringupConfig-version.cmake
[0.459s] -- Installing: /home/auto/rmvision_ws/install/rm_vision_bringup/share/rm_vision_bringup/package.xml
[0.461s] Invoked command in '/home/auto/rmvision_ws/build/rm_vision_bringup' returned '0': CMAKE_PREFIX_PATH=${CMAKE_PREFIX_PATH}:/opt/ros/humble /usr/local/bin/cmake --install /home/auto/rmvision_ws/build/rm_vision_bringup
