[0.026s] Invoking command in '/home/auto/rmvision_ws/build/base_detector': CMAKE_PREFIX_PATH=/home/auto/rmvision_ws/install/auto_aim_interfaces:/home/auto/rmvision_ws/install/unity_transform:/home/auto/rmvision_ws/install/serial_driver:/home/auto/rmvision_ws/install/rm_vision_bringup:/home/auto/rmvision_ws/install/rm_gimbal_description:/home/auto/rmvision_ws/install/navi_cal:/home/auto/rmvision_ws/install/mindvision_camera:/home/auto/rmvision_ws/install/hik_camera:/home/auto/rmvision_ws/install/base_detector:/home/auto/rmvision_ws/install/armor_tracker:/home/auto/rmvision_ws/install/armor_detector:/home/auto/rmvision_ws/install/armor_creater:/opt/ros/humble LD_LIBRARY_PATH=/home/auto/rmvision_ws/install/auto_aim_interfaces/lib:/opt/intel/openvino_2024.2.0/runtime/3rdparty/tbb/lib:/opt/intel/openvino_2024.2.0/runtime/lib/intel64:/opt/MVS/lib/64:/opt/MVS/lib/32:/opt/intel/openvino_2024.2.0/runtime/3rdparty/tbb/lib:/opt/intel/openvino_2024.2.0/runtime/lib/intel64:/home/auto/rmvision_ws/install/serial_driver/lib:/home/auto/rmvision_ws/install/navi_cal/lib:/home/auto/rmvision_ws/install/mindvision_camera/lib:/home/auto/rmvision_ws/install/hik_camera/lib:/home/auto/rmvision_ws/install/base_detector/lib:/home/auto/rmvision_ws/install/armor_tracker/lib:/home/auto/rmvision_ws/install/armor_detector/lib:/home/auto/rmvision_ws/install/armor_creater/lib:/opt/ros/humble/opt/rviz_ogre_vendor/lib:/opt/ros/humble/lib/x86_64-linux-gnu:/opt/ros/humble/lib:/opt/MVS/lib/64:/opt/MVS/lib/32:/opt/MVS/lib/64:/opt/MVS/lib/32:/opt/MVS/lib/64:/opt/MVS/lib/32:/usr/local/lib:/usr/local/lib /usr/local/bin/cmake --build /home/auto/rmvision_ws/build/base_detector -- -j20 -l20
[0.058s] [ 18%] Built target gtest
[0.059s] [ 36%] Built target gtest_main
[0.061s] [ 54%] Built target base_detector_node
[0.063s] [ 63%] [32mBuilding CXX object CMakeFiles/base_detector.dir/src/base_node.cpp.o[0m
[7.213s] [ 72%] [32m[1mLinking CXX shared library libbase_detector.so[0m
[7.630s] [ 81%] Built target base_detector
[7.639s] [ 90%] [32mBuilding CXX object CMakeFiles/test_node_startup.dir/test/test_node_startup.cpp.o[0m
[10.515s] [100%] [32m[1mLinking CXX executable test_node_startup[0m
[10.955s] [100%] Built target test_node_startup
[10.967s] Invoked command in '/home/auto/rmvision_ws/build/base_detector' returned '0': CMAKE_PREFIX_PATH=/home/auto/rmvision_ws/install/auto_aim_interfaces:/home/auto/rmvision_ws/install/unity_transform:/home/auto/rmvision_ws/install/serial_driver:/home/auto/rmvision_ws/install/rm_vision_bringup:/home/auto/rmvision_ws/install/rm_gimbal_description:/home/auto/rmvision_ws/install/navi_cal:/home/auto/rmvision_ws/install/mindvision_camera:/home/auto/rmvision_ws/install/hik_camera:/home/auto/rmvision_ws/install/base_detector:/home/auto/rmvision_ws/install/armor_tracker:/home/auto/rmvision_ws/install/armor_detector:/home/auto/rmvision_ws/install/armor_creater:/opt/ros/humble LD_LIBRARY_PATH=/home/auto/rmvision_ws/install/auto_aim_interfaces/lib:/opt/intel/openvino_2024.2.0/runtime/3rdparty/tbb/lib:/opt/intel/openvino_2024.2.0/runtime/lib/intel64:/opt/MVS/lib/64:/opt/MVS/lib/32:/opt/intel/openvino_2024.2.0/runtime/3rdparty/tbb/lib:/opt/intel/openvino_2024.2.0/runtime/lib/intel64:/home/auto/rmvision_ws/install/serial_driver/lib:/home/auto/rmvision_ws/install/navi_cal/lib:/home/auto/rmvision_ws/install/mindvision_camera/lib:/home/auto/rmvision_ws/install/hik_camera/lib:/home/auto/rmvision_ws/install/base_detector/lib:/home/auto/rmvision_ws/install/armor_tracker/lib:/home/auto/rmvision_ws/install/armor_detector/lib:/home/auto/rmvision_ws/install/armor_creater/lib:/opt/ros/humble/opt/rviz_ogre_vendor/lib:/opt/ros/humble/lib/x86_64-linux-gnu:/opt/ros/humble/lib:/opt/MVS/lib/64:/opt/MVS/lib/32:/opt/MVS/lib/64:/opt/MVS/lib/32:/opt/MVS/lib/64:/opt/MVS/lib/32:/usr/local/lib:/usr/local/lib /usr/local/bin/cmake --build /home/auto/rmvision_ws/build/base_detector -- -j20 -l20
[10.968s] Invoking command in '/home/auto/rmvision_ws/build/base_detector': CMAKE_PREFIX_PATH=/home/auto/rmvision_ws/install/auto_aim_interfaces:/home/auto/rmvision_ws/install/unity_transform:/home/auto/rmvision_ws/install/serial_driver:/home/auto/rmvision_ws/install/rm_vision_bringup:/home/auto/rmvision_ws/install/rm_gimbal_description:/home/auto/rmvision_ws/install/navi_cal:/home/auto/rmvision_ws/install/mindvision_camera:/home/auto/rmvision_ws/install/hik_camera:/home/auto/rmvision_ws/install/base_detector:/home/auto/rmvision_ws/install/armor_tracker:/home/auto/rmvision_ws/install/armor_detector:/home/auto/rmvision_ws/install/armor_creater:/opt/ros/humble LD_LIBRARY_PATH=/home/auto/rmvision_ws/install/auto_aim_interfaces/lib:/opt/intel/openvino_2024.2.0/runtime/3rdparty/tbb/lib:/opt/intel/openvino_2024.2.0/runtime/lib/intel64:/opt/MVS/lib/64:/opt/MVS/lib/32:/opt/intel/openvino_2024.2.0/runtime/3rdparty/tbb/lib:/opt/intel/openvino_2024.2.0/runtime/lib/intel64:/home/auto/rmvision_ws/install/serial_driver/lib:/home/auto/rmvision_ws/install/navi_cal/lib:/home/auto/rmvision_ws/install/mindvision_camera/lib:/home/auto/rmvision_ws/install/hik_camera/lib:/home/auto/rmvision_ws/install/base_detector/lib:/home/auto/rmvision_ws/install/armor_tracker/lib:/home/auto/rmvision_ws/install/armor_detector/lib:/home/auto/rmvision_ws/install/armor_creater/lib:/opt/ros/humble/opt/rviz_ogre_vendor/lib:/opt/ros/humble/lib/x86_64-linux-gnu:/opt/ros/humble/lib:/opt/MVS/lib/64:/opt/MVS/lib/32:/opt/MVS/lib/64:/opt/MVS/lib/32:/opt/MVS/lib/64:/opt/MVS/lib/32:/usr/local/lib:/usr/local/lib /usr/local/bin/cmake --install /home/auto/rmvision_ws/build/base_detector
[10.971s] -- Install configuration: ""
[10.971s] -- Installing: /home/auto/rmvision_ws/install/base_detector/lib/base_detector/base_detector_node
[10.971s] -- Set runtime path of "/home/auto/rmvision_ws/install/base_detector/lib/base_detector/base_detector_node" to ""
[10.972s] -- Installing: /home/auto/rmvision_ws/install/base_detector/include
[10.972s] -- Installing: /home/auto/rmvision_ws/install/base_detector/include/base_detector
[10.972s] -- Installing: /home/auto/rmvision_ws/install/base_detector/include/base_detector/base.hpp
[10.972s] -- Installing: /home/auto/rmvision_ws/install/base_detector/include/base_detector/base_light.hpp
[10.972s] -- Installing: /home/auto/rmvision_ws/install/base_detector/include/base_detector/base_node.hpp
[10.972s] -- Installing: /home/auto/rmvision_ws/install/base_detector/share/base_detector/environment/library_path.sh
[10.972s] -- Installing: /home/auto/rmvision_ws/install/base_detector/share/base_detector/environment/library_path.dsv
[10.972s] -- Installing: /home/auto/rmvision_ws/install/base_detector/lib/libbase_detector.so
[10.977s] -- Set runtime path of "/home/auto/rmvision_ws/install/base_detector/lib/libbase_detector.so" to ""
[10.977s] -- Installing: /home/auto/rmvision_ws/install/base_detector/share/ament_index/resource_index/package_run_dependencies/base_detector
[10.977s] -- Installing: /home/auto/rmvision_ws/install/base_detector/share/ament_index/resource_index/parent_prefix_path/base_detector
[10.977s] -- Installing: /home/auto/rmvision_ws/install/base_detector/share/base_detector/environment/ament_prefix_path.sh
[10.977s] -- Installing: /home/auto/rmvision_ws/install/base_detector/share/base_detector/environment/ament_prefix_path.dsv
[10.977s] -- Installing: /home/auto/rmvision_ws/install/base_detector/share/base_detector/environment/path.sh
[10.977s] -- Installing: /home/auto/rmvision_ws/install/base_detector/share/base_detector/environment/path.dsv
[10.977s] -- Installing: /home/auto/rmvision_ws/install/base_detector/share/base_detector/local_setup.bash
[10.977s] -- Installing: /home/auto/rmvision_ws/install/base_detector/share/base_detector/local_setup.sh
[10.977s] -- Installing: /home/auto/rmvision_ws/install/base_detector/share/base_detector/local_setup.zsh
[10.977s] -- Installing: /home/auto/rmvision_ws/install/base_detector/share/base_detector/local_setup.dsv
[10.977s] -- Installing: /home/auto/rmvision_ws/install/base_detector/share/base_detector/package.dsv
[10.977s] -- Installing: /home/auto/rmvision_ws/install/base_detector/share/ament_index/resource_index/packages/base_detector
[10.977s] -- Installing: /home/auto/rmvision_ws/install/base_detector/share/ament_index/resource_index/rclcpp_components/base_detector
[10.977s] -- Installing: /home/auto/rmvision_ws/install/base_detector/share/base_detector/cmake/ament_cmake_export_dependencies-extras.cmake
[10.977s] -- Installing: /home/auto/rmvision_ws/install/base_detector/share/base_detector/cmake/ament_cmake_export_include_directories-extras.cmake
[10.977s] -- Installing: /home/auto/rmvision_ws/install/base_detector/share/base_detector/cmake/ament_cmake_export_libraries-extras.cmake
[10.977s] -- Installing: /home/auto/rmvision_ws/install/base_detector/share/base_detector/cmake/base_detectorConfig.cmake
[10.977s] -- Installing: /home/auto/rmvision_ws/install/base_detector/share/base_detector/cmake/base_detectorConfig-version.cmake
[10.977s] -- Installing: /home/auto/rmvision_ws/install/base_detector/share/base_detector/package.xml
[10.979s] Invoked command in '/home/auto/rmvision_ws/build/base_detector' returned '0': CMAKE_PREFIX_PATH=/home/auto/rmvision_ws/install/auto_aim_interfaces:/home/auto/rmvision_ws/install/unity_transform:/home/auto/rmvision_ws/install/serial_driver:/home/auto/rmvision_ws/install/rm_vision_bringup:/home/auto/rmvision_ws/install/rm_gimbal_description:/home/auto/rmvision_ws/install/navi_cal:/home/auto/rmvision_ws/install/mindvision_camera:/home/auto/rmvision_ws/install/hik_camera:/home/auto/rmvision_ws/install/base_detector:/home/auto/rmvision_ws/install/armor_tracker:/home/auto/rmvision_ws/install/armor_detector:/home/auto/rmvision_ws/install/armor_creater:/opt/ros/humble LD_LIBRARY_PATH=/home/auto/rmvision_ws/install/auto_aim_interfaces/lib:/opt/intel/openvino_2024.2.0/runtime/3rdparty/tbb/lib:/opt/intel/openvino_2024.2.0/runtime/lib/intel64:/opt/MVS/lib/64:/opt/MVS/lib/32:/opt/intel/openvino_2024.2.0/runtime/3rdparty/tbb/lib:/opt/intel/openvino_2024.2.0/runtime/lib/intel64:/home/auto/rmvision_ws/install/serial_driver/lib:/home/auto/rmvision_ws/install/navi_cal/lib:/home/auto/rmvision_ws/install/mindvision_camera/lib:/home/auto/rmvision_ws/install/hik_camera/lib:/home/auto/rmvision_ws/install/base_detector/lib:/home/auto/rmvision_ws/install/armor_tracker/lib:/home/auto/rmvision_ws/install/armor_detector/lib:/home/auto/rmvision_ws/install/armor_creater/lib:/opt/ros/humble/opt/rviz_ogre_vendor/lib:/opt/ros/humble/lib/x86_64-linux-gnu:/opt/ros/humble/lib:/opt/MVS/lib/64:/opt/MVS/lib/32:/opt/MVS/lib/64:/opt/MVS/lib/32:/opt/MVS/lib/64:/opt/MVS/lib/32:/usr/local/lib:/usr/local/lib /usr/local/bin/cmake --install /home/auto/rmvision_ws/build/base_detector
