[0.028s] Invoking command in '/home/auto/rmvision_ws/build/armor_tracker': CMAKE_PREFIX_PATH=/home/auto/rmvision_ws/install/auto_aim_interfaces:/home/auto/rmvision_ws/install/unity_transform:/home/auto/rmvision_ws/install/serial_driver:/home/auto/rmvision_ws/install/rm_vision_bringup:/home/auto/rmvision_ws/install/rm_gimbal_description:/home/auto/rmvision_ws/install/navi_cal:/home/auto/rmvision_ws/install/mindvision_camera:/home/auto/rmvision_ws/install/hik_camera:/home/auto/rmvision_ws/install/base_detector:/home/auto/rmvision_ws/install/armor_tracker:/home/auto/rmvision_ws/install/armor_detector:/home/auto/rmvision_ws/install/armor_creater:/opt/ros/humble LD_LIBRARY_PATH=/home/auto/rmvision_ws/install/auto_aim_interfaces/lib:/opt/intel/openvino_2024.2.0/runtime/3rdparty/tbb/lib:/opt/intel/openvino_2024.2.0/runtime/lib/intel64:/opt/MVS/lib/64:/opt/MVS/lib/32:/opt/intel/openvino_2024.2.0/runtime/3rdparty/tbb/lib:/opt/intel/openvino_2024.2.0/runtime/lib/intel64:/home/auto/rmvision_ws/install/serial_driver/lib:/home/auto/rmvision_ws/install/navi_cal/lib:/home/auto/rmvision_ws/install/mindvision_camera/lib:/home/auto/rmvision_ws/install/hik_camera/lib:/home/auto/rmvision_ws/install/base_detector/lib:/home/auto/rmvision_ws/install/armor_tracker/lib:/home/auto/rmvision_ws/install/armor_detector/lib:/home/auto/rmvision_ws/install/armor_creater/lib:/opt/ros/humble/opt/rviz_ogre_vendor/lib:/opt/ros/humble/lib/x86_64-linux-gnu:/opt/ros/humble/lib:/opt/MVS/lib/64:/opt/MVS/lib/32:/opt/MVS/lib/64:/opt/MVS/lib/32:/opt/MVS/lib/64:/opt/MVS/lib/32:/usr/local/lib:/usr/local/lib /usr/local/bin/cmake /home/auto/rmvision_ws/src/armor_tracker -DCMAKE_INSTALL_PREFIX=/home/auto/rmvision_ws/install/armor_tracker
[0.087s] -- The C compiler identification is GNU 11.4.0
[0.127s] -- The CXX compiler identification is GNU 11.4.0
[0.136s] -- Detecting C compiler ABI info
[0.183s] -- Detecting C compiler ABI info - done
[0.191s] -- Check for working C compiler: /usr/bin/cc - skipped
[0.191s] -- Detecting C compile features
[0.191s] -- Detecting C compile features - done
[0.194s] -- Detecting CXX compiler ABI info
[0.250s] -- Detecting CXX compiler ABI info - done
[0.261s] -- Check for working CXX compiler: /usr/bin/c++ - skipped
[0.261s] -- Detecting CXX compile features
[0.262s] -- Detecting CXX compile features - done
[0.263s] -- Found ament_cmake_auto: 1.3.11 (/opt/ros/humble/share/ament_cmake_auto/cmake)
[0.379s] -- Found Python3: /usr/bin/python3 (found version "3.10.12") found components: Interpreter 
[0.569s] -- Found rosidl_generator_c: 3.1.6 (/opt/ros/humble/share/rosidl_generator_c/cmake)
[0.573s] -- Found rosidl_adapter: 3.1.6 (/opt/ros/humble/share/rosidl_adapter/cmake)
[0.580s] -- Found rosidl_generator_cpp: 3.1.6 (/opt/ros/humble/share/rosidl_generator_cpp/cmake)
[0.590s] -- Using all available rosidl_typesupport_c: rosidl_typesupport_fastrtps_c;rosidl_typesupport_introspection_c
[0.603s] -- Using all available rosidl_typesupport_cpp: rosidl_typesupport_fastrtps_cpp;rosidl_typesupport_introspection_cpp
[0.639s] -- Found rmw_implementation_cmake: 6.1.2 (/opt/ros/humble/share/rmw_implementation_cmake/cmake)
[0.642s] -- Found rmw_fastrtps_cpp: 6.2.7 (/opt/ros/humble/share/rmw_fastrtps_cpp/cmake)
[0.715s] -- Found OpenSSL: /usr/lib/x86_64-linux-gnu/libcrypto.so (found version "3.0.2")  
[0.744s] -- Found FastRTPS: /opt/ros/humble/include  
[0.778s] -- Using RMW implementation 'rmw_fastrtps_cpp' as default
[0.788s] -- Performing Test CMAKE_HAVE_LIBC_PTHREAD
[0.848s] -- Performing Test CMAKE_HAVE_LIBC_PTHREAD - Success
[0.849s] -- Found Threads: TRUE  
[1.060s] -- Found eigen3_cmake_module: 0.1.1 (/opt/ros/humble/share/eigen3_cmake_module/cmake)
[1.062s] -- Found Eigen3: TRUE (found version "3.4.0") 
[1.062s] -- Ensuring Eigen3 include directory is part of orocos-kdl CMake target
[1.198s] -- Found ament_lint_auto: 0.12.12 (/opt/ros/humble/share/ament_lint_auto/cmake)
[1.231s] -- Added test 'cppcheck' to perform static code analysis on C / C++ code
[1.231s] -- Configured cppcheck include dirs: /home/auto/rmvision_ws/src/armor_tracker/include
[1.232s] -- Configured cppcheck exclude dirs and/or files: 
[1.232s] -- Added test 'lint_cmake' to check CMake code style
[1.233s] -- Added test 'xmllint' to check XML markup files
[1.235s] -- Added test 'clang_format' to check C / C++ code style
[1.239s] -- Configuring done
[1.263s] -- Generating done
[1.276s] -- Build files have been written to: /home/auto/rmvision_ws/build/armor_tracker
[1.305s] Invoked command in '/home/auto/rmvision_ws/build/armor_tracker' returned '0': CMAKE_PREFIX_PATH=/home/auto/rmvision_ws/install/auto_aim_interfaces:/home/auto/rmvision_ws/install/unity_transform:/home/auto/rmvision_ws/install/serial_driver:/home/auto/rmvision_ws/install/rm_vision_bringup:/home/auto/rmvision_ws/install/rm_gimbal_description:/home/auto/rmvision_ws/install/navi_cal:/home/auto/rmvision_ws/install/mindvision_camera:/home/auto/rmvision_ws/install/hik_camera:/home/auto/rmvision_ws/install/base_detector:/home/auto/rmvision_ws/install/armor_tracker:/home/auto/rmvision_ws/install/armor_detector:/home/auto/rmvision_ws/install/armor_creater:/opt/ros/humble LD_LIBRARY_PATH=/home/auto/rmvision_ws/install/auto_aim_interfaces/lib:/opt/intel/openvino_2024.2.0/runtime/3rdparty/tbb/lib:/opt/intel/openvino_2024.2.0/runtime/lib/intel64:/opt/MVS/lib/64:/opt/MVS/lib/32:/opt/intel/openvino_2024.2.0/runtime/3rdparty/tbb/lib:/opt/intel/openvino_2024.2.0/runtime/lib/intel64:/home/auto/rmvision_ws/install/serial_driver/lib:/home/auto/rmvision_ws/install/navi_cal/lib:/home/auto/rmvision_ws/install/mindvision_camera/lib:/home/auto/rmvision_ws/install/hik_camera/lib:/home/auto/rmvision_ws/install/base_detector/lib:/home/auto/rmvision_ws/install/armor_tracker/lib:/home/auto/rmvision_ws/install/armor_detector/lib:/home/auto/rmvision_ws/install/armor_creater/lib:/opt/ros/humble/opt/rviz_ogre_vendor/lib:/opt/ros/humble/lib/x86_64-linux-gnu:/opt/ros/humble/lib:/opt/MVS/lib/64:/opt/MVS/lib/32:/opt/MVS/lib/64:/opt/MVS/lib/32:/opt/MVS/lib/64:/opt/MVS/lib/32:/usr/local/lib:/usr/local/lib /usr/local/bin/cmake /home/auto/rmvision_ws/src/armor_tracker -DCMAKE_INSTALL_PREFIX=/home/auto/rmvision_ws/install/armor_tracker
[1.307s] Invoking command in '/home/auto/rmvision_ws/build/armor_tracker': CMAKE_PREFIX_PATH=/home/auto/rmvision_ws/install/auto_aim_interfaces:/home/auto/rmvision_ws/install/unity_transform:/home/auto/rmvision_ws/install/serial_driver:/home/auto/rmvision_ws/install/rm_vision_bringup:/home/auto/rmvision_ws/install/rm_gimbal_description:/home/auto/rmvision_ws/install/navi_cal:/home/auto/rmvision_ws/install/mindvision_camera:/home/auto/rmvision_ws/install/hik_camera:/home/auto/rmvision_ws/install/base_detector:/home/auto/rmvision_ws/install/armor_tracker:/home/auto/rmvision_ws/install/armor_detector:/home/auto/rmvision_ws/install/armor_creater:/opt/ros/humble LD_LIBRARY_PATH=/home/auto/rmvision_ws/install/auto_aim_interfaces/lib:/opt/intel/openvino_2024.2.0/runtime/3rdparty/tbb/lib:/opt/intel/openvino_2024.2.0/runtime/lib/intel64:/opt/MVS/lib/64:/opt/MVS/lib/32:/opt/intel/openvino_2024.2.0/runtime/3rdparty/tbb/lib:/opt/intel/openvino_2024.2.0/runtime/lib/intel64:/home/auto/rmvision_ws/install/serial_driver/lib:/home/auto/rmvision_ws/install/navi_cal/lib:/home/auto/rmvision_ws/install/mindvision_camera/lib:/home/auto/rmvision_ws/install/hik_camera/lib:/home/auto/rmvision_ws/install/base_detector/lib:/home/auto/rmvision_ws/install/armor_tracker/lib:/home/auto/rmvision_ws/install/armor_detector/lib:/home/auto/rmvision_ws/install/armor_creater/lib:/opt/ros/humble/opt/rviz_ogre_vendor/lib:/opt/ros/humble/lib/x86_64-linux-gnu:/opt/ros/humble/lib:/opt/MVS/lib/64:/opt/MVS/lib/32:/opt/MVS/lib/64:/opt/MVS/lib/32:/opt/MVS/lib/64:/opt/MVS/lib/32:/usr/local/lib:/usr/local/lib /usr/local/bin/cmake --build /home/auto/rmvision_ws/build/armor_tracker -- -j20 -l20
[1.357s] [ 12%] [32mBuilding CXX object CMakeFiles/armor_tracker_node.dir/rclcpp_components/node_main_armor_tracker_node.cpp.o[0m
[1.361s] [ 25%] [32mBuilding CXX object CMakeFiles/armor_tracker.dir/src/common_tracker.cpp.o[0m
[1.366s] [ 37%] [32mBuilding CXX object CMakeFiles/armor_tracker.dir/src/extended_kalman_filter.cpp.o[0m
[1.369s] [ 62%] [32mBuilding CXX object CMakeFiles/armor_tracker.dir/src/tracker.cpp.o[0m
[1.371s] [ 62%] [32mBuilding CXX object CMakeFiles/armor_tracker.dir/src/solve_trajectory.cpp.o[0m
[1.395s] [ 75%] [32mBuilding CXX object CMakeFiles/armor_tracker.dir/src/tracker_node.cpp.o[0m
[10.126s] [ 87%] [32m[1mLinking CXX executable armor_tracker_node[0m
[10.329s] [ 87%] Built target armor_tracker_node
[22.886s] [100%] [32m[1mLinking CXX shared library libarmor_tracker.so[0m
[23.950s] [100%] Built target armor_tracker
