[ 66%] Built target serial_driver
[100%] Built target serial_driver_node
-- Install configuration: ""
-- Up-to-date: /home/auto/rmvision_ws/install/serial_driver/lib/serial_driver/serial_driver_node
-- Up-to-date: /home/auto/rmvision_ws/install/serial_driver/include
-- Up-to-date: /home/auto/rmvision_ws/install/serial_driver/include/serial_driver
-- Up-to-date: /home/auto/rmvision_ws/install/serial_driver/include/serial_driver/serial_driver_node.hpp
-- Up-to-date: /home/auto/rmvision_ws/install/serial_driver/include/serial_device.h
-- Up-to-date: /home/auto/rmvision_ws/install/serial_driver/include/hardware_interface.h
-- Up-to-date: /home/auto/rmvision_ws/install/serial_driver/include/protocol.h
-- Up-to-date: /home/auto/rmvision_ws/install/serial_driver/include/crc.h
-- Up-to-date: /home/auto/rmvision_ws/install/serial_driver/share/serial_driver/environment/library_path.sh
-- Up-to-date: /home/auto/rmvision_ws/install/serial_driver/share/serial_driver/environment/library_path.dsv
-- Up-to-date: /home/auto/rmvision_ws/install/serial_driver/lib/libserial_driver.so
-- Up-to-date: /home/auto/rmvision_ws/install/serial_driver/share/ament_index/resource_index/package_run_dependencies/serial_driver
-- Up-to-date: /home/auto/rmvision_ws/install/serial_driver/share/ament_index/resource_index/parent_prefix_path/serial_driver
-- Up-to-date: /home/auto/rmvision_ws/install/serial_driver/share/serial_driver/environment/ament_prefix_path.sh
-- Up-to-date: /home/auto/rmvision_ws/install/serial_driver/share/serial_driver/environment/ament_prefix_path.dsv
-- Up-to-date: /home/auto/rmvision_ws/install/serial_driver/share/serial_driver/environment/path.sh
-- Up-to-date: /home/auto/rmvision_ws/install/serial_driver/share/serial_driver/environment/path.dsv
-- Up-to-date: /home/auto/rmvision_ws/install/serial_driver/share/serial_driver/local_setup.bash
-- Up-to-date: /home/auto/rmvision_ws/install/serial_driver/share/serial_driver/local_setup.sh
-- Up-to-date: /home/auto/rmvision_ws/install/serial_driver/share/serial_driver/local_setup.zsh
-- Up-to-date: /home/auto/rmvision_ws/install/serial_driver/share/serial_driver/local_setup.dsv
-- Installing: /home/auto/rmvision_ws/install/serial_driver/share/serial_driver/package.dsv
-- Up-to-date: /home/auto/rmvision_ws/install/serial_driver/share/ament_index/resource_index/packages/serial_driver
-- Up-to-date: /home/auto/rmvision_ws/install/serial_driver/share/ament_index/resource_index/rclcpp_components/serial_driver
-- Up-to-date: /home/auto/rmvision_ws/install/serial_driver/share/serial_driver/cmake/ament_cmake_export_dependencies-extras.cmake
-- Up-to-date: /home/auto/rmvision_ws/install/serial_driver/share/serial_driver/cmake/ament_cmake_export_include_directories-extras.cmake
-- Up-to-date: /home/auto/rmvision_ws/install/serial_driver/share/serial_driver/cmake/ament_cmake_export_libraries-extras.cmake
-- Up-to-date: /home/auto/rmvision_ws/install/serial_driver/share/serial_driver/cmake/serial_driverConfig.cmake
-- Up-to-date: /home/auto/rmvision_ws/install/serial_driver/share/serial_driver/cmake/serial_driverConfig-version.cmake
-- Up-to-date: /home/auto/rmvision_ws/install/serial_driver/share/serial_driver/package.xml
