[0.081s] Invoking command in '/home/auto/rmvision_ws/build/armor_creater': CMAKE_PREFIX_PATH=/home/auto/rmvision_ws/install/auto_aim_interfaces:/home/auto/rmvision_ws/install/unity_transform:/home/auto/rmvision_ws/install/serial_driver:/home/auto/rmvision_ws/install/rm_vision_bringup:/home/auto/rmvision_ws/install/rm_gimbal_description:/home/auto/rmvision_ws/install/navi_cal:/home/auto/rmvision_ws/install/mindvision_camera:/home/auto/rmvision_ws/install/hik_camera:/home/auto/rmvision_ws/install/base_detector:/home/auto/rmvision_ws/install/armor_tracker:/home/auto/rmvision_ws/install/armor_detector:/home/auto/rmvision_ws/install/armor_creater:/opt/ros/humble LD_LIBRARY_PATH=/home/auto/rmvision_ws/install/auto_aim_interfaces/lib:/opt/intel/openvino_2024.2.0/runtime/3rdparty/tbb/lib:/opt/intel/openvino_2024.2.0/runtime/lib/intel64:/opt/MVS/lib/64:/opt/MVS/lib/32:/opt/intel/openvino_2024.2.0/runtime/3rdparty/tbb/lib:/opt/intel/openvino_2024.2.0/runtime/lib/intel64:/home/auto/rmvision_ws/install/serial_driver/lib:/home/auto/rmvision_ws/install/navi_cal/lib:/home/auto/rmvision_ws/install/mindvision_camera/lib:/home/auto/rmvision_ws/install/hik_camera/lib:/home/auto/rmvision_ws/install/base_detector/lib:/home/auto/rmvision_ws/install/armor_tracker/lib:/home/auto/rmvision_ws/install/armor_detector/lib:/home/auto/rmvision_ws/install/armor_creater/lib:/opt/ros/humble/opt/rviz_ogre_vendor/lib:/opt/ros/humble/lib/x86_64-linux-gnu:/opt/ros/humble/lib:/opt/MVS/lib/64:/opt/MVS/lib/32:/opt/MVS/lib/64:/opt/MVS/lib/32:/opt/MVS/lib/64:/opt/MVS/lib/32:/opt/MVS/lib/64:/opt/MVS/lib/32:/opt/MVS/lib/64:/opt/MVS/lib/32:/usr/local/lib:/usr/local/lib /usr/local/bin/cmake --build /home/auto/rmvision_ws/build/armor_creater -- -j20 -l20
[0.152s] [ 40%] Built target armor_creater_node
[0.160s] [100%] Built target armor_creater
[0.169s] Invoked command in '/home/auto/rmvision_ws/build/armor_creater' returned '0': CMAKE_PREFIX_PATH=/home/auto/rmvision_ws/install/auto_aim_interfaces:/home/auto/rmvision_ws/install/unity_transform:/home/auto/rmvision_ws/install/serial_driver:/home/auto/rmvision_ws/install/rm_vision_bringup:/home/auto/rmvision_ws/install/rm_gimbal_description:/home/auto/rmvision_ws/install/navi_cal:/home/auto/rmvision_ws/install/mindvision_camera:/home/auto/rmvision_ws/install/hik_camera:/home/auto/rmvision_ws/install/base_detector:/home/auto/rmvision_ws/install/armor_tracker:/home/auto/rmvision_ws/install/armor_detector:/home/auto/rmvision_ws/install/armor_creater:/opt/ros/humble LD_LIBRARY_PATH=/home/auto/rmvision_ws/install/auto_aim_interfaces/lib:/opt/intel/openvino_2024.2.0/runtime/3rdparty/tbb/lib:/opt/intel/openvino_2024.2.0/runtime/lib/intel64:/opt/MVS/lib/64:/opt/MVS/lib/32:/opt/intel/openvino_2024.2.0/runtime/3rdparty/tbb/lib:/opt/intel/openvino_2024.2.0/runtime/lib/intel64:/home/auto/rmvision_ws/install/serial_driver/lib:/home/auto/rmvision_ws/install/navi_cal/lib:/home/auto/rmvision_ws/install/mindvision_camera/lib:/home/auto/rmvision_ws/install/hik_camera/lib:/home/auto/rmvision_ws/install/base_detector/lib:/home/auto/rmvision_ws/install/armor_tracker/lib:/home/auto/rmvision_ws/install/armor_detector/lib:/home/auto/rmvision_ws/install/armor_creater/lib:/opt/ros/humble/opt/rviz_ogre_vendor/lib:/opt/ros/humble/lib/x86_64-linux-gnu:/opt/ros/humble/lib:/opt/MVS/lib/64:/opt/MVS/lib/32:/opt/MVS/lib/64:/opt/MVS/lib/32:/opt/MVS/lib/64:/opt/MVS/lib/32:/opt/MVS/lib/64:/opt/MVS/lib/32:/opt/MVS/lib/64:/opt/MVS/lib/32:/usr/local/lib:/usr/local/lib /usr/local/bin/cmake --build /home/auto/rmvision_ws/build/armor_creater -- -j20 -l20
[0.172s] Invoking command in '/home/auto/rmvision_ws/build/armor_creater': CMAKE_PREFIX_PATH=/home/auto/rmvision_ws/install/auto_aim_interfaces:/home/auto/rmvision_ws/install/unity_transform:/home/auto/rmvision_ws/install/serial_driver:/home/auto/rmvision_ws/install/rm_vision_bringup:/home/auto/rmvision_ws/install/rm_gimbal_description:/home/auto/rmvision_ws/install/navi_cal:/home/auto/rmvision_ws/install/mindvision_camera:/home/auto/rmvision_ws/install/hik_camera:/home/auto/rmvision_ws/install/base_detector:/home/auto/rmvision_ws/install/armor_tracker:/home/auto/rmvision_ws/install/armor_detector:/home/auto/rmvision_ws/install/armor_creater:/opt/ros/humble LD_LIBRARY_PATH=/home/auto/rmvision_ws/install/auto_aim_interfaces/lib:/opt/intel/openvino_2024.2.0/runtime/3rdparty/tbb/lib:/opt/intel/openvino_2024.2.0/runtime/lib/intel64:/opt/MVS/lib/64:/opt/MVS/lib/32:/opt/intel/openvino_2024.2.0/runtime/3rdparty/tbb/lib:/opt/intel/openvino_2024.2.0/runtime/lib/intel64:/home/auto/rmvision_ws/install/serial_driver/lib:/home/auto/rmvision_ws/install/navi_cal/lib:/home/auto/rmvision_ws/install/mindvision_camera/lib:/home/auto/rmvision_ws/install/hik_camera/lib:/home/auto/rmvision_ws/install/base_detector/lib:/home/auto/rmvision_ws/install/armor_tracker/lib:/home/auto/rmvision_ws/install/armor_detector/lib:/home/auto/rmvision_ws/install/armor_creater/lib:/opt/ros/humble/opt/rviz_ogre_vendor/lib:/opt/ros/humble/lib/x86_64-linux-gnu:/opt/ros/humble/lib:/opt/MVS/lib/64:/opt/MVS/lib/32:/opt/MVS/lib/64:/opt/MVS/lib/32:/opt/MVS/lib/64:/opt/MVS/lib/32:/opt/MVS/lib/64:/opt/MVS/lib/32:/opt/MVS/lib/64:/opt/MVS/lib/32:/usr/local/lib:/usr/local/lib /usr/local/bin/cmake --install /home/auto/rmvision_ws/build/armor_creater
[0.180s] -- Install configuration: ""
[0.181s] -- Up-to-date: /home/auto/rmvision_ws/install/armor_creater/lib/armor_creater/armor_creater_node
[0.181s] -- Up-to-date: /home/auto/rmvision_ws/install/armor_creater/include
[0.181s] -- Up-to-date: /home/auto/rmvision_ws/install/armor_creater/include/armor_creater
[0.181s] -- Up-to-date: /home/auto/rmvision_ws/install/armor_creater/include/armor_creater/UdpSend.hpp
[0.181s] -- Up-to-date: /home/auto/rmvision_ws/install/armor_creater/include/armor_creater/robot_simulation.hpp
[0.181s] -- Up-to-date: /home/auto/rmvision_ws/install/armor_creater/include/armor_creater/creater_node.hpp
[0.181s] -- Up-to-date: /home/auto/rmvision_ws/install/armor_creater/share/armor_creater/environment/library_path.sh
[0.182s] -- Up-to-date: /home/auto/rmvision_ws/install/armor_creater/share/armor_creater/environment/library_path.dsv
[0.183s] -- Up-to-date: /home/auto/rmvision_ws/install/armor_creater/lib/libarmor_creater.so
[0.184s] -- Up-to-date: /home/auto/rmvision_ws/install/armor_creater/share/armor_creater/launch
[0.185s] -- Up-to-date: /home/auto/rmvision_ws/install/armor_creater/share/armor_creater/launch/creater.launch.py
[0.185s] -- Up-to-date: /home/auto/rmvision_ws/install/armor_creater/share/armor_creater/config
[0.185s] -- Up-to-date: /home/auto/rmvision_ws/install/armor_creater/share/armor_creater/config/creater_params.yaml
[0.185s] -- Up-to-date: /home/auto/rmvision_ws/install/armor_creater/share/ament_index/resource_index/package_run_dependencies/armor_creater
[0.186s] -- Up-to-date: /home/auto/rmvision_ws/install/armor_creater/share/ament_index/resource_index/parent_prefix_path/armor_creater
[0.186s] -- Up-to-date: /home/auto/rmvision_ws/install/armor_creater/share/armor_creater/environment/ament_prefix_path.sh
[0.186s] -- Up-to-date: /home/auto/rmvision_ws/install/armor_creater/share/armor_creater/environment/ament_prefix_path.dsv
[0.186s] -- Up-to-date: /home/auto/rmvision_ws/install/armor_creater/share/armor_creater/environment/path.sh
[0.186s] -- Up-to-date: /home/auto/rmvision_ws/install/armor_creater/share/armor_creater/environment/path.dsv
[0.186s] -- Up-to-date: /home/auto/rmvision_ws/install/armor_creater/share/armor_creater/local_setup.bash
[0.186s] -- Up-to-date: /home/auto/rmvision_ws/install/armor_creater/share/armor_creater/local_setup.sh
[0.187s] -- Up-to-date: /home/auto/rmvision_ws/install/armor_creater/share/armor_creater/local_setup.zsh
[0.187s] -- Up-to-date: /home/auto/rmvision_ws/install/armor_creater/share/armor_creater/local_setup.dsv
[0.187s] -- Installing: /home/auto/rmvision_ws/install/armor_creater/share/armor_creater/package.dsv
[0.187s] -- Up-to-date: /home/auto/rmvision_ws/install/armor_creater/share/ament_index/resource_index/packages/armor_creater
[0.193s] -- Up-to-date: /home/auto/rmvision_ws/install/armor_creater/share/ament_index/resource_index/rclcpp_components/armor_creater
[0.193s] -- Up-to-date: /home/auto/rmvision_ws/install/armor_creater/share/armor_creater/cmake/ament_cmake_export_dependencies-extras.cmake
[0.193s] -- Up-to-date: /home/auto/rmvision_ws/install/armor_creater/share/armor_creater/cmake/ament_cmake_export_include_directories-extras.cmake
[0.193s] -- Up-to-date: /home/auto/rmvision_ws/install/armor_creater/share/armor_creater/cmake/ament_cmake_export_libraries-extras.cmake
[0.194s] -- Up-to-date: /home/auto/rmvision_ws/install/armor_creater/share/armor_creater/cmake/armor_createrConfig.cmake
[0.194s] -- Up-to-date: /home/auto/rmvision_ws/install/armor_creater/share/armor_creater/cmake/armor_createrConfig-version.cmake
[0.194s] -- Up-to-date: /home/auto/rmvision_ws/install/armor_creater/share/armor_creater/package.xml
[0.283s] Invoked command in '/home/auto/rmvision_ws/build/armor_creater' returned '0': CMAKE_PREFIX_PATH=/home/auto/rmvision_ws/install/auto_aim_interfaces:/home/auto/rmvision_ws/install/unity_transform:/home/auto/rmvision_ws/install/serial_driver:/home/auto/rmvision_ws/install/rm_vision_bringup:/home/auto/rmvision_ws/install/rm_gimbal_description:/home/auto/rmvision_ws/install/navi_cal:/home/auto/rmvision_ws/install/mindvision_camera:/home/auto/rmvision_ws/install/hik_camera:/home/auto/rmvision_ws/install/base_detector:/home/auto/rmvision_ws/install/armor_tracker:/home/auto/rmvision_ws/install/armor_detector:/home/auto/rmvision_ws/install/armor_creater:/opt/ros/humble LD_LIBRARY_PATH=/home/auto/rmvision_ws/install/auto_aim_interfaces/lib:/opt/intel/openvino_2024.2.0/runtime/3rdparty/tbb/lib:/opt/intel/openvino_2024.2.0/runtime/lib/intel64:/opt/MVS/lib/64:/opt/MVS/lib/32:/opt/intel/openvino_2024.2.0/runtime/3rdparty/tbb/lib:/opt/intel/openvino_2024.2.0/runtime/lib/intel64:/home/auto/rmvision_ws/install/serial_driver/lib:/home/auto/rmvision_ws/install/navi_cal/lib:/home/auto/rmvision_ws/install/mindvision_camera/lib:/home/auto/rmvision_ws/install/hik_camera/lib:/home/auto/rmvision_ws/install/base_detector/lib:/home/auto/rmvision_ws/install/armor_tracker/lib:/home/auto/rmvision_ws/install/armor_detector/lib:/home/auto/rmvision_ws/install/armor_creater/lib:/opt/ros/humble/opt/rviz_ogre_vendor/lib:/opt/ros/humble/lib/x86_64-linux-gnu:/opt/ros/humble/lib:/opt/MVS/lib/64:/opt/MVS/lib/32:/opt/MVS/lib/64:/opt/MVS/lib/32:/opt/MVS/lib/64:/opt/MVS/lib/32:/opt/MVS/lib/64:/opt/MVS/lib/32:/opt/MVS/lib/64:/opt/MVS/lib/32:/usr/local/lib:/usr/local/lib /usr/local/bin/cmake --install /home/auto/rmvision_ws/build/armor_creater
