[0.021s] Invoking command in '/home/auto/rmvision_ws/build/armor_tracker': CMAKE_PREFIX_PATH=/home/auto/rmvision_ws/install/auto_aim_interfaces:/home/auto/rmvision_ws/install/unity_transform:/home/auto/rmvision_ws/install/serial_driver:/home/auto/rmvision_ws/install/rm_vision_bringup:/home/auto/rmvision_ws/install/rm_gimbal_description:/home/auto/rmvision_ws/install/navi_cal:/home/auto/rmvision_ws/install/mindvision_camera:/home/auto/rmvision_ws/install/hik_camera:/home/auto/rmvision_ws/install/base_detector:/home/auto/rmvision_ws/install/armor_tracker:/home/auto/rmvision_ws/install/armor_detector:/home/auto/rmvision_ws/install/armor_creater:/opt/ros/humble LD_LIBRARY_PATH=/home/auto/rmvision_ws/install/auto_aim_interfaces/lib:/opt/intel/openvino_2024.2.0/runtime/3rdparty/tbb/lib:/opt/intel/openvino_2024.2.0/runtime/lib/intel64:/opt/MVS/lib/64:/opt/MVS/lib/32:/opt/intel/openvino_2024.2.0/runtime/3rdparty/tbb/lib:/opt/intel/openvino_2024.2.0/runtime/lib/intel64:/home/auto/rmvision_ws/install/serial_driver/lib:/home/auto/rmvision_ws/install/navi_cal/lib:/home/auto/rmvision_ws/install/mindvision_camera/lib:/home/auto/rmvision_ws/install/hik_camera/lib:/home/auto/rmvision_ws/install/base_detector/lib:/home/auto/rmvision_ws/install/armor_tracker/lib:/home/auto/rmvision_ws/install/armor_detector/lib:/home/auto/rmvision_ws/install/armor_creater/lib:/opt/ros/humble/opt/rviz_ogre_vendor/lib:/opt/ros/humble/lib/x86_64-linux-gnu:/opt/ros/humble/lib:/opt/MVS/lib/64:/opt/MVS/lib/32:/opt/MVS/lib/64:/opt/MVS/lib/32:/opt/MVS/lib/64:/opt/MVS/lib/32:/usr/local/lib:/usr/local/lib /usr/local/bin/cmake --build /home/auto/rmvision_ws/build/armor_tracker -- -j20 -l20
[0.044s] [35m[1mConsolidate compiler generated dependencies of target armor_tracker[0m
[0.050s] [ 25%] Built target armor_tracker_node
[0.066s] [ 37%] [32mBuilding CXX object CMakeFiles/armor_tracker.dir/src/solve_trajectory.cpp.o[0m
[5.711s] [ 50%] [32m[1mLinking CXX shared library libarmor_tracker.so[0m
[6.577s] [100%] Built target armor_tracker
[6.580s] Invoked command in '/home/auto/rmvision_ws/build/armor_tracker' returned '0': CMAKE_PREFIX_PATH=/home/auto/rmvision_ws/install/auto_aim_interfaces:/home/auto/rmvision_ws/install/unity_transform:/home/auto/rmvision_ws/install/serial_driver:/home/auto/rmvision_ws/install/rm_vision_bringup:/home/auto/rmvision_ws/install/rm_gimbal_description:/home/auto/rmvision_ws/install/navi_cal:/home/auto/rmvision_ws/install/mindvision_camera:/home/auto/rmvision_ws/install/hik_camera:/home/auto/rmvision_ws/install/base_detector:/home/auto/rmvision_ws/install/armor_tracker:/home/auto/rmvision_ws/install/armor_detector:/home/auto/rmvision_ws/install/armor_creater:/opt/ros/humble LD_LIBRARY_PATH=/home/auto/rmvision_ws/install/auto_aim_interfaces/lib:/opt/intel/openvino_2024.2.0/runtime/3rdparty/tbb/lib:/opt/intel/openvino_2024.2.0/runtime/lib/intel64:/opt/MVS/lib/64:/opt/MVS/lib/32:/opt/intel/openvino_2024.2.0/runtime/3rdparty/tbb/lib:/opt/intel/openvino_2024.2.0/runtime/lib/intel64:/home/auto/rmvision_ws/install/serial_driver/lib:/home/auto/rmvision_ws/install/navi_cal/lib:/home/auto/rmvision_ws/install/mindvision_camera/lib:/home/auto/rmvision_ws/install/hik_camera/lib:/home/auto/rmvision_ws/install/base_detector/lib:/home/auto/rmvision_ws/install/armor_tracker/lib:/home/auto/rmvision_ws/install/armor_detector/lib:/home/auto/rmvision_ws/install/armor_creater/lib:/opt/ros/humble/opt/rviz_ogre_vendor/lib:/opt/ros/humble/lib/x86_64-linux-gnu:/opt/ros/humble/lib:/opt/MVS/lib/64:/opt/MVS/lib/32:/opt/MVS/lib/64:/opt/MVS/lib/32:/opt/MVS/lib/64:/opt/MVS/lib/32:/usr/local/lib:/usr/local/lib /usr/local/bin/cmake --build /home/auto/rmvision_ws/build/armor_tracker -- -j20 -l20
[6.581s] Invoking command in '/home/auto/rmvision_ws/build/armor_tracker': CMAKE_PREFIX_PATH=/home/auto/rmvision_ws/install/auto_aim_interfaces:/home/auto/rmvision_ws/install/unity_transform:/home/auto/rmvision_ws/install/serial_driver:/home/auto/rmvision_ws/install/rm_vision_bringup:/home/auto/rmvision_ws/install/rm_gimbal_description:/home/auto/rmvision_ws/install/navi_cal:/home/auto/rmvision_ws/install/mindvision_camera:/home/auto/rmvision_ws/install/hik_camera:/home/auto/rmvision_ws/install/base_detector:/home/auto/rmvision_ws/install/armor_tracker:/home/auto/rmvision_ws/install/armor_detector:/home/auto/rmvision_ws/install/armor_creater:/opt/ros/humble LD_LIBRARY_PATH=/home/auto/rmvision_ws/install/auto_aim_interfaces/lib:/opt/intel/openvino_2024.2.0/runtime/3rdparty/tbb/lib:/opt/intel/openvino_2024.2.0/runtime/lib/intel64:/opt/MVS/lib/64:/opt/MVS/lib/32:/opt/intel/openvino_2024.2.0/runtime/3rdparty/tbb/lib:/opt/intel/openvino_2024.2.0/runtime/lib/intel64:/home/auto/rmvision_ws/install/serial_driver/lib:/home/auto/rmvision_ws/install/navi_cal/lib:/home/auto/rmvision_ws/install/mindvision_camera/lib:/home/auto/rmvision_ws/install/hik_camera/lib:/home/auto/rmvision_ws/install/base_detector/lib:/home/auto/rmvision_ws/install/armor_tracker/lib:/home/auto/rmvision_ws/install/armor_detector/lib:/home/auto/rmvision_ws/install/armor_creater/lib:/opt/ros/humble/opt/rviz_ogre_vendor/lib:/opt/ros/humble/lib/x86_64-linux-gnu:/opt/ros/humble/lib:/opt/MVS/lib/64:/opt/MVS/lib/32:/opt/MVS/lib/64:/opt/MVS/lib/32:/opt/MVS/lib/64:/opt/MVS/lib/32:/usr/local/lib:/usr/local/lib /usr/local/bin/cmake --install /home/auto/rmvision_ws/build/armor_tracker
[6.585s] -- Install configuration: ""
[6.585s] -- Up-to-date: /home/auto/rmvision_ws/install/armor_tracker/lib/armor_tracker/armor_tracker_node
[6.585s] -- Up-to-date: /home/auto/rmvision_ws/install/armor_tracker/include
[6.585s] -- Up-to-date: /home/auto/rmvision_ws/install/armor_tracker/include/armor_tracker
[6.585s] -- Up-to-date: /home/auto/rmvision_ws/install/armor_tracker/include/armor_tracker/extended_kalman_filter.hpp
[6.585s] -- Up-to-date: /home/auto/rmvision_ws/install/armor_tracker/include/armor_tracker/solve_trajectory.hpp
[6.585s] -- Up-to-date: /home/auto/rmvision_ws/install/armor_tracker/include/armor_tracker/common_tracker.hpp
[6.585s] -- Up-to-date: /home/auto/rmvision_ws/install/armor_tracker/include/armor_tracker/tracker_node.hpp
[6.585s] -- Up-to-date: /home/auto/rmvision_ws/install/armor_tracker/include/armor_tracker/tracker.hpp
[6.585s] -- Up-to-date: /home/auto/rmvision_ws/install/armor_tracker/share/armor_tracker/environment/library_path.sh
[6.585s] -- Up-to-date: /home/auto/rmvision_ws/install/armor_tracker/share/armor_tracker/environment/library_path.dsv
[6.585s] -- Installing: /home/auto/rmvision_ws/install/armor_tracker/lib/libarmor_tracker.so
[6.597s] -- Set runtime path of "/home/auto/rmvision_ws/install/armor_tracker/lib/libarmor_tracker.so" to ""
[6.597s] -- Up-to-date: /home/auto/rmvision_ws/install/armor_tracker/share/ament_index/resource_index/package_run_dependencies/armor_tracker
[6.597s] -- Up-to-date: /home/auto/rmvision_ws/install/armor_tracker/share/ament_index/resource_index/parent_prefix_path/armor_tracker
[6.597s] -- Up-to-date: /home/auto/rmvision_ws/install/armor_tracker/share/armor_tracker/environment/ament_prefix_path.sh
[6.597s] -- Up-to-date: /home/auto/rmvision_ws/install/armor_tracker/share/armor_tracker/environment/ament_prefix_path.dsv
[6.597s] -- Up-to-date: /home/auto/rmvision_ws/install/armor_tracker/share/armor_tracker/environment/path.sh
[6.598s] -- Up-to-date: /home/auto/rmvision_ws/install/armor_tracker/share/armor_tracker/environment/path.dsv
[6.598s] -- Up-to-date: /home/auto/rmvision_ws/install/armor_tracker/share/armor_tracker/local_setup.bash
[6.598s] -- Up-to-date: /home/auto/rmvision_ws/install/armor_tracker/share/armor_tracker/local_setup.sh
[6.598s] -- Up-to-date: /home/auto/rmvision_ws/install/armor_tracker/share/armor_tracker/local_setup.zsh
[6.598s] -- Up-to-date: /home/auto/rmvision_ws/install/armor_tracker/share/armor_tracker/local_setup.dsv
[6.598s] -- Installing: /home/auto/rmvision_ws/install/armor_tracker/share/armor_tracker/package.dsv
[6.598s] -- Up-to-date: /home/auto/rmvision_ws/install/armor_tracker/share/ament_index/resource_index/packages/armor_tracker
[6.598s] -- Up-to-date: /home/auto/rmvision_ws/install/armor_tracker/share/ament_index/resource_index/rclcpp_components/armor_tracker
[6.598s] -- Up-to-date: /home/auto/rmvision_ws/install/armor_tracker/share/armor_tracker/cmake/ament_cmake_export_dependencies-extras.cmake
[6.598s] -- Up-to-date: /home/auto/rmvision_ws/install/armor_tracker/share/armor_tracker/cmake/ament_cmake_export_include_directories-extras.cmake
[6.598s] -- Up-to-date: /home/auto/rmvision_ws/install/armor_tracker/share/armor_tracker/cmake/ament_cmake_export_libraries-extras.cmake
[6.598s] -- Up-to-date: /home/auto/rmvision_ws/install/armor_tracker/share/armor_tracker/cmake/armor_trackerConfig.cmake
[6.598s] -- Up-to-date: /home/auto/rmvision_ws/install/armor_tracker/share/armor_tracker/cmake/armor_trackerConfig-version.cmake
[6.598s] -- Up-to-date: /home/auto/rmvision_ws/install/armor_tracker/share/armor_tracker/package.xml
[6.599s] Invoked command in '/home/auto/rmvision_ws/build/armor_tracker' returned '0': CMAKE_PREFIX_PATH=/home/auto/rmvision_ws/install/auto_aim_interfaces:/home/auto/rmvision_ws/install/unity_transform:/home/auto/rmvision_ws/install/serial_driver:/home/auto/rmvision_ws/install/rm_vision_bringup:/home/auto/rmvision_ws/install/rm_gimbal_description:/home/auto/rmvision_ws/install/navi_cal:/home/auto/rmvision_ws/install/mindvision_camera:/home/auto/rmvision_ws/install/hik_camera:/home/auto/rmvision_ws/install/base_detector:/home/auto/rmvision_ws/install/armor_tracker:/home/auto/rmvision_ws/install/armor_detector:/home/auto/rmvision_ws/install/armor_creater:/opt/ros/humble LD_LIBRARY_PATH=/home/auto/rmvision_ws/install/auto_aim_interfaces/lib:/opt/intel/openvino_2024.2.0/runtime/3rdparty/tbb/lib:/opt/intel/openvino_2024.2.0/runtime/lib/intel64:/opt/MVS/lib/64:/opt/MVS/lib/32:/opt/intel/openvino_2024.2.0/runtime/3rdparty/tbb/lib:/opt/intel/openvino_2024.2.0/runtime/lib/intel64:/home/auto/rmvision_ws/install/serial_driver/lib:/home/auto/rmvision_ws/install/navi_cal/lib:/home/auto/rmvision_ws/install/mindvision_camera/lib:/home/auto/rmvision_ws/install/hik_camera/lib:/home/auto/rmvision_ws/install/base_detector/lib:/home/auto/rmvision_ws/install/armor_tracker/lib:/home/auto/rmvision_ws/install/armor_detector/lib:/home/auto/rmvision_ws/install/armor_creater/lib:/opt/ros/humble/opt/rviz_ogre_vendor/lib:/opt/ros/humble/lib/x86_64-linux-gnu:/opt/ros/humble/lib:/opt/MVS/lib/64:/opt/MVS/lib/32:/opt/MVS/lib/64:/opt/MVS/lib/32:/opt/MVS/lib/64:/opt/MVS/lib/32:/usr/local/lib:/usr/local/lib /usr/local/bin/cmake --install /home/auto/rmvision_ws/build/armor_tracker
