[0.023s] Invoking command in '/home/auto/rmvision_ws/build/armor_detector': CMAKE_PREFIX_PATH=/home/auto/rmvision_ws/install/auto_aim_interfaces:/home/auto/rmvision_ws/install/unity_transform:/home/auto/rmvision_ws/install/serial_driver:/home/auto/rmvision_ws/install/rm_vision_bringup:/home/auto/rmvision_ws/install/rm_gimbal_description:/home/auto/rmvision_ws/install/navi_cal:/home/auto/rmvision_ws/install/mindvision_camera:/home/auto/rmvision_ws/install/hik_camera:/home/auto/rmvision_ws/install/base_detector:/home/auto/rmvision_ws/install/armor_tracker:/home/auto/rmvision_ws/install/armor_detector:/home/auto/rmvision_ws/install/armor_creater:/opt/ros/humble LD_LIBRARY_PATH=/home/auto/rmvision_ws/install/auto_aim_interfaces/lib:/opt/intel/openvino_2024.2.0/runtime/3rdparty/tbb/lib:/opt/intel/openvino_2024.2.0/runtime/lib/intel64:/opt/MVS/lib/64:/opt/MVS/lib/32:/opt/intel/openvino_2024.2.0/runtime/3rdparty/tbb/lib:/opt/intel/openvino_2024.2.0/runtime/lib/intel64:/home/auto/rmvision_ws/install/serial_driver/lib:/home/auto/rmvision_ws/install/navi_cal/lib:/home/auto/rmvision_ws/install/mindvision_camera/lib:/home/auto/rmvision_ws/install/hik_camera/lib:/home/auto/rmvision_ws/install/base_detector/lib:/home/auto/rmvision_ws/install/armor_tracker/lib:/home/auto/rmvision_ws/install/armor_detector/lib:/home/auto/rmvision_ws/install/armor_creater/lib:/opt/ros/humble/opt/rviz_ogre_vendor/lib:/opt/ros/humble/lib/x86_64-linux-gnu:/opt/ros/humble/lib:/opt/MVS/lib/64:/opt/MVS/lib/32:/opt/MVS/lib/64:/opt/MVS/lib/32:/opt/MVS/lib/64:/opt/MVS/lib/32:/usr/local/lib:/usr/local/lib /usr/local/bin/cmake --build /home/auto/rmvision_ws/build/armor_detector -- -j20 -l20
[0.047s] [ 10%] Built target gtest_main
[0.048s] [ 21%] Built target gtest
[0.050s] [ 31%] Built target armor_detector_node
[0.067s] [ 78%] Built target armor_detector
[0.081s] [ 89%] Built target test_number_cls
[0.087s] [100%] Built target test_node_startup
[0.117s] Invoked command in '/home/auto/rmvision_ws/build/armor_detector' returned '0': CMAKE_PREFIX_PATH=/home/auto/rmvision_ws/install/auto_aim_interfaces:/home/auto/rmvision_ws/install/unity_transform:/home/auto/rmvision_ws/install/serial_driver:/home/auto/rmvision_ws/install/rm_vision_bringup:/home/auto/rmvision_ws/install/rm_gimbal_description:/home/auto/rmvision_ws/install/navi_cal:/home/auto/rmvision_ws/install/mindvision_camera:/home/auto/rmvision_ws/install/hik_camera:/home/auto/rmvision_ws/install/base_detector:/home/auto/rmvision_ws/install/armor_tracker:/home/auto/rmvision_ws/install/armor_detector:/home/auto/rmvision_ws/install/armor_creater:/opt/ros/humble LD_LIBRARY_PATH=/home/auto/rmvision_ws/install/auto_aim_interfaces/lib:/opt/intel/openvino_2024.2.0/runtime/3rdparty/tbb/lib:/opt/intel/openvino_2024.2.0/runtime/lib/intel64:/opt/MVS/lib/64:/opt/MVS/lib/32:/opt/intel/openvino_2024.2.0/runtime/3rdparty/tbb/lib:/opt/intel/openvino_2024.2.0/runtime/lib/intel64:/home/auto/rmvision_ws/install/serial_driver/lib:/home/auto/rmvision_ws/install/navi_cal/lib:/home/auto/rmvision_ws/install/mindvision_camera/lib:/home/auto/rmvision_ws/install/hik_camera/lib:/home/auto/rmvision_ws/install/base_detector/lib:/home/auto/rmvision_ws/install/armor_tracker/lib:/home/auto/rmvision_ws/install/armor_detector/lib:/home/auto/rmvision_ws/install/armor_creater/lib:/opt/ros/humble/opt/rviz_ogre_vendor/lib:/opt/ros/humble/lib/x86_64-linux-gnu:/opt/ros/humble/lib:/opt/MVS/lib/64:/opt/MVS/lib/32:/opt/MVS/lib/64:/opt/MVS/lib/32:/opt/MVS/lib/64:/opt/MVS/lib/32:/usr/local/lib:/usr/local/lib /usr/local/bin/cmake --build /home/auto/rmvision_ws/build/armor_detector -- -j20 -l20
[0.118s] Invoking command in '/home/auto/rmvision_ws/build/armor_detector': CMAKE_PREFIX_PATH=/home/auto/rmvision_ws/install/auto_aim_interfaces:/home/auto/rmvision_ws/install/unity_transform:/home/auto/rmvision_ws/install/serial_driver:/home/auto/rmvision_ws/install/rm_vision_bringup:/home/auto/rmvision_ws/install/rm_gimbal_description:/home/auto/rmvision_ws/install/navi_cal:/home/auto/rmvision_ws/install/mindvision_camera:/home/auto/rmvision_ws/install/hik_camera:/home/auto/rmvision_ws/install/base_detector:/home/auto/rmvision_ws/install/armor_tracker:/home/auto/rmvision_ws/install/armor_detector:/home/auto/rmvision_ws/install/armor_creater:/opt/ros/humble LD_LIBRARY_PATH=/home/auto/rmvision_ws/install/auto_aim_interfaces/lib:/opt/intel/openvino_2024.2.0/runtime/3rdparty/tbb/lib:/opt/intel/openvino_2024.2.0/runtime/lib/intel64:/opt/MVS/lib/64:/opt/MVS/lib/32:/opt/intel/openvino_2024.2.0/runtime/3rdparty/tbb/lib:/opt/intel/openvino_2024.2.0/runtime/lib/intel64:/home/auto/rmvision_ws/install/serial_driver/lib:/home/auto/rmvision_ws/install/navi_cal/lib:/home/auto/rmvision_ws/install/mindvision_camera/lib:/home/auto/rmvision_ws/install/hik_camera/lib:/home/auto/rmvision_ws/install/base_detector/lib:/home/auto/rmvision_ws/install/armor_tracker/lib:/home/auto/rmvision_ws/install/armor_detector/lib:/home/auto/rmvision_ws/install/armor_creater/lib:/opt/ros/humble/opt/rviz_ogre_vendor/lib:/opt/ros/humble/lib/x86_64-linux-gnu:/opt/ros/humble/lib:/opt/MVS/lib/64:/opt/MVS/lib/32:/opt/MVS/lib/64:/opt/MVS/lib/32:/opt/MVS/lib/64:/opt/MVS/lib/32:/usr/local/lib:/usr/local/lib /usr/local/bin/cmake --install /home/auto/rmvision_ws/build/armor_detector
[0.124s] -- Install configuration: ""
[0.124s] -- Up-to-date: /home/auto/rmvision_ws/install/armor_detector/lib/armor_detector/armor_detector_node
[0.124s] -- Up-to-date: /home/auto/rmvision_ws/install/armor_detector/include
[0.124s] -- Up-to-date: /home/auto/rmvision_ws/install/armor_detector/include/armor_detector
[0.125s] -- Up-to-date: /home/auto/rmvision_ws/install/armor_detector/include/armor_detector/pnp_solver.hpp
[0.125s] -- Up-to-date: /home/auto/rmvision_ws/install/armor_detector/include/armor_detector/detector_node.hpp
[0.125s] -- Up-to-date: /home/auto/rmvision_ws/install/armor_detector/include/armor_detector/utils.hpp
[0.125s] -- Up-to-date: /home/auto/rmvision_ws/install/armor_detector/include/armor_detector/number_classifier.hpp
[0.125s] -- Up-to-date: /home/auto/rmvision_ws/install/armor_detector/include/armor_detector/graph_optimizer.hpp
[0.126s] -- Up-to-date: /home/auto/rmvision_ws/install/armor_detector/include/armor_detector/detector.hpp
[0.126s] -- Up-to-date: /home/auto/rmvision_ws/install/armor_detector/include/armor_detector/light_corner_corrector.hpp
[0.126s] -- Up-to-date: /home/auto/rmvision_ws/install/armor_detector/include/armor_detector/armor.hpp
[0.126s] -- Up-to-date: /home/auto/rmvision_ws/install/armor_detector/include/armor_detector/ba_solver.hpp
[0.126s] -- Up-to-date: /home/auto/rmvision_ws/install/armor_detector/share/armor_detector/environment/library_path.sh
[0.126s] -- Up-to-date: /home/auto/rmvision_ws/install/armor_detector/share/armor_detector/environment/library_path.dsv
[0.126s] -- Up-to-date: /home/auto/rmvision_ws/install/armor_detector/lib/libarmor_detector.so
[0.126s] -- Up-to-date: /home/auto/rmvision_ws/install/armor_detector/share/armor_detector/model
[0.126s] -- Up-to-date: /home/auto/rmvision_ws/install/armor_detector/share/armor_detector/model/cpu_test.onnx
[0.126s] -- Up-to-date: /home/auto/rmvision_ws/install/armor_detector/share/armor_detector/model/best.onnx
[0.127s] -- Up-to-date: /home/auto/rmvision_ws/install/armor_detector/share/armor_detector/model/lenet5_threshold_32x32_20240706.onnx
[0.127s] -- Up-to-date: /home/auto/rmvision_ws/install/armor_detector/share/armor_detector/model/lenet5_threshold_32x32.onnx
[0.127s] -- Up-to-date: /home/auto/rmvision_ws/install/armor_detector/share/armor_detector/model/lenet5_threshold_32x32_20240326_2.onnx
[0.127s] -- Up-to-date: /home/auto/rmvision_ws/install/armor_detector/share/armor_detector/model/lenet5_threshold_32x32__20240325.onnx
[0.127s] -- Up-to-date: /home/auto/rmvision_ws/install/armor_detector/share/armor_detector/model/new_gray_cpu.onnx
[0.127s] -- Up-to-date: /home/auto/rmvision_ws/install/armor_detector/share/armor_detector/model/lenet5_threshold_32x32_010_015.onnx
[0.127s] -- Up-to-date: /home/auto/rmvision_ws/install/armor_detector/share/armor_detector/model/lenet5_threshold_32x32.pth
[0.127s] -- Up-to-date: /home/auto/rmvision_ws/install/armor_detector/share/armor_detector/model/label.txt
[0.127s] -- Up-to-date: /home/auto/rmvision_ws/install/armor_detector/share/armor_detector/model/lenet5_gray_32x32.pth
[0.127s] -- Up-to-date: /home/auto/rmvision_ws/install/armor_detector/share/armor_detector/model/lenet5_threshold_32x32_002_005.onnx
[0.127s] -- Up-to-date: /home/auto/rmvision_ws/install/armor_detector/share/armor_detector/model/mlp.onnx
[0.127s] -- Up-to-date: /home/auto/rmvision_ws/install/armor_detector/share/armor_detector/model/lenet5_threshold_32x32_20240728.onnx
[0.127s] -- Up-to-date: /home/auto/rmvision_ws/install/armor_detector/share/armor_detector/model/lenet5_threshold_32x32_20240327.onnx
[0.127s] -- Up-to-date: /home/auto/rmvision_ws/install/armor_detector/share/armor_detector/model/lenet5_threshold_32x32_20240325_2.onnx
[0.127s] -- Up-to-date: /home/auto/rmvision_ws/install/armor_detector/share/armor_detector/model/lenet5_threshold_32x32_20240731.onnx
[0.127s] -- Up-to-date: /home/auto/rmvision_ws/install/armor_detector/share/armor_detector/model/lenet5_gray_32x32.onnx
[0.127s] -- Up-to-date: /home/auto/rmvision_ws/install/armor_detector/share/ament_index/resource_index/package_run_dependencies/armor_detector
[0.127s] -- Up-to-date: /home/auto/rmvision_ws/install/armor_detector/share/ament_index/resource_index/parent_prefix_path/armor_detector
[0.127s] -- Up-to-date: /home/auto/rmvision_ws/install/armor_detector/share/armor_detector/environment/ament_prefix_path.sh
[0.127s] -- Up-to-date: /home/auto/rmvision_ws/install/armor_detector/share/armor_detector/environment/ament_prefix_path.dsv
[0.127s] -- Up-to-date: /home/auto/rmvision_ws/install/armor_detector/share/armor_detector/environment/path.sh
[0.127s] -- Up-to-date: /home/auto/rmvision_ws/install/armor_detector/share/armor_detector/environment/path.dsv
[0.127s] -- Up-to-date: /home/auto/rmvision_ws/install/armor_detector/share/armor_detector/local_setup.bash
[0.128s] -- Up-to-date: /home/auto/rmvision_ws/install/armor_detector/share/armor_detector/local_setup.sh
[0.128s] -- Up-to-date: /home/auto/rmvision_ws/install/armor_detector/share/armor_detector/local_setup.zsh
[0.128s] -- Up-to-date: /home/auto/rmvision_ws/install/armor_detector/share/armor_detector/local_setup.dsv
[0.128s] -- Installing: /home/auto/rmvision_ws/install/armor_detector/share/armor_detector/package.dsv
[0.128s] -- Up-to-date: /home/auto/rmvision_ws/install/armor_detector/share/ament_index/resource_index/packages/armor_detector
[0.128s] -- Up-to-date: /home/auto/rmvision_ws/install/armor_detector/share/ament_index/resource_index/rclcpp_components/armor_detector
[0.128s] -- Up-to-date: /home/auto/rmvision_ws/install/armor_detector/share/armor_detector/cmake/ament_cmake_export_dependencies-extras.cmake
[0.128s] -- Up-to-date: /home/auto/rmvision_ws/install/armor_detector/share/armor_detector/cmake/ament_cmake_export_include_directories-extras.cmake
[0.128s] -- Up-to-date: /home/auto/rmvision_ws/install/armor_detector/share/armor_detector/cmake/ament_cmake_export_libraries-extras.cmake
[0.128s] -- Up-to-date: /home/auto/rmvision_ws/install/armor_detector/share/armor_detector/cmake/armor_detectorConfig.cmake
[0.128s] -- Up-to-date: /home/auto/rmvision_ws/install/armor_detector/share/armor_detector/cmake/armor_detectorConfig-version.cmake
[0.128s] -- Up-to-date: /home/auto/rmvision_ws/install/armor_detector/share/armor_detector/package.xml
[0.142s] Invoked command in '/home/auto/rmvision_ws/build/armor_detector' returned '0': CMAKE_PREFIX_PATH=/home/auto/rmvision_ws/install/auto_aim_interfaces:/home/auto/rmvision_ws/install/unity_transform:/home/auto/rmvision_ws/install/serial_driver:/home/auto/rmvision_ws/install/rm_vision_bringup:/home/auto/rmvision_ws/install/rm_gimbal_description:/home/auto/rmvision_ws/install/navi_cal:/home/auto/rmvision_ws/install/mindvision_camera:/home/auto/rmvision_ws/install/hik_camera:/home/auto/rmvision_ws/install/base_detector:/home/auto/rmvision_ws/install/armor_tracker:/home/auto/rmvision_ws/install/armor_detector:/home/auto/rmvision_ws/install/armor_creater:/opt/ros/humble LD_LIBRARY_PATH=/home/auto/rmvision_ws/install/auto_aim_interfaces/lib:/opt/intel/openvino_2024.2.0/runtime/3rdparty/tbb/lib:/opt/intel/openvino_2024.2.0/runtime/lib/intel64:/opt/MVS/lib/64:/opt/MVS/lib/32:/opt/intel/openvino_2024.2.0/runtime/3rdparty/tbb/lib:/opt/intel/openvino_2024.2.0/runtime/lib/intel64:/home/auto/rmvision_ws/install/serial_driver/lib:/home/auto/rmvision_ws/install/navi_cal/lib:/home/auto/rmvision_ws/install/mindvision_camera/lib:/home/auto/rmvision_ws/install/hik_camera/lib:/home/auto/rmvision_ws/install/base_detector/lib:/home/auto/rmvision_ws/install/armor_tracker/lib:/home/auto/rmvision_ws/install/armor_detector/lib:/home/auto/rmvision_ws/install/armor_creater/lib:/opt/ros/humble/opt/rviz_ogre_vendor/lib:/opt/ros/humble/lib/x86_64-linux-gnu:/opt/ros/humble/lib:/opt/MVS/lib/64:/opt/MVS/lib/32:/opt/MVS/lib/64:/opt/MVS/lib/32:/opt/MVS/lib/64:/opt/MVS/lib/32:/usr/local/lib:/usr/local/lib /usr/local/bin/cmake --install /home/auto/rmvision_ws/build/armor_detector
