[0.028s] Invoking command in '/home/auto/rmvision_ws/build/hik_camera': CMAKE_PREFIX_PATH=/home/auto/rmvision_ws/install/auto_aim_interfaces:/home/auto/rmvision_ws/install/unity_transform:/home/auto/rmvision_ws/install/serial_driver:/home/auto/rmvision_ws/install/rm_vision_bringup:/home/auto/rmvision_ws/install/rm_gimbal_description:/home/auto/rmvision_ws/install/navi_cal:/home/auto/rmvision_ws/install/mindvision_camera:/home/auto/rmvision_ws/install/hik_camera:/home/auto/rmvision_ws/install/base_detector:/home/auto/rmvision_ws/install/armor_tracker:/home/auto/rmvision_ws/install/armor_detector:/home/auto/rmvision_ws/install/armor_creater:/opt/ros/humble LD_LIBRARY_PATH=/home/auto/rmvision_ws/install/auto_aim_interfaces/lib:/opt/intel/openvino_2024.2.0/runtime/3rdparty/tbb/lib:/opt/intel/openvino_2024.2.0/runtime/lib/intel64:/opt/MVS/lib/64:/opt/MVS/lib/32:/opt/intel/openvino_2024.2.0/runtime/3rdparty/tbb/lib:/opt/intel/openvino_2024.2.0/runtime/lib/intel64:/home/auto/rmvision_ws/install/serial_driver/lib:/home/auto/rmvision_ws/install/navi_cal/lib:/home/auto/rmvision_ws/install/mindvision_camera/lib:/home/auto/rmvision_ws/install/hik_camera/lib:/home/auto/rmvision_ws/install/base_detector/lib:/home/auto/rmvision_ws/install/armor_tracker/lib:/home/auto/rmvision_ws/install/armor_detector/lib:/home/auto/rmvision_ws/install/armor_creater/lib:/opt/ros/humble/opt/rviz_ogre_vendor/lib:/opt/ros/humble/lib/x86_64-linux-gnu:/opt/ros/humble/lib:/opt/MVS/lib/64:/opt/MVS/lib/32:/opt/MVS/lib/64:/opt/MVS/lib/32:/opt/MVS/lib/64:/opt/MVS/lib/32:/usr/local/lib:/usr/local/lib /usr/local/bin/cmake --build /home/auto/rmvision_ws/build/hik_camera -- -j20 -l20
[0.067s] [ 50%] Built target hik_camera_node
[0.067s] [100%] Built target hik_camera
[0.076s] Invoked command in '/home/auto/rmvision_ws/build/hik_camera' returned '0': CMAKE_PREFIX_PATH=/home/auto/rmvision_ws/install/auto_aim_interfaces:/home/auto/rmvision_ws/install/unity_transform:/home/auto/rmvision_ws/install/serial_driver:/home/auto/rmvision_ws/install/rm_vision_bringup:/home/auto/rmvision_ws/install/rm_gimbal_description:/home/auto/rmvision_ws/install/navi_cal:/home/auto/rmvision_ws/install/mindvision_camera:/home/auto/rmvision_ws/install/hik_camera:/home/auto/rmvision_ws/install/base_detector:/home/auto/rmvision_ws/install/armor_tracker:/home/auto/rmvision_ws/install/armor_detector:/home/auto/rmvision_ws/install/armor_creater:/opt/ros/humble LD_LIBRARY_PATH=/home/auto/rmvision_ws/install/auto_aim_interfaces/lib:/opt/intel/openvino_2024.2.0/runtime/3rdparty/tbb/lib:/opt/intel/openvino_2024.2.0/runtime/lib/intel64:/opt/MVS/lib/64:/opt/MVS/lib/32:/opt/intel/openvino_2024.2.0/runtime/3rdparty/tbb/lib:/opt/intel/openvino_2024.2.0/runtime/lib/intel64:/home/auto/rmvision_ws/install/serial_driver/lib:/home/auto/rmvision_ws/install/navi_cal/lib:/home/auto/rmvision_ws/install/mindvision_camera/lib:/home/auto/rmvision_ws/install/hik_camera/lib:/home/auto/rmvision_ws/install/base_detector/lib:/home/auto/rmvision_ws/install/armor_tracker/lib:/home/auto/rmvision_ws/install/armor_detector/lib:/home/auto/rmvision_ws/install/armor_creater/lib:/opt/ros/humble/opt/rviz_ogre_vendor/lib:/opt/ros/humble/lib/x86_64-linux-gnu:/opt/ros/humble/lib:/opt/MVS/lib/64:/opt/MVS/lib/32:/opt/MVS/lib/64:/opt/MVS/lib/32:/opt/MVS/lib/64:/opt/MVS/lib/32:/usr/local/lib:/usr/local/lib /usr/local/bin/cmake --build /home/auto/rmvision_ws/build/hik_camera -- -j20 -l20
[0.077s] Invoking command in '/home/auto/rmvision_ws/build/hik_camera': CMAKE_PREFIX_PATH=/home/auto/rmvision_ws/install/auto_aim_interfaces:/home/auto/rmvision_ws/install/unity_transform:/home/auto/rmvision_ws/install/serial_driver:/home/auto/rmvision_ws/install/rm_vision_bringup:/home/auto/rmvision_ws/install/rm_gimbal_description:/home/auto/rmvision_ws/install/navi_cal:/home/auto/rmvision_ws/install/mindvision_camera:/home/auto/rmvision_ws/install/hik_camera:/home/auto/rmvision_ws/install/base_detector:/home/auto/rmvision_ws/install/armor_tracker:/home/auto/rmvision_ws/install/armor_detector:/home/auto/rmvision_ws/install/armor_creater:/opt/ros/humble LD_LIBRARY_PATH=/home/auto/rmvision_ws/install/auto_aim_interfaces/lib:/opt/intel/openvino_2024.2.0/runtime/3rdparty/tbb/lib:/opt/intel/openvino_2024.2.0/runtime/lib/intel64:/opt/MVS/lib/64:/opt/MVS/lib/32:/opt/intel/openvino_2024.2.0/runtime/3rdparty/tbb/lib:/opt/intel/openvino_2024.2.0/runtime/lib/intel64:/home/auto/rmvision_ws/install/serial_driver/lib:/home/auto/rmvision_ws/install/navi_cal/lib:/home/auto/rmvision_ws/install/mindvision_camera/lib:/home/auto/rmvision_ws/install/hik_camera/lib:/home/auto/rmvision_ws/install/base_detector/lib:/home/auto/rmvision_ws/install/armor_tracker/lib:/home/auto/rmvision_ws/install/armor_detector/lib:/home/auto/rmvision_ws/install/armor_creater/lib:/opt/ros/humble/opt/rviz_ogre_vendor/lib:/opt/ros/humble/lib/x86_64-linux-gnu:/opt/ros/humble/lib:/opt/MVS/lib/64:/opt/MVS/lib/32:/opt/MVS/lib/64:/opt/MVS/lib/32:/opt/MVS/lib/64:/opt/MVS/lib/32:/usr/local/lib:/usr/local/lib /usr/local/bin/cmake --install /home/auto/rmvision_ws/build/hik_camera
[0.087s] -- Install configuration: ""
[0.087s] -- Up-to-date: /home/auto/rmvision_ws/install/hik_camera/lib
[0.087s] -- Up-to-date: /home/auto/rmvision_ws/install/hik_camera/lib/libMVGigEVisionSDK.so.4.5.0.3
[0.087s] -- Up-to-date: /home/auto/rmvision_ws/install/hik_camera/lib/libMvCamLVision.so.4.4.1.2
[0.087s] -- Up-to-date: /home/auto/rmvision_ws/install/hik_camera/lib/MvFGProducerCML.cti
[0.087s] -- Up-to-date: /home/auto/rmvision_ws/install/hik_camera/lib/MvFGProducerXoF.cti
[0.087s] -- Up-to-date: /home/auto/rmvision_ws/install/hik_camera/lib/libusb-1.0.so.0
[0.087s] -- Up-to-date: /home/auto/rmvision_ws/install/hik_camera/lib/CommonParameters.ini
[0.087s] -- Up-to-date: /home/auto/rmvision_ws/install/hik_camera/lib/libMvCameraControlWrapper.so.4.5.0.1
[0.087s] -- Up-to-date: /home/auto/rmvision_ws/install/hik_camera/lib/MvProducerGEV.cti
[0.087s] -- Up-to-date: /home/auto/rmvision_ws/install/hik_camera/lib/MvProducerU3V.cti
[0.087s] -- Up-to-date: /home/auto/rmvision_ws/install/hik_camera/lib/MvFGProducerCXP.cti
[0.087s] -- Up-to-date: /home/auto/rmvision_ws/install/hik_camera/lib/MvFGProducerGEV.cti
[0.087s] -- Up-to-date: /home/auto/rmvision_ws/install/hik_camera/lib/libMvCameraControl.so.4.5.0.3
[0.087s] -- Up-to-date: /home/auto/rmvision_ws/install/hik_camera/lib/libMvUsb3vTL.so.4.5.0.3
[0.087s] -- Up-to-date: /home/auto/rmvision_ws/install/hik_camera/lib/hik_camera/hik_camera_node
[0.087s] -- Up-to-date: /home/auto/rmvision_ws/install/hik_camera/share/hik_camera/environment/library_path.sh
[0.087s] -- Up-to-date: /home/auto/rmvision_ws/install/hik_camera/share/hik_camera/environment/library_path.dsv
[0.088s] -- Up-to-date: /home/auto/rmvision_ws/install/hik_camera/lib/libhik_camera.so
[0.088s] -- Up-to-date: /home/auto/rmvision_ws/install/hik_camera/share/hik_camera/config
[0.088s] -- Up-to-date: /home/auto/rmvision_ws/install/hik_camera/share/hik_camera/config/camera_params.yaml
[0.088s] -- Up-to-date: /home/auto/rmvision_ws/install/hik_camera/share/hik_camera/config/camera_info.yaml
[0.088s] -- Up-to-date: /home/auto/rmvision_ws/install/hik_camera/share/hik_camera/launch
[0.088s] -- Up-to-date: /home/auto/rmvision_ws/install/hik_camera/share/hik_camera/launch/hik_camera.launch.py
[0.088s] -- Up-to-date: /home/auto/rmvision_ws/install/hik_camera/share/ament_index/resource_index/package_run_dependencies/hik_camera
[0.088s] -- Up-to-date: /home/auto/rmvision_ws/install/hik_camera/share/ament_index/resource_index/parent_prefix_path/hik_camera
[0.088s] -- Up-to-date: /home/auto/rmvision_ws/install/hik_camera/share/hik_camera/environment/ament_prefix_path.sh
[0.088s] -- Up-to-date: /home/auto/rmvision_ws/install/hik_camera/share/hik_camera/environment/ament_prefix_path.dsv
[0.088s] -- Up-to-date: /home/auto/rmvision_ws/install/hik_camera/share/hik_camera/environment/path.sh
[0.088s] -- Up-to-date: /home/auto/rmvision_ws/install/hik_camera/share/hik_camera/environment/path.dsv
[0.088s] -- Up-to-date: /home/auto/rmvision_ws/install/hik_camera/share/hik_camera/local_setup.bash
[0.088s] -- Up-to-date: /home/auto/rmvision_ws/install/hik_camera/share/hik_camera/local_setup.sh
[0.089s] -- Up-to-date: /home/auto/rmvision_ws/install/hik_camera/share/hik_camera/local_setup.zsh
[0.089s] -- Up-to-date: /home/auto/rmvision_ws/install/hik_camera/share/hik_camera/local_setup.dsv
[0.089s] -- Installing: /home/auto/rmvision_ws/install/hik_camera/share/hik_camera/package.dsv
[0.089s] -- Up-to-date: /home/auto/rmvision_ws/install/hik_camera/share/ament_index/resource_index/packages/hik_camera
[0.089s] -- Up-to-date: /home/auto/rmvision_ws/install/hik_camera/share/ament_index/resource_index/rclcpp_components/hik_camera
[0.090s] -- Up-to-date: /home/auto/rmvision_ws/install/hik_camera/share/hik_camera/cmake/ament_cmake_export_dependencies-extras.cmake
[0.090s] -- Up-to-date: /home/auto/rmvision_ws/install/hik_camera/share/hik_camera/cmake/ament_cmake_export_libraries-extras.cmake
[0.090s] -- Up-to-date: /home/auto/rmvision_ws/install/hik_camera/share/hik_camera/cmake/hik_cameraConfig.cmake
[0.090s] -- Up-to-date: /home/auto/rmvision_ws/install/hik_camera/share/hik_camera/cmake/hik_cameraConfig-version.cmake
[0.090s] -- Up-to-date: /home/auto/rmvision_ws/install/hik_camera/share/hik_camera/package.xml
[0.109s] Invoked command in '/home/auto/rmvision_ws/build/hik_camera' returned '0': CMAKE_PREFIX_PATH=/home/auto/rmvision_ws/install/auto_aim_interfaces:/home/auto/rmvision_ws/install/unity_transform:/home/auto/rmvision_ws/install/serial_driver:/home/auto/rmvision_ws/install/rm_vision_bringup:/home/auto/rmvision_ws/install/rm_gimbal_description:/home/auto/rmvision_ws/install/navi_cal:/home/auto/rmvision_ws/install/mindvision_camera:/home/auto/rmvision_ws/install/hik_camera:/home/auto/rmvision_ws/install/base_detector:/home/auto/rmvision_ws/install/armor_tracker:/home/auto/rmvision_ws/install/armor_detector:/home/auto/rmvision_ws/install/armor_creater:/opt/ros/humble LD_LIBRARY_PATH=/home/auto/rmvision_ws/install/auto_aim_interfaces/lib:/opt/intel/openvino_2024.2.0/runtime/3rdparty/tbb/lib:/opt/intel/openvino_2024.2.0/runtime/lib/intel64:/opt/MVS/lib/64:/opt/MVS/lib/32:/opt/intel/openvino_2024.2.0/runtime/3rdparty/tbb/lib:/opt/intel/openvino_2024.2.0/runtime/lib/intel64:/home/auto/rmvision_ws/install/serial_driver/lib:/home/auto/rmvision_ws/install/navi_cal/lib:/home/auto/rmvision_ws/install/mindvision_camera/lib:/home/auto/rmvision_ws/install/hik_camera/lib:/home/auto/rmvision_ws/install/base_detector/lib:/home/auto/rmvision_ws/install/armor_tracker/lib:/home/auto/rmvision_ws/install/armor_detector/lib:/home/auto/rmvision_ws/install/armor_creater/lib:/opt/ros/humble/opt/rviz_ogre_vendor/lib:/opt/ros/humble/lib/x86_64-linux-gnu:/opt/ros/humble/lib:/opt/MVS/lib/64:/opt/MVS/lib/32:/opt/MVS/lib/64:/opt/MVS/lib/32:/opt/MVS/lib/64:/opt/MVS/lib/32:/usr/local/lib:/usr/local/lib /usr/local/bin/cmake --install /home/auto/rmvision_ws/build/hik_camera
