[35m[1mConsolidate compiler generated dependencies of target serial_driver_node[0m
[35m[1mConsolidate compiler generated dependencies of target serial_driver[0m
[ 33%] Built target serial_driver_node
[100%] Built target serial_driver
-- Install configuration: ""
-- Installing: /home/auto/rmvision_ws/install/serial_driver/lib/serial_driver/serial_driver_node
-- Set runtime path of "/home/auto/rmvision_ws/install/serial_driver/lib/serial_driver/serial_driver_node" to ""
-- Installing: /home/auto/rmvision_ws/install/serial_driver/include
-- Installing: /home/auto/rmvision_ws/install/serial_driver/include/serial_driver
-- Installing: /home/auto/rmvision_ws/install/serial_driver/include/serial_driver/serial_driver_node.hpp
-- Installing: /home/auto/rmvision_ws/install/serial_driver/include/serial_device.h
-- Installing: /home/auto/rmvision_ws/install/serial_driver/include/hardware_interface.h
-- Installing: /home/auto/rmvision_ws/install/serial_driver/include/protocol.h
-- Installing: /home/auto/rmvision_ws/install/serial_driver/include/crc.h
-- Installing: /home/auto/rmvision_ws/install/serial_driver/share/serial_driver/environment/library_path.sh
-- Installing: /home/auto/rmvision_ws/install/serial_driver/share/serial_driver/environment/library_path.dsv
-- Installing: /home/auto/rmvision_ws/install/serial_driver/lib/libserial_driver.so
-- Set runtime path of "/home/auto/rmvision_ws/install/serial_driver/lib/libserial_driver.so" to ""
-- Installing: /home/auto/rmvision_ws/install/serial_driver/share/ament_index/resource_index/package_run_dependencies/serial_driver
-- Installing: /home/auto/rmvision_ws/install/serial_driver/share/ament_index/resource_index/parent_prefix_path/serial_driver
-- Installing: /home/auto/rmvision_ws/install/serial_driver/share/serial_driver/environment/ament_prefix_path.sh
-- Installing: /home/auto/rmvision_ws/install/serial_driver/share/serial_driver/environment/ament_prefix_path.dsv
-- Installing: /home/auto/rmvision_ws/install/serial_driver/share/serial_driver/environment/path.sh
-- Installing: /home/auto/rmvision_ws/install/serial_driver/share/serial_driver/environment/path.dsv
-- Installing: /home/auto/rmvision_ws/install/serial_driver/share/serial_driver/local_setup.bash
-- Installing: /home/auto/rmvision_ws/install/serial_driver/share/serial_driver/local_setup.sh
-- Installing: /home/auto/rmvision_ws/install/serial_driver/share/serial_driver/local_setup.zsh
-- Installing: /home/auto/rmvision_ws/install/serial_driver/share/serial_driver/local_setup.dsv
-- Installing: /home/auto/rmvision_ws/install/serial_driver/share/serial_driver/package.dsv
-- Installing: /home/auto/rmvision_ws/install/serial_driver/share/ament_index/resource_index/packages/serial_driver
-- Installing: /home/auto/rmvision_ws/install/serial_driver/share/ament_index/resource_index/rclcpp_components/serial_driver
-- Installing: /home/auto/rmvision_ws/install/serial_driver/share/serial_driver/cmake/ament_cmake_export_dependencies-extras.cmake
-- Installing: /home/auto/rmvision_ws/install/serial_driver/share/serial_driver/cmake/ament_cmake_export_include_directories-extras.cmake
-- Installing: /home/auto/rmvision_ws/install/serial_driver/share/serial_driver/cmake/ament_cmake_export_libraries-extras.cmake
-- Installing: /home/auto/rmvision_ws/install/serial_driver/share/serial_driver/cmake/serial_driverConfig.cmake
-- Installing: /home/auto/rmvision_ws/install/serial_driver/share/serial_driver/cmake/serial_driverConfig-version.cmake
-- Installing: /home/auto/rmvision_ws/install/serial_driver/share/serial_driver/package.xml
