[0.033s] Invoking command in '/home/auto/rmvision_ws/build/serial_driver': CMAKE_PREFIX_PATH=/home/auto/rmvision_ws/install/auto_aim_interfaces:/home/auto/rmvision_ws/install/unity_transform:/home/auto/rmvision_ws/install/serial_driver:/home/auto/rmvision_ws/install/rm_vision_bringup:/home/auto/rmvision_ws/install/rm_gimbal_description:/home/auto/rmvision_ws/install/navi_cal:/home/auto/rmvision_ws/install/mindvision_camera:/home/auto/rmvision_ws/install/hik_camera:/home/auto/rmvision_ws/install/base_detector:/home/auto/rmvision_ws/install/armor_tracker:/home/auto/rmvision_ws/install/armor_detector:/home/auto/rmvision_ws/install/armor_creater:/opt/ros/humble LD_LIBRARY_PATH=/home/auto/rmvision_ws/install/auto_aim_interfaces/lib:/opt/intel/openvino_2024.2.0/runtime/3rdparty/tbb/lib:/opt/intel/openvino_2024.2.0/runtime/lib/intel64:/opt/MVS/lib/64:/opt/MVS/lib/32:/opt/intel/openvino_2024.2.0/runtime/3rdparty/tbb/lib:/opt/intel/openvino_2024.2.0/runtime/lib/intel64:/home/auto/rmvision_ws/install/serial_driver/lib:/home/auto/rmvision_ws/install/navi_cal/lib:/home/auto/rmvision_ws/install/mindvision_camera/lib:/home/auto/rmvision_ws/install/hik_camera/lib:/home/auto/rmvision_ws/install/base_detector/lib:/home/auto/rmvision_ws/install/armor_tracker/lib:/home/auto/rmvision_ws/install/armor_detector/lib:/home/auto/rmvision_ws/install/armor_creater/lib:/opt/ros/humble/opt/rviz_ogre_vendor/lib:/opt/ros/humble/lib/x86_64-linux-gnu:/opt/ros/humble/lib:/opt/MVS/lib/64:/opt/MVS/lib/32:/opt/MVS/lib/64:/opt/MVS/lib/32:/opt/MVS/lib/64:/opt/MVS/lib/32:/usr/local/lib:/usr/local/lib /usr/local/bin/cmake --build /home/auto/rmvision_ws/build/serial_driver -- -j20 -l20
[0.059s] [35m[1mConsolidate compiler generated dependencies of target serial_driver[0m
[0.067s] [ 33%] Built target serial_driver_node
[0.075s] [ 50%] [32mBuilding CXX object CMakeFiles/serial_driver.dir/src/serial_driver_node.cpp.o[0m
[7.413s] [ 66%] [32m[1mLinking CXX shared library libserial_driver.so[0m
[7.790s] [100%] Built target serial_driver
[7.794s] Invoked command in '/home/auto/rmvision_ws/build/serial_driver' returned '0': CMAKE_PREFIX_PATH=/home/auto/rmvision_ws/install/auto_aim_interfaces:/home/auto/rmvision_ws/install/unity_transform:/home/auto/rmvision_ws/install/serial_driver:/home/auto/rmvision_ws/install/rm_vision_bringup:/home/auto/rmvision_ws/install/rm_gimbal_description:/home/auto/rmvision_ws/install/navi_cal:/home/auto/rmvision_ws/install/mindvision_camera:/home/auto/rmvision_ws/install/hik_camera:/home/auto/rmvision_ws/install/base_detector:/home/auto/rmvision_ws/install/armor_tracker:/home/auto/rmvision_ws/install/armor_detector:/home/auto/rmvision_ws/install/armor_creater:/opt/ros/humble LD_LIBRARY_PATH=/home/auto/rmvision_ws/install/auto_aim_interfaces/lib:/opt/intel/openvino_2024.2.0/runtime/3rdparty/tbb/lib:/opt/intel/openvino_2024.2.0/runtime/lib/intel64:/opt/MVS/lib/64:/opt/MVS/lib/32:/opt/intel/openvino_2024.2.0/runtime/3rdparty/tbb/lib:/opt/intel/openvino_2024.2.0/runtime/lib/intel64:/home/auto/rmvision_ws/install/serial_driver/lib:/home/auto/rmvision_ws/install/navi_cal/lib:/home/auto/rmvision_ws/install/mindvision_camera/lib:/home/auto/rmvision_ws/install/hik_camera/lib:/home/auto/rmvision_ws/install/base_detector/lib:/home/auto/rmvision_ws/install/armor_tracker/lib:/home/auto/rmvision_ws/install/armor_detector/lib:/home/auto/rmvision_ws/install/armor_creater/lib:/opt/ros/humble/opt/rviz_ogre_vendor/lib:/opt/ros/humble/lib/x86_64-linux-gnu:/opt/ros/humble/lib:/opt/MVS/lib/64:/opt/MVS/lib/32:/opt/MVS/lib/64:/opt/MVS/lib/32:/opt/MVS/lib/64:/opt/MVS/lib/32:/usr/local/lib:/usr/local/lib /usr/local/bin/cmake --build /home/auto/rmvision_ws/build/serial_driver -- -j20 -l20
[7.795s] Invoking command in '/home/auto/rmvision_ws/build/serial_driver': CMAKE_PREFIX_PATH=/home/auto/rmvision_ws/install/auto_aim_interfaces:/home/auto/rmvision_ws/install/unity_transform:/home/auto/rmvision_ws/install/serial_driver:/home/auto/rmvision_ws/install/rm_vision_bringup:/home/auto/rmvision_ws/install/rm_gimbal_description:/home/auto/rmvision_ws/install/navi_cal:/home/auto/rmvision_ws/install/mindvision_camera:/home/auto/rmvision_ws/install/hik_camera:/home/auto/rmvision_ws/install/base_detector:/home/auto/rmvision_ws/install/armor_tracker:/home/auto/rmvision_ws/install/armor_detector:/home/auto/rmvision_ws/install/armor_creater:/opt/ros/humble LD_LIBRARY_PATH=/home/auto/rmvision_ws/install/auto_aim_interfaces/lib:/opt/intel/openvino_2024.2.0/runtime/3rdparty/tbb/lib:/opt/intel/openvino_2024.2.0/runtime/lib/intel64:/opt/MVS/lib/64:/opt/MVS/lib/32:/opt/intel/openvino_2024.2.0/runtime/3rdparty/tbb/lib:/opt/intel/openvino_2024.2.0/runtime/lib/intel64:/home/auto/rmvision_ws/install/serial_driver/lib:/home/auto/rmvision_ws/install/navi_cal/lib:/home/auto/rmvision_ws/install/mindvision_camera/lib:/home/auto/rmvision_ws/install/hik_camera/lib:/home/auto/rmvision_ws/install/base_detector/lib:/home/auto/rmvision_ws/install/armor_tracker/lib:/home/auto/rmvision_ws/install/armor_detector/lib:/home/auto/rmvision_ws/install/armor_creater/lib:/opt/ros/humble/opt/rviz_ogre_vendor/lib:/opt/ros/humble/lib/x86_64-linux-gnu:/opt/ros/humble/lib:/opt/MVS/lib/64:/opt/MVS/lib/32:/opt/MVS/lib/64:/opt/MVS/lib/32:/opt/MVS/lib/64:/opt/MVS/lib/32:/usr/local/lib:/usr/local/lib /usr/local/bin/cmake --install /home/auto/rmvision_ws/build/serial_driver
[7.798s] -- Install configuration: ""
[7.798s] -- Up-to-date: /home/auto/rmvision_ws/install/serial_driver/lib/serial_driver/serial_driver_node
[7.798s] -- Up-to-date: /home/auto/rmvision_ws/install/serial_driver/include
[7.798s] -- Up-to-date: /home/auto/rmvision_ws/install/serial_driver/include/serial_driver
[7.798s] -- Up-to-date: /home/auto/rmvision_ws/install/serial_driver/include/serial_driver/serial_driver_node.hpp
[7.798s] -- Up-to-date: /home/auto/rmvision_ws/install/serial_driver/include/serial_device.h
[7.798s] -- Up-to-date: /home/auto/rmvision_ws/install/serial_driver/include/hardware_interface.h
[7.798s] -- Up-to-date: /home/auto/rmvision_ws/install/serial_driver/include/protocol.h
[7.798s] -- Up-to-date: /home/auto/rmvision_ws/install/serial_driver/include/crc.h
[7.798s] -- Up-to-date: /home/auto/rmvision_ws/install/serial_driver/share/serial_driver/environment/library_path.sh
[7.798s] -- Up-to-date: /home/auto/rmvision_ws/install/serial_driver/share/serial_driver/environment/library_path.dsv
[7.798s] -- Installing: /home/auto/rmvision_ws/install/serial_driver/lib/libserial_driver.so
[7.802s] -- Set runtime path of "/home/auto/rmvision_ws/install/serial_driver/lib/libserial_driver.so" to ""
[7.802s] -- Up-to-date: /home/auto/rmvision_ws/install/serial_driver/share/ament_index/resource_index/package_run_dependencies/serial_driver
[7.802s] -- Up-to-date: /home/auto/rmvision_ws/install/serial_driver/share/ament_index/resource_index/parent_prefix_path/serial_driver
[7.802s] -- Up-to-date: /home/auto/rmvision_ws/install/serial_driver/share/serial_driver/environment/ament_prefix_path.sh
[7.802s] -- Up-to-date: /home/auto/rmvision_ws/install/serial_driver/share/serial_driver/environment/ament_prefix_path.dsv
[7.802s] -- Up-to-date: /home/auto/rmvision_ws/install/serial_driver/share/serial_driver/environment/path.sh
[7.802s] -- Up-to-date: /home/auto/rmvision_ws/install/serial_driver/share/serial_driver/environment/path.dsv
[7.802s] -- Up-to-date: /home/auto/rmvision_ws/install/serial_driver/share/serial_driver/local_setup.bash
[7.802s] -- Up-to-date: /home/auto/rmvision_ws/install/serial_driver/share/serial_driver/local_setup.sh
[7.802s] -- Up-to-date: /home/auto/rmvision_ws/install/serial_driver/share/serial_driver/local_setup.zsh
[7.802s] -- Up-to-date: /home/auto/rmvision_ws/install/serial_driver/share/serial_driver/local_setup.dsv
[7.802s] -- Installing: /home/auto/rmvision_ws/install/serial_driver/share/serial_driver/package.dsv
[7.802s] -- Up-to-date: /home/auto/rmvision_ws/install/serial_driver/share/ament_index/resource_index/packages/serial_driver
[7.802s] -- Up-to-date: /home/auto/rmvision_ws/install/serial_driver/share/ament_index/resource_index/rclcpp_components/serial_driver
[7.802s] -- Up-to-date: /home/auto/rmvision_ws/install/serial_driver/share/serial_driver/cmake/ament_cmake_export_dependencies-extras.cmake
[7.802s] -- Up-to-date: /home/auto/rmvision_ws/install/serial_driver/share/serial_driver/cmake/ament_cmake_export_include_directories-extras.cmake
[7.802s] -- Up-to-date: /home/auto/rmvision_ws/install/serial_driver/share/serial_driver/cmake/ament_cmake_export_libraries-extras.cmake
[7.802s] -- Up-to-date: /home/auto/rmvision_ws/install/serial_driver/share/serial_driver/cmake/serial_driverConfig.cmake
[7.802s] -- Up-to-date: /home/auto/rmvision_ws/install/serial_driver/share/serial_driver/cmake/serial_driverConfig-version.cmake
[7.802s] -- Up-to-date: /home/auto/rmvision_ws/install/serial_driver/share/serial_driver/package.xml
[7.803s] Invoked command in '/home/auto/rmvision_ws/build/serial_driver' returned '0': CMAKE_PREFIX_PATH=/home/auto/rmvision_ws/install/auto_aim_interfaces:/home/auto/rmvision_ws/install/unity_transform:/home/auto/rmvision_ws/install/serial_driver:/home/auto/rmvision_ws/install/rm_vision_bringup:/home/auto/rmvision_ws/install/rm_gimbal_description:/home/auto/rmvision_ws/install/navi_cal:/home/auto/rmvision_ws/install/mindvision_camera:/home/auto/rmvision_ws/install/hik_camera:/home/auto/rmvision_ws/install/base_detector:/home/auto/rmvision_ws/install/armor_tracker:/home/auto/rmvision_ws/install/armor_detector:/home/auto/rmvision_ws/install/armor_creater:/opt/ros/humble LD_LIBRARY_PATH=/home/auto/rmvision_ws/install/auto_aim_interfaces/lib:/opt/intel/openvino_2024.2.0/runtime/3rdparty/tbb/lib:/opt/intel/openvino_2024.2.0/runtime/lib/intel64:/opt/MVS/lib/64:/opt/MVS/lib/32:/opt/intel/openvino_2024.2.0/runtime/3rdparty/tbb/lib:/opt/intel/openvino_2024.2.0/runtime/lib/intel64:/home/auto/rmvision_ws/install/serial_driver/lib:/home/auto/rmvision_ws/install/navi_cal/lib:/home/auto/rmvision_ws/install/mindvision_camera/lib:/home/auto/rmvision_ws/install/hik_camera/lib:/home/auto/rmvision_ws/install/base_detector/lib:/home/auto/rmvision_ws/install/armor_tracker/lib:/home/auto/rmvision_ws/install/armor_detector/lib:/home/auto/rmvision_ws/install/armor_creater/lib:/opt/ros/humble/opt/rviz_ogre_vendor/lib:/opt/ros/humble/lib/x86_64-linux-gnu:/opt/ros/humble/lib:/opt/MVS/lib/64:/opt/MVS/lib/32:/opt/MVS/lib/64:/opt/MVS/lib/32:/opt/MVS/lib/64:/opt/MVS/lib/32:/usr/local/lib:/usr/local/lib /usr/local/bin/cmake --install /home/auto/rmvision_ws/build/serial_driver
