[0.008s] Invoking command in '/home/auto/rmvision_ws/build/rm_gimbal_description': CMAKE_PREFIX_PATH=${CMAKE_PREFIX_PATH}:/opt/ros/humble /usr/local/bin/cmake /home/auto/rmvision_ws/src/rm_gimbal_description -DCMAKE_INSTALL_PREFIX=/home/auto/rmvision_ws/install/rm_gimbal_description
[0.073s] -- The C compiler identification is GNU 11.4.0
[0.114s] -- The CXX compiler identification is GNU 11.4.0
[0.123s] -- Detecting C compiler ABI info
[0.169s] -- Detecting C compiler ABI info - done
[0.174s] -- Check for working C compiler: /usr/bin/cc - skipped
[0.174s] -- Detecting C compile features
[0.174s] -- Detecting C compile features - done
[0.176s] -- Detecting CXX compiler ABI info
[0.226s] -- Detecting CXX compiler ABI info - done
[0.232s] -- Check for working CXX compiler: /usr/bin/c++ - skipped
[0.232s] -- Detecting CXX compile features
[0.232s] -- Detecting CXX compile features - done
[0.234s] -- Found ament_cmake: 1.3.11 (/opt/ros/humble/share/ament_cmake/cmake)
[0.310s] -- Found Python3: /usr/bin/python3 (found version "3.10.12") found components: Interpreter 
[0.378s] -- Found ament_lint_auto: 0.12.12 (/opt/ros/humble/share/ament_lint_auto/cmake)
[0.434s] -- Added test 'lint_cmake' to check CMake code style
[0.434s] -- Added test 'xmllint' to check XML markup files
[0.435s] -- Configuring done
[0.437s] -- Generating done
[0.438s] -- Build files have been written to: /home/auto/rmvision_ws/build/rm_gimbal_description
[0.440s] Invoked command in '/home/auto/rmvision_ws/build/rm_gimbal_description' returned '0': CMAKE_PREFIX_PATH=${CMAKE_PREFIX_PATH}:/opt/ros/humble /usr/local/bin/cmake /home/auto/rmvision_ws/src/rm_gimbal_description -DCMAKE_INSTALL_PREFIX=/home/auto/rmvision_ws/install/rm_gimbal_description
[0.442s] Invoking command in '/home/auto/rmvision_ws/build/rm_gimbal_description': CMAKE_PREFIX_PATH=${CMAKE_PREFIX_PATH}:/opt/ros/humble /usr/local/bin/cmake --build /home/auto/rmvision_ws/build/rm_gimbal_description -- -j20 -l20
[0.460s] Invoked command in '/home/auto/rmvision_ws/build/rm_gimbal_description' returned '0': CMAKE_PREFIX_PATH=${CMAKE_PREFIX_PATH}:/opt/ros/humble /usr/local/bin/cmake --build /home/auto/rmvision_ws/build/rm_gimbal_description -- -j20 -l20
[0.462s] Invoking command in '/home/auto/rmvision_ws/build/rm_gimbal_description': CMAKE_PREFIX_PATH=${CMAKE_PREFIX_PATH}:/opt/ros/humble /usr/local/bin/cmake --install /home/auto/rmvision_ws/build/rm_gimbal_description
[0.464s] -- Install configuration: ""
[0.464s] -- Installing: /home/auto/rmvision_ws/install/rm_gimbal_description/share/rm_gimbal_description/urdf
[0.464s] -- Installing: /home/auto/rmvision_ws/install/rm_gimbal_description/share/rm_gimbal_description/urdf/rm_gimbal.urdf.xacro
[0.465s] -- Installing: /home/auto/rmvision_ws/install/rm_gimbal_description/share/ament_index/resource_index/package_run_dependencies/rm_gimbal_description
[0.465s] -- Installing: /home/auto/rmvision_ws/install/rm_gimbal_description/share/ament_index/resource_index/parent_prefix_path/rm_gimbal_description
[0.465s] -- Installing: /home/auto/rmvision_ws/install/rm_gimbal_description/share/rm_gimbal_description/environment/ament_prefix_path.sh
[0.465s] -- Installing: /home/auto/rmvision_ws/install/rm_gimbal_description/share/rm_gimbal_description/environment/ament_prefix_path.dsv
[0.465s] -- Installing: /home/auto/rmvision_ws/install/rm_gimbal_description/share/rm_gimbal_description/environment/path.sh
[0.465s] -- Installing: /home/auto/rmvision_ws/install/rm_gimbal_description/share/rm_gimbal_description/environment/path.dsv
[0.465s] -- Installing: /home/auto/rmvision_ws/install/rm_gimbal_description/share/rm_gimbal_description/local_setup.bash
[0.465s] -- Installing: /home/auto/rmvision_ws/install/rm_gimbal_description/share/rm_gimbal_description/local_setup.sh
[0.465s] -- Installing: /home/auto/rmvision_ws/install/rm_gimbal_description/share/rm_gimbal_description/local_setup.zsh
[0.465s] -- Installing: /home/auto/rmvision_ws/install/rm_gimbal_description/share/rm_gimbal_description/local_setup.dsv
[0.465s] -- Installing: /home/auto/rmvision_ws/install/rm_gimbal_description/share/rm_gimbal_description/package.dsv
[0.465s] -- Installing: /home/auto/rmvision_ws/install/rm_gimbal_description/share/ament_index/resource_index/packages/rm_gimbal_description
[0.465s] -- Installing: /home/auto/rmvision_ws/install/rm_gimbal_description/share/rm_gimbal_description/cmake/rm_gimbal_descriptionConfig.cmake
[0.465s] -- Installing: /home/auto/rmvision_ws/install/rm_gimbal_description/share/rm_gimbal_description/cmake/rm_gimbal_descriptionConfig-version.cmake
[0.465s] -- Installing: /home/auto/rmvision_ws/install/rm_gimbal_description/share/rm_gimbal_description/package.xml
[0.477s] Invoked command in '/home/auto/rmvision_ws/build/rm_gimbal_description' returned '0': CMAKE_PREFIX_PATH=${CMAKE_PREFIX_PATH}:/opt/ros/humble /usr/local/bin/cmake --install /home/auto/rmvision_ws/build/rm_gimbal_description
