[0.012s] Invoking command in '/home/auto/rmvision_ws/build/rm_vision_bringup': CMAKE_PREFIX_PATH=${CMAKE_PREFIX_PATH}:/opt/ros/humble /usr/local/bin/cmake --build /home/auto/rmvision_ws/build/rm_vision_bringup -- -j20 -l20
[0.033s] Invoked command in '/home/auto/rmvision_ws/build/rm_vision_bringup' returned '0': CMAKE_PREFIX_PATH=${CMAKE_PREFIX_PATH}:/opt/ros/humble /usr/local/bin/cmake --build /home/auto/rmvision_ws/build/rm_vision_bringup -- -j20 -l20
[0.036s] Invoking command in '/home/auto/rmvision_ws/build/rm_vision_bringup': CMAKE_PREFIX_PATH=${CMAKE_PREFIX_PATH}:/opt/ros/humble /usr/local/bin/cmake --install /home/auto/rmvision_ws/build/rm_vision_bringup
[0.039s] -- Install configuration: ""
[0.039s] -- Up-to-date: /home/auto/rmvision_ws/install/rm_vision_bringup/share/rm_vision_bringup/launch
[0.039s] -- Up-to-date: /home/auto/rmvision_ws/install/rm_vision_bringup/share/rm_vision_bringup/launch/common.py
[0.039s] -- Installing: /home/auto/rmvision_ws/install/rm_vision_bringup/share/rm_vision_bringup/launch/vision_bringup.launch.py
[0.039s] -- Up-to-date: /home/auto/rmvision_ws/install/rm_vision_bringup/share/rm_vision_bringup/launch/no_hardware.launch.py
[0.040s] -- Up-to-date: /home/auto/rmvision_ws/install/rm_vision_bringup/share/rm_vision_bringup/config
[0.040s] -- Up-to-date: /home/auto/rmvision_ws/install/rm_vision_bringup/share/rm_vision_bringup/config/launch_params.yaml
[0.040s] -- Up-to-date: /home/auto/rmvision_ws/install/rm_vision_bringup/share/rm_vision_bringup/config/rviz.rviz
[0.040s] -- Up-to-date: /home/auto/rmvision_ws/install/rm_vision_bringup/share/rm_vision_bringup/config/node_params.yaml
[0.040s] -- Up-to-date: /home/auto/rmvision_ws/install/rm_vision_bringup/share/rm_vision_bringup/config/camera_info.yaml
[0.040s] -- Up-to-date: /home/auto/rmvision_ws/install/rm_vision_bringup/share/ament_index/resource_index/package_run_dependencies/rm_vision_bringup
[0.040s] -- Up-to-date: /home/auto/rmvision_ws/install/rm_vision_bringup/share/ament_index/resource_index/parent_prefix_path/rm_vision_bringup
[0.040s] -- Up-to-date: /home/auto/rmvision_ws/install/rm_vision_bringup/share/rm_vision_bringup/environment/ament_prefix_path.sh
[0.040s] -- Up-to-date: /home/auto/rmvision_ws/install/rm_vision_bringup/share/rm_vision_bringup/environment/ament_prefix_path.dsv
[0.040s] -- Up-to-date: /home/auto/rmvision_ws/install/rm_vision_bringup/share/rm_vision_bringup/environment/path.sh
[0.040s] -- Up-to-date: /home/auto/rmvision_ws/install/rm_vision_bringup/share/rm_vision_bringup/environment/path.dsv
[0.040s] -- Up-to-date: /home/auto/rmvision_ws/install/rm_vision_bringup/share/rm_vision_bringup/local_setup.bash
[0.040s] -- Up-to-date: /home/auto/rmvision_ws/install/rm_vision_bringup/share/rm_vision_bringup/local_setup.sh
[0.041s] -- Up-to-date: /home/auto/rmvision_ws/install/rm_vision_bringup/share/rm_vision_bringup/local_setup.zsh
[0.041s] -- Up-to-date: /home/auto/rmvision_ws/install/rm_vision_bringup/share/rm_vision_bringup/local_setup.dsv
[0.041s] -- Installing: /home/auto/rmvision_ws/install/rm_vision_bringup/share/rm_vision_bringup/package.dsv
[0.041s] -- Up-to-date: /home/auto/rmvision_ws/install/rm_vision_bringup/share/ament_index/resource_index/packages/rm_vision_bringup
[0.041s] -- Up-to-date: /home/auto/rmvision_ws/install/rm_vision_bringup/share/rm_vision_bringup/cmake/rm_vision_bringupConfig.cmake
[0.042s] -- Up-to-date: /home/auto/rmvision_ws/install/rm_vision_bringup/share/rm_vision_bringup/cmake/rm_vision_bringupConfig-version.cmake
[0.042s] -- Up-to-date: /home/auto/rmvision_ws/install/rm_vision_bringup/share/rm_vision_bringup/package.xml
[0.042s] Invoked command in '/home/auto/rmvision_ws/build/rm_vision_bringup' returned '0': CMAKE_PREFIX_PATH=${CMAKE_PREFIX_PATH}:/opt/ros/humble /usr/local/bin/cmake --install /home/auto/rmvision_ws/build/rm_vision_bringup
