[35m[1mConsolidate compiler generated dependencies of target hik_camera_node[0m
[35m[1mConsolidate compiler generated dependencies of target hik_camera[0m
[ 50%] Built target hik_camera
[100%] Built target hik_camera_node
-- Install configuration: ""
-- Installing: /home/auto/rmvision_ws/install/hik_camera/lib
-- Installing: /home/auto/rmvision_ws/install/hik_camera/lib/libMVGigEVisionSDK.so.4.5.0.3
-- Installing: /home/auto/rmvision_ws/install/hik_camera/lib/libMvCamLVision.so.4.4.1.2
-- Installing: /home/auto/rmvision_ws/install/hik_camera/lib/MvFGProducerCML.cti
-- Installing: /home/auto/rmvision_ws/install/hik_camera/lib/MvFGProducerXoF.cti
-- Installing: /home/auto/rmvision_ws/install/hik_camera/lib/libusb-1.0.so.0
-- Installing: /home/auto/rmvision_ws/install/hik_camera/lib/CommonParameters.ini
-- Installing: /home/auto/rmvision_ws/install/hik_camera/lib/libMvCameraControlWrapper.so.4.5.0.1
-- Installing: /home/auto/rmvision_ws/install/hik_camera/lib/MvProducerGEV.cti
-- Installing: /home/auto/rmvision_ws/install/hik_camera/lib/MvProducerU3V.cti
-- Installing: /home/auto/rmvision_ws/install/hik_camera/lib/MvFGProducerCXP.cti
-- Installing: /home/auto/rmvision_ws/install/hik_camera/lib/MvFGProducerGEV.cti
-- Installing: /home/auto/rmvision_ws/install/hik_camera/lib/libMvCameraControl.so.4.5.0.3
-- Installing: /home/auto/rmvision_ws/install/hik_camera/lib/libMvUsb3vTL.so.4.5.0.3
-- Installing: /home/auto/rmvision_ws/install/hik_camera/lib/hik_camera/hik_camera_node
-- Set runtime path of "/home/auto/rmvision_ws/install/hik_camera/lib/hik_camera/hik_camera_node" to ""
-- Installing: /home/auto/rmvision_ws/install/hik_camera/share/hik_camera/environment/library_path.sh
-- Installing: /home/auto/rmvision_ws/install/hik_camera/share/hik_camera/environment/library_path.dsv
-- Installing: /home/auto/rmvision_ws/install/hik_camera/lib/libhik_camera.so
-- Set runtime path of "/home/auto/rmvision_ws/install/hik_camera/lib/libhik_camera.so" to ""
-- Installing: /home/auto/rmvision_ws/install/hik_camera/share/hik_camera/config
-- Installing: /home/auto/rmvision_ws/install/hik_camera/share/hik_camera/config/camera_params.yaml
-- Installing: /home/auto/rmvision_ws/install/hik_camera/share/hik_camera/config/camera_info.yaml
-- Installing: /home/auto/rmvision_ws/install/hik_camera/share/hik_camera/launch
-- Installing: /home/auto/rmvision_ws/install/hik_camera/share/hik_camera/launch/hik_camera.launch.py
-- Installing: /home/auto/rmvision_ws/install/hik_camera/share/ament_index/resource_index/package_run_dependencies/hik_camera
-- Installing: /home/auto/rmvision_ws/install/hik_camera/share/ament_index/resource_index/parent_prefix_path/hik_camera
-- Installing: /home/auto/rmvision_ws/install/hik_camera/share/hik_camera/environment/ament_prefix_path.sh
-- Installing: /home/auto/rmvision_ws/install/hik_camera/share/hik_camera/environment/ament_prefix_path.dsv
-- Installing: /home/auto/rmvision_ws/install/hik_camera/share/hik_camera/environment/path.sh
-- Installing: /home/auto/rmvision_ws/install/hik_camera/share/hik_camera/environment/path.dsv
-- Installing: /home/auto/rmvision_ws/install/hik_camera/share/hik_camera/local_setup.bash
-- Installing: /home/auto/rmvision_ws/install/hik_camera/share/hik_camera/local_setup.sh
-- Installing: /home/auto/rmvision_ws/install/hik_camera/share/hik_camera/local_setup.zsh
-- Installing: /home/auto/rmvision_ws/install/hik_camera/share/hik_camera/local_setup.dsv
-- Installing: /home/auto/rmvision_ws/install/hik_camera/share/hik_camera/package.dsv
-- Installing: /home/auto/rmvision_ws/install/hik_camera/share/ament_index/resource_index/packages/hik_camera
-- Installing: /home/auto/rmvision_ws/install/hik_camera/share/ament_index/resource_index/rclcpp_components/hik_camera
-- Installing: /home/auto/rmvision_ws/install/hik_camera/share/hik_camera/cmake/ament_cmake_export_dependencies-extras.cmake
-- Installing: /home/auto/rmvision_ws/install/hik_camera/share/hik_camera/cmake/ament_cmake_export_libraries-extras.cmake
-- Installing: /home/auto/rmvision_ws/install/hik_camera/share/hik_camera/cmake/hik_cameraConfig.cmake
-- Installing: /home/auto/rmvision_ws/install/hik_camera/share/hik_camera/cmake/hik_cameraConfig-version.cmake
-- Installing: /home/auto/rmvision_ws/install/hik_camera/share/hik_camera/package.xml
