[35m[1mConsolidate compiler generated dependencies of target hik_camera[0m
[ 50%] Built target hik_camera_node
[ 75%] [32mBuilding CXX object CMakeFiles/hik_camera.dir/src/hik_camera_node.cpp.o[0m
[100%] [32m[1mLinking CXX shared library libhik_camera.so[0m
[100%] Built target hik_camera
-- Install configuration: ""
-- Up-to-date: /home/auto/rmvision_ws/install/hik_camera/lib
-- Up-to-date: /home/auto/rmvision_ws/install/hik_camera/lib/libMVGigEVisionSDK.so.4.5.0.3
-- Up-to-date: /home/auto/rmvision_ws/install/hik_camera/lib/libMvCamLVision.so.4.4.1.2
-- Up-to-date: /home/auto/rmvision_ws/install/hik_camera/lib/MvFGProducerCML.cti
-- Up-to-date: /home/auto/rmvision_ws/install/hik_camera/lib/MvFGProducerXoF.cti
-- Up-to-date: /home/auto/rmvision_ws/install/hik_camera/lib/libusb-1.0.so.0
-- Up-to-date: /home/auto/rmvision_ws/install/hik_camera/lib/CommonParameters.ini
-- Up-to-date: /home/auto/rmvision_ws/install/hik_camera/lib/libMvCameraControlWrapper.so.4.5.0.1
-- Up-to-date: /home/auto/rmvision_ws/install/hik_camera/lib/MvProducerGEV.cti
-- Up-to-date: /home/auto/rmvision_ws/install/hik_camera/lib/MvProducerU3V.cti
-- Up-to-date: /home/auto/rmvision_ws/install/hik_camera/lib/MvFGProducerCXP.cti
-- Up-to-date: /home/auto/rmvision_ws/install/hik_camera/lib/MvFGProducerGEV.cti
-- Up-to-date: /home/auto/rmvision_ws/install/hik_camera/lib/libMvCameraControl.so.4.5.0.3
-- Up-to-date: /home/auto/rmvision_ws/install/hik_camera/lib/libMvUsb3vTL.so.4.5.0.3
-- Up-to-date: /home/auto/rmvision_ws/install/hik_camera/lib/hik_camera/hik_camera_node
-- Up-to-date: /home/auto/rmvision_ws/install/hik_camera/share/hik_camera/environment/library_path.sh
-- Up-to-date: /home/auto/rmvision_ws/install/hik_camera/share/hik_camera/environment/library_path.dsv
-- Installing: /home/auto/rmvision_ws/install/hik_camera/lib/libhik_camera.so
-- Set runtime path of "/home/auto/rmvision_ws/install/hik_camera/lib/libhik_camera.so" to ""
-- Up-to-date: /home/auto/rmvision_ws/install/hik_camera/share/hik_camera/config
-- Up-to-date: /home/auto/rmvision_ws/install/hik_camera/share/hik_camera/config/camera_params.yaml
-- Up-to-date: /home/auto/rmvision_ws/install/hik_camera/share/hik_camera/config/camera_info.yaml
-- Up-to-date: /home/auto/rmvision_ws/install/hik_camera/share/hik_camera/launch
-- Up-to-date: /home/auto/rmvision_ws/install/hik_camera/share/hik_camera/launch/hik_camera.launch.py
-- Up-to-date: /home/auto/rmvision_ws/install/hik_camera/share/ament_index/resource_index/package_run_dependencies/hik_camera
-- Up-to-date: /home/auto/rmvision_ws/install/hik_camera/share/ament_index/resource_index/parent_prefix_path/hik_camera
-- Up-to-date: /home/auto/rmvision_ws/install/hik_camera/share/hik_camera/environment/ament_prefix_path.sh
-- Up-to-date: /home/auto/rmvision_ws/install/hik_camera/share/hik_camera/environment/ament_prefix_path.dsv
-- Up-to-date: /home/auto/rmvision_ws/install/hik_camera/share/hik_camera/environment/path.sh
-- Up-to-date: /home/auto/rmvision_ws/install/hik_camera/share/hik_camera/environment/path.dsv
-- Up-to-date: /home/auto/rmvision_ws/install/hik_camera/share/hik_camera/local_setup.bash
-- Up-to-date: /home/auto/rmvision_ws/install/hik_camera/share/hik_camera/local_setup.sh
-- Up-to-date: /home/auto/rmvision_ws/install/hik_camera/share/hik_camera/local_setup.zsh
-- Up-to-date: /home/auto/rmvision_ws/install/hik_camera/share/hik_camera/local_setup.dsv
-- Installing: /home/auto/rmvision_ws/install/hik_camera/share/hik_camera/package.dsv
-- Up-to-date: /home/auto/rmvision_ws/install/hik_camera/share/ament_index/resource_index/packages/hik_camera
-- Up-to-date: /home/auto/rmvision_ws/install/hik_camera/share/ament_index/resource_index/rclcpp_components/hik_camera
-- Up-to-date: /home/auto/rmvision_ws/install/hik_camera/share/hik_camera/cmake/ament_cmake_export_dependencies-extras.cmake
-- Up-to-date: /home/auto/rmvision_ws/install/hik_camera/share/hik_camera/cmake/ament_cmake_export_libraries-extras.cmake
-- Up-to-date: /home/auto/rmvision_ws/install/hik_camera/share/hik_camera/cmake/hik_cameraConfig.cmake
-- Up-to-date: /home/auto/rmvision_ws/install/hik_camera/share/hik_camera/cmake/hik_cameraConfig-version.cmake
-- Up-to-date: /home/auto/rmvision_ws/install/hik_camera/share/hik_camera/package.xml
