[0.018s] Invoking command in '/home/auto/rmvision_ws/build/auto_aim_interfaces': CMAKE_PREFIX_PATH=${CMAKE_PREFIX_PATH}:/opt/ros/humble /usr/local/bin/cmake --build /home/auto/rmvision_ws/build/auto_aim_interfaces -- -j20 -l20
[0.058s] [  0%] Built target auto_aim_interfaces__cpp
[0.062s] [ 12%] Built target auto_aim_interfaces__rosidl_generator_c
[0.062s] [ 12%] Built target ament_cmake_python_copy_auto_aim_interfaces
[0.078s] [ 24%] Built target auto_aim_interfaces__rosidl_typesupport_c
[0.078s] [ 36%] Built target auto_aim_interfaces__rosidl_typesupport_cpp
[0.082s] [ 60%] Built target auto_aim_interfaces__rosidl_typesupport_fastrtps_cpp
[0.082s] [ 61%] Built target auto_aim_interfaces__rosidl_typesupport_introspection_cpp
[0.083s] [ 73%] Built target auto_aim_interfaces__rosidl_typesupport_introspection_c
[0.088s] [ 85%] Built target auto_aim_interfaces__rosidl_typesupport_fastrtps_c
[0.102s] [ 85%] Built target auto_aim_interfaces
[0.117s] [ 86%] Built target auto_aim_interfaces__py
[0.138s] [ 97%] Built target auto_aim_interfaces__rosidl_generator_py
[0.153s] [ 98%] Built target auto_aim_interfaces__rosidl_typesupport_fastrtps_c__pyext
[0.153s] [ 99%] Built target auto_aim_interfaces__rosidl_typesupport_c__pyext
[0.154s] [100%] Built target auto_aim_interfaces__rosidl_typesupport_introspection_c__pyext
[0.240s] running egg_info
[0.241s] writing auto_aim_interfaces.egg-info/PKG-INFO
[0.242s] writing dependency_links to auto_aim_interfaces.egg-info/dependency_links.txt
[0.242s] writing top-level names to auto_aim_interfaces.egg-info/top_level.txt
[0.244s] reading manifest file 'auto_aim_interfaces.egg-info/SOURCES.txt'
[0.245s] writing manifest file 'auto_aim_interfaces.egg-info/SOURCES.txt'
[0.263s] [100%] Built target ament_cmake_python_build_auto_aim_interfaces_egg
[0.268s] Invoked command in '/home/auto/rmvision_ws/build/auto_aim_interfaces' returned '0': CMAKE_PREFIX_PATH=${CMAKE_PREFIX_PATH}:/opt/ros/humble /usr/local/bin/cmake --build /home/auto/rmvision_ws/build/auto_aim_interfaces -- -j20 -l20
[0.270s] Invoking command in '/home/auto/rmvision_ws/build/auto_aim_interfaces': CMAKE_PREFIX_PATH=${CMAKE_PREFIX_PATH}:/opt/ros/humble /usr/local/bin/cmake --install /home/auto/rmvision_ws/build/auto_aim_interfaces
[0.273s] -- Install configuration: ""
[0.274s] -- Up-to-date: /home/auto/rmvision_ws/install/auto_aim_interfaces/share/ament_index/resource_index/rosidl_interfaces/auto_aim_interfaces
[0.274s] -- Up-to-date: /home/auto/rmvision_ws/install/auto_aim_interfaces/include/auto_aim_interfaces/auto_aim_interfaces
[0.274s] -- Up-to-date: /home/auto/rmvision_ws/install/auto_aim_interfaces/include/auto_aim_interfaces/auto_aim_interfaces/msg
[0.274s] -- Up-to-date: /home/auto/rmvision_ws/install/auto_aim_interfaces/include/auto_aim_interfaces/auto_aim_interfaces/msg/gimbal_fdb.h
[0.274s] -- Up-to-date: /home/auto/rmvision_ws/install/auto_aim_interfaces/include/auto_aim_interfaces/auto_aim_interfaces/msg/debug_lights.h
[0.274s] -- Up-to-date: /home/auto/rmvision_ws/install/auto_aim_interfaces/include/auto_aim_interfaces/auto_aim_interfaces/msg/target.h
[0.274s] -- Up-to-date: /home/auto/rmvision_ws/install/auto_aim_interfaces/include/auto_aim_interfaces/auto_aim_interfaces/msg/debug_armors.h
[0.274s] -- Up-to-date: /home/auto/rmvision_ws/install/auto_aim_interfaces/include/auto_aim_interfaces/auto_aim_interfaces/msg/debug_base.h
[0.274s] -- Up-to-date: /home/auto/rmvision_ws/install/auto_aim_interfaces/include/auto_aim_interfaces/auto_aim_interfaces/msg/key_point2_f.h
[0.274s] -- Up-to-date: /home/auto/rmvision_ws/install/auto_aim_interfaces/include/auto_aim_interfaces/auto_aim_interfaces/msg/key_point_and_float.h
[0.274s] -- Up-to-date: /home/auto/rmvision_ws/install/auto_aim_interfaces/include/auto_aim_interfaces/auto_aim_interfaces/msg/armors.h
[0.274s] -- Up-to-date: /home/auto/rmvision_ws/install/auto_aim_interfaces/include/auto_aim_interfaces/auto_aim_interfaces/msg/rosidl_generator_c__visibility_control.h
[0.274s] -- Up-to-date: /home/auto/rmvision_ws/install/auto_aim_interfaces/include/auto_aim_interfaces/auto_aim_interfaces/msg/detections.h
[0.274s] -- Up-to-date: /home/auto/rmvision_ws/install/auto_aim_interfaces/include/auto_aim_interfaces/auto_aim_interfaces/msg/base.h
[0.274s] -- Up-to-date: /home/auto/rmvision_ws/install/auto_aim_interfaces/include/auto_aim_interfaces/auto_aim_interfaces/msg/tracker_info.h
[0.274s] -- Up-to-date: /home/auto/rmvision_ws/install/auto_aim_interfaces/include/auto_aim_interfaces/auto_aim_interfaces/msg/debug_light.h
[0.274s] -- Up-to-date: /home/auto/rmvision_ws/install/auto_aim_interfaces/include/auto_aim_interfaces/auto_aim_interfaces/msg/debug_bases.h
[0.274s] -- Up-to-date: /home/auto/rmvision_ws/install/auto_aim_interfaces/include/auto_aim_interfaces/auto_aim_interfaces/msg/detail
[0.274s] -- Up-to-date: /home/auto/rmvision_ws/install/auto_aim_interfaces/include/auto_aim_interfaces/auto_aim_interfaces/msg/detail/debug_bases__functions.h
[0.274s] -- Up-to-date: /home/auto/rmvision_ws/install/auto_aim_interfaces/include/auto_aim_interfaces/auto_aim_interfaces/msg/detail/gimbal_ctrl__functions.c
[0.275s] -- Up-to-date: /home/auto/rmvision_ws/install/auto_aim_interfaces/include/auto_aim_interfaces/auto_aim_interfaces/msg/detail/base__functions.h
[0.275s] -- Up-to-date: /home/auto/rmvision_ws/install/auto_aim_interfaces/include/auto_aim_interfaces/auto_aim_interfaces/msg/detail/navi_fdb__functions.c
[0.275s] -- Up-to-date: /home/auto/rmvision_ws/install/auto_aim_interfaces/include/auto_aim_interfaces/auto_aim_interfaces/msg/detail/gimbal_ctrl__type_support.h
[0.275s] -- Up-to-date: /home/auto/rmvision_ws/install/auto_aim_interfaces/include/auto_aim_interfaces/auto_aim_interfaces/msg/detail/armor__struct.h
[0.275s] -- Up-to-date: /home/auto/rmvision_ws/install/auto_aim_interfaces/include/auto_aim_interfaces/auto_aim_interfaces/msg/detail/detections__type_support.h
[0.275s] -- Up-to-date: /home/auto/rmvision_ws/install/auto_aim_interfaces/include/auto_aim_interfaces/auto_aim_interfaces/msg/detail/key_point_and_float__functions.h
[0.275s] -- Up-to-date: /home/auto/rmvision_ws/install/auto_aim_interfaces/include/auto_aim_interfaces/auto_aim_interfaces/msg/detail/debug_lights__functions.c
[0.275s] -- Up-to-date: /home/auto/rmvision_ws/install/auto_aim_interfaces/include/auto_aim_interfaces/auto_aim_interfaces/msg/detail/debug_base__struct.h
[0.275s] -- Up-to-date: /home/auto/rmvision_ws/install/auto_aim_interfaces/include/auto_aim_interfaces/auto_aim_interfaces/msg/detail/armors__functions.h
[0.275s] -- Up-to-date: /home/auto/rmvision_ws/install/auto_aim_interfaces/include/auto_aim_interfaces/auto_aim_interfaces/msg/detail/debug_armor__functions.c
[0.275s] -- Up-to-date: /home/auto/rmvision_ws/install/auto_aim_interfaces/include/auto_aim_interfaces/auto_aim_interfaces/msg/detail/fdb__type_support.h
[0.275s] -- Up-to-date: /home/auto/rmvision_ws/install/auto_aim_interfaces/include/auto_aim_interfaces/auto_aim_interfaces/msg/detail/gimbal_ctrl__functions.h
[0.275s] -- Up-to-date: /home/auto/rmvision_ws/install/auto_aim_interfaces/include/auto_aim_interfaces/auto_aim_interfaces/msg/detail/tracker_info__functions.h
[0.275s] -- Up-to-date: /home/auto/rmvision_ws/install/auto_aim_interfaces/include/auto_aim_interfaces/auto_aim_interfaces/msg/detail/armor__type_support.h
[0.275s] -- Up-to-date: /home/auto/rmvision_ws/install/auto_aim_interfaces/include/auto_aim_interfaces/auto_aim_interfaces/msg/detail/debug_light__functions.h
[0.275s] -- Up-to-date: /home/auto/rmvision_ws/install/auto_aim_interfaces/include/auto_aim_interfaces/auto_aim_interfaces/msg/detail/bases__type_support.h
[0.275s] -- Up-to-date: /home/auto/rmvision_ws/install/auto_aim_interfaces/include/auto_aim_interfaces/auto_aim_interfaces/msg/detail/debug_armors__functions.h
[0.275s] -- Up-to-date: /home/auto/rmvision_ws/install/auto_aim_interfaces/include/auto_aim_interfaces/auto_aim_interfaces/msg/detail/bases__functions.c
[0.275s] -- Up-to-date: /home/auto/rmvision_ws/install/auto_aim_interfaces/include/auto_aim_interfaces/auto_aim_interfaces/msg/detail/gimbal_fdb__struct.h
[0.275s] -- Up-to-date: /home/auto/rmvision_ws/install/auto_aim_interfaces/include/auto_aim_interfaces/auto_aim_interfaces/msg/detail/detections__functions.h
[0.276s] -- Up-to-date: /home/auto/rmvision_ws/install/auto_aim_interfaces/include/auto_aim_interfaces/auto_aim_interfaces/msg/detail/key_point2_f__struct.h
[0.276s] -- Up-to-date: /home/auto/rmvision_ws/install/auto_aim_interfaces/include/auto_aim_interfaces/auto_aim_interfaces/msg/detail/debug_base__functions.c
[0.276s] -- Up-to-date: /home/auto/rmvision_ws/install/auto_aim_interfaces/include/auto_aim_interfaces/auto_aim_interfaces/msg/detail/base__type_support.h
[0.276s] -- Up-to-date: /home/auto/rmvision_ws/install/auto_aim_interfaces/include/auto_aim_interfaces/auto_aim_interfaces/msg/detail/bases__functions.h
[0.276s] -- Up-to-date: /home/auto/rmvision_ws/install/auto_aim_interfaces/include/auto_aim_interfaces/auto_aim_interfaces/msg/detail/gimbal_fdb__type_support.h
[0.276s] -- Up-to-date: /home/auto/rmvision_ws/install/auto_aim_interfaces/include/auto_aim_interfaces/auto_aim_interfaces/msg/detail/key_point2_f__functions.h
[0.276s] -- Up-to-date: /home/auto/rmvision_ws/install/auto_aim_interfaces/include/auto_aim_interfaces/auto_aim_interfaces/msg/detail/bases__struct.h
[0.276s] -- Up-to-date: /home/auto/rmvision_ws/install/auto_aim_interfaces/include/auto_aim_interfaces/auto_aim_interfaces/msg/detail/debug_bases__functions.c
[0.276s] -- Up-to-date: /home/auto/rmvision_ws/install/auto_aim_interfaces/include/auto_aim_interfaces/auto_aim_interfaces/msg/detail/armor__functions.c
[0.277s] -- Up-to-date: /home/auto/rmvision_ws/install/auto_aim_interfaces/include/auto_aim_interfaces/auto_aim_interfaces/msg/detail/key_point_and_float__type_support.h
[0.277s] -- Up-to-date: /home/auto/rmvision_ws/install/auto_aim_interfaces/include/auto_aim_interfaces/auto_aim_interfaces/msg/detail/detection__functions.c
[0.277s] -- Up-to-date: /home/auto/rmvision_ws/install/auto_aim_interfaces/include/auto_aim_interfaces/auto_aim_interfaces/msg/detail/target__functions.c
[0.277s] -- Up-to-date: /home/auto/rmvision_ws/install/auto_aim_interfaces/include/auto_aim_interfaces/auto_aim_interfaces/msg/detail/detections__functions.c
[0.277s] -- Up-to-date: /home/auto/rmvision_ws/install/auto_aim_interfaces/include/auto_aim_interfaces/auto_aim_interfaces/msg/detail/armor__functions.h
[0.277s] -- Up-to-date: /home/auto/rmvision_ws/install/auto_aim_interfaces/include/auto_aim_interfaces/auto_aim_interfaces/msg/detail/debug_armor__type_support.h
[0.278s] -- Up-to-date: /home/auto/rmvision_ws/install/auto_aim_interfaces/include/auto_aim_interfaces/auto_aim_interfaces/msg/detail/target__functions.h
[0.278s] -- Up-to-date: /home/auto/rmvision_ws/install/auto_aim_interfaces/include/auto_aim_interfaces/auto_aim_interfaces/msg/detail/debug_base__functions.h
[0.278s] -- Up-to-date: /home/auto/rmvision_ws/install/auto_aim_interfaces/include/auto_aim_interfaces/auto_aim_interfaces/msg/detail/debug_lights__functions.h
[0.278s] -- Up-to-date: /home/auto/rmvision_ws/install/auto_aim_interfaces/include/auto_aim_interfaces/auto_aim_interfaces/msg/detail/target__struct.h
[0.278s] -- Up-to-date: /home/auto/rmvision_ws/install/auto_aim_interfaces/include/auto_aim_interfaces/auto_aim_interfaces/msg/detail/armors__struct.h
[0.279s] -- Up-to-date: /home/auto/rmvision_ws/install/auto_aim_interfaces/include/auto_aim_interfaces/auto_aim_interfaces/msg/detail/debug_bases__type_support.h
[0.279s] -- Up-to-date: /home/auto/rmvision_ws/install/auto_aim_interfaces/include/auto_aim_interfaces/auto_aim_interfaces/msg/detail/key_point2_f__functions.c
[0.279s] -- Up-to-date: /home/auto/rmvision_ws/install/auto_aim_interfaces/include/auto_aim_interfaces/auto_aim_interfaces/msg/detail/fdb__functions.c
[0.279s] -- Up-to-date: /home/auto/rmvision_ws/install/auto_aim_interfaces/include/auto_aim_interfaces/auto_aim_interfaces/msg/detail/gimbal_fdb__functions.h
[0.279s] -- Up-to-date: /home/auto/rmvision_ws/install/auto_aim_interfaces/include/auto_aim_interfaces/auto_aim_interfaces/msg/detail/tracker_info__type_support.h
[0.279s] -- Up-to-date: /home/auto/rmvision_ws/install/auto_aim_interfaces/include/auto_aim_interfaces/auto_aim_interfaces/msg/detail/armors__type_support.h
[0.279s] -- Up-to-date: /home/auto/rmvision_ws/install/auto_aim_interfaces/include/auto_aim_interfaces/auto_aim_interfaces/msg/detail/debug_lights__type_support.h
[0.279s] -- Up-to-date: /home/auto/rmvision_ws/install/auto_aim_interfaces/include/auto_aim_interfaces/auto_aim_interfaces/msg/detail/debug_armor__functions.h
[0.279s] -- Up-to-date: /home/auto/rmvision_ws/install/auto_aim_interfaces/include/auto_aim_interfaces/auto_aim_interfaces/msg/detail/detections__struct.h
[0.279s] -- Up-to-date: /home/auto/rmvision_ws/install/auto_aim_interfaces/include/auto_aim_interfaces/auto_aim_interfaces/msg/detail/key_point_and_float__struct.h
[0.279s] -- Up-to-date: /home/auto/rmvision_ws/install/auto_aim_interfaces/include/auto_aim_interfaces/auto_aim_interfaces/msg/detail/fdb__functions.h
[0.279s] -- Up-to-date: /home/auto/rmvision_ws/install/auto_aim_interfaces/include/auto_aim_interfaces/auto_aim_interfaces/msg/detail/detection__functions.h
[0.279s] -- Up-to-date: /home/auto/rmvision_ws/install/auto_aim_interfaces/include/auto_aim_interfaces/auto_aim_interfaces/msg/detail/debug_base__type_support.h
[0.279s] -- Up-to-date: /home/auto/rmvision_ws/install/auto_aim_interfaces/include/auto_aim_interfaces/auto_aim_interfaces/msg/detail/debug_light__type_support.h
[0.279s] -- Up-to-date: /home/auto/rmvision_ws/install/auto_aim_interfaces/include/auto_aim_interfaces/auto_aim_interfaces/msg/detail/target__type_support.h
[0.279s] -- Up-to-date: /home/auto/rmvision_ws/install/auto_aim_interfaces/include/auto_aim_interfaces/auto_aim_interfaces/msg/detail/navi_fdb__functions.h
[0.279s] -- Up-to-date: /home/auto/rmvision_ws/install/auto_aim_interfaces/include/auto_aim_interfaces/auto_aim_interfaces/msg/detail/tracker_info__functions.c
[0.279s] -- Up-to-date: /home/auto/rmvision_ws/install/auto_aim_interfaces/include/auto_aim_interfaces/auto_aim_interfaces/msg/detail/debug_bases__struct.h
[0.279s] -- Up-to-date: /home/auto/rmvision_ws/install/auto_aim_interfaces/include/auto_aim_interfaces/auto_aim_interfaces/msg/detail/debug_light__functions.c
[0.280s] -- Up-to-date: /home/auto/rmvision_ws/install/auto_aim_interfaces/include/auto_aim_interfaces/auto_aim_interfaces/msg/detail/base__struct.h
[0.280s] -- Up-to-date: /home/auto/rmvision_ws/install/auto_aim_interfaces/include/auto_aim_interfaces/auto_aim_interfaces/msg/detail/key_point2_f__type_support.h
[0.280s] -- Up-to-date: /home/auto/rmvision_ws/install/auto_aim_interfaces/include/auto_aim_interfaces/auto_aim_interfaces/msg/detail/detection__type_support.h
[0.280s] -- Up-to-date: /home/auto/rmvision_ws/install/auto_aim_interfaces/include/auto_aim_interfaces/auto_aim_interfaces/msg/detail/tracker_info__struct.h
[0.280s] -- Up-to-date: /home/auto/rmvision_ws/install/auto_aim_interfaces/include/auto_aim_interfaces/auto_aim_interfaces/msg/detail/gimbal_fdb__functions.c
[0.280s] -- Up-to-date: /home/auto/rmvision_ws/install/auto_aim_interfaces/include/auto_aim_interfaces/auto_aim_interfaces/msg/detail/navi_fdb__struct.h
[0.280s] -- Up-to-date: /home/auto/rmvision_ws/install/auto_aim_interfaces/include/auto_aim_interfaces/auto_aim_interfaces/msg/detail/armors__functions.c
[0.280s] -- Up-to-date: /home/auto/rmvision_ws/install/auto_aim_interfaces/include/auto_aim_interfaces/auto_aim_interfaces/msg/detail/base__functions.c
[0.280s] -- Up-to-date: /home/auto/rmvision_ws/install/auto_aim_interfaces/include/auto_aim_interfaces/auto_aim_interfaces/msg/detail/debug_lights__struct.h
[0.280s] -- Up-to-date: /home/auto/rmvision_ws/install/auto_aim_interfaces/include/auto_aim_interfaces/auto_aim_interfaces/msg/detail/detection__struct.h
[0.280s] -- Up-to-date: /home/auto/rmvision_ws/install/auto_aim_interfaces/include/auto_aim_interfaces/auto_aim_interfaces/msg/detail/debug_light__struct.h
[0.280s] -- Up-to-date: /home/auto/rmvision_ws/install/auto_aim_interfaces/include/auto_aim_interfaces/auto_aim_interfaces/msg/detail/debug_armors__struct.h
[0.280s] -- Up-to-date: /home/auto/rmvision_ws/install/auto_aim_interfaces/include/auto_aim_interfaces/auto_aim_interfaces/msg/detail/fdb__struct.h
[0.280s] -- Up-to-date: /home/auto/rmvision_ws/install/auto_aim_interfaces/include/auto_aim_interfaces/auto_aim_interfaces/msg/detail/gimbal_ctrl__struct.h
[0.280s] -- Up-to-date: /home/auto/rmvision_ws/install/auto_aim_interfaces/include/auto_aim_interfaces/auto_aim_interfaces/msg/detail/key_point_and_float__functions.c
[0.281s] -- Up-to-date: /home/auto/rmvision_ws/install/auto_aim_interfaces/include/auto_aim_interfaces/auto_aim_interfaces/msg/detail/navi_fdb__type_support.h
[0.281s] -- Up-to-date: /home/auto/rmvision_ws/install/auto_aim_interfaces/include/auto_aim_interfaces/auto_aim_interfaces/msg/detail/debug_armors__functions.c
[0.281s] -- Up-to-date: /home/auto/rmvision_ws/install/auto_aim_interfaces/include/auto_aim_interfaces/auto_aim_interfaces/msg/detail/debug_armors__type_support.h
[0.281s] -- Up-to-date: /home/auto/rmvision_ws/install/auto_aim_interfaces/include/auto_aim_interfaces/auto_aim_interfaces/msg/detail/debug_armor__struct.h
[0.281s] -- Up-to-date: /home/auto/rmvision_ws/install/auto_aim_interfaces/include/auto_aim_interfaces/auto_aim_interfaces/msg/navi_fdb.h
[0.281s] -- Up-to-date: /home/auto/rmvision_ws/install/auto_aim_interfaces/include/auto_aim_interfaces/auto_aim_interfaces/msg/armor.h
[0.281s] -- Up-to-date: /home/auto/rmvision_ws/install/auto_aim_interfaces/include/auto_aim_interfaces/auto_aim_interfaces/msg/fdb.h
[0.281s] -- Up-to-date: /home/auto/rmvision_ws/install/auto_aim_interfaces/include/auto_aim_interfaces/auto_aim_interfaces/msg/bases.h
[0.281s] -- Up-to-date: /home/auto/rmvision_ws/install/auto_aim_interfaces/include/auto_aim_interfaces/auto_aim_interfaces/msg/detection.h
[0.281s] -- Up-to-date: /home/auto/rmvision_ws/install/auto_aim_interfaces/include/auto_aim_interfaces/auto_aim_interfaces/msg/debug_armor.h
[0.281s] -- Up-to-date: /home/auto/rmvision_ws/install/auto_aim_interfaces/include/auto_aim_interfaces/auto_aim_interfaces/msg/gimbal_ctrl.h
[0.281s] -- Up-to-date: /home/auto/rmvision_ws/install/auto_aim_interfaces/share/auto_aim_interfaces/environment/library_path.sh
[0.281s] -- Up-to-date: /home/auto/rmvision_ws/install/auto_aim_interfaces/share/auto_aim_interfaces/environment/library_path.dsv
[0.281s] -- Up-to-date: /home/auto/rmvision_ws/install/auto_aim_interfaces/lib/libauto_aim_interfaces__rosidl_generator_c.so
[0.281s] -- Up-to-date: /home/auto/rmvision_ws/install/auto_aim_interfaces/include/auto_aim_interfaces/auto_aim_interfaces
[0.281s] -- Up-to-date: /home/auto/rmvision_ws/install/auto_aim_interfaces/include/auto_aim_interfaces/auto_aim_interfaces/msg
[0.281s] -- Up-to-date: /home/auto/rmvision_ws/install/auto_aim_interfaces/include/auto_aim_interfaces/auto_aim_interfaces/msg/detail
[0.281s] -- Up-to-date: /home/auto/rmvision_ws/install/auto_aim_interfaces/include/auto_aim_interfaces/auto_aim_interfaces/msg/detail/debug_armors__rosidl_typesupport_fastrtps_c.h
[0.281s] -- Up-to-date: /home/auto/rmvision_ws/install/auto_aim_interfaces/include/auto_aim_interfaces/auto_aim_interfaces/msg/detail/key_point_and_float__rosidl_typesupport_fastrtps_c.h
[0.281s] -- Up-to-date: /home/auto/rmvision_ws/install/auto_aim_interfaces/include/auto_aim_interfaces/auto_aim_interfaces/msg/detail/debug_armor__rosidl_typesupport_fastrtps_c.h
[0.281s] -- Up-to-date: /home/auto/rmvision_ws/install/auto_aim_interfaces/include/auto_aim_interfaces/auto_aim_interfaces/msg/detail/detection__rosidl_typesupport_fastrtps_c.h
[0.281s] -- Up-to-date: /home/auto/rmvision_ws/install/auto_aim_interfaces/include/auto_aim_interfaces/auto_aim_interfaces/msg/detail/target__rosidl_typesupport_fastrtps_c.h
[0.281s] -- Up-to-date: /home/auto/rmvision_ws/install/auto_aim_interfaces/include/auto_aim_interfaces/auto_aim_interfaces/msg/detail/detections__rosidl_typesupport_fastrtps_c.h
[0.281s] -- Up-to-date: /home/auto/rmvision_ws/install/auto_aim_interfaces/include/auto_aim_interfaces/auto_aim_interfaces/msg/detail/base__rosidl_typesupport_fastrtps_c.h
[0.281s] -- Up-to-date: /home/auto/rmvision_ws/install/auto_aim_interfaces/include/auto_aim_interfaces/auto_aim_interfaces/msg/detail/debug_light__rosidl_typesupport_fastrtps_c.h
[0.281s] -- Up-to-date: /home/auto/rmvision_ws/install/auto_aim_interfaces/include/auto_aim_interfaces/auto_aim_interfaces/msg/detail/tracker_info__rosidl_typesupport_fastrtps_c.h
[0.281s] -- Up-to-date: /home/auto/rmvision_ws/install/auto_aim_interfaces/include/auto_aim_interfaces/auto_aim_interfaces/msg/detail/debug_lights__rosidl_typesupport_fastrtps_c.h
[0.281s] -- Up-to-date: /home/auto/rmvision_ws/install/auto_aim_interfaces/include/auto_aim_interfaces/auto_aim_interfaces/msg/detail/gimbal_fdb__rosidl_typesupport_fastrtps_c.h
[0.281s] -- Up-to-date: /home/auto/rmvision_ws/install/auto_aim_interfaces/include/auto_aim_interfaces/auto_aim_interfaces/msg/detail/debug_base__rosidl_typesupport_fastrtps_c.h
[0.281s] -- Up-to-date: /home/auto/rmvision_ws/install/auto_aim_interfaces/include/auto_aim_interfaces/auto_aim_interfaces/msg/detail/gimbal_ctrl__rosidl_typesupport_fastrtps_c.h
[0.281s] -- Up-to-date: /home/auto/rmvision_ws/install/auto_aim_interfaces/include/auto_aim_interfaces/auto_aim_interfaces/msg/detail/navi_fdb__rosidl_typesupport_fastrtps_c.h
[0.281s] -- Up-to-date: /home/auto/rmvision_ws/install/auto_aim_interfaces/include/auto_aim_interfaces/auto_aim_interfaces/msg/detail/armors__rosidl_typesupport_fastrtps_c.h
[0.281s] -- Up-to-date: /home/auto/rmvision_ws/install/auto_aim_interfaces/include/auto_aim_interfaces/auto_aim_interfaces/msg/detail/key_point2_f__rosidl_typesupport_fastrtps_c.h
[0.281s] -- Up-to-date: /home/auto/rmvision_ws/install/auto_aim_interfaces/include/auto_aim_interfaces/auto_aim_interfaces/msg/detail/bases__rosidl_typesupport_fastrtps_c.h
[0.282s] -- Up-to-date: /home/auto/rmvision_ws/install/auto_aim_interfaces/include/auto_aim_interfaces/auto_aim_interfaces/msg/detail/armor__rosidl_typesupport_fastrtps_c.h
[0.282s] -- Up-to-date: /home/auto/rmvision_ws/install/auto_aim_interfaces/include/auto_aim_interfaces/auto_aim_interfaces/msg/detail/fdb__rosidl_typesupport_fastrtps_c.h
[0.282s] -- Up-to-date: /home/auto/rmvision_ws/install/auto_aim_interfaces/include/auto_aim_interfaces/auto_aim_interfaces/msg/detail/debug_bases__rosidl_typesupport_fastrtps_c.h
[0.282s] -- Up-to-date: /home/auto/rmvision_ws/install/auto_aim_interfaces/include/auto_aim_interfaces/auto_aim_interfaces/msg/rosidl_typesupport_fastrtps_c__visibility_control.h
[0.282s] -- Up-to-date: /home/auto/rmvision_ws/install/auto_aim_interfaces/lib/libauto_aim_interfaces__rosidl_typesupport_fastrtps_c.so
[0.282s] -- Up-to-date: /home/auto/rmvision_ws/install/auto_aim_interfaces/include/auto_aim_interfaces/auto_aim_interfaces
[0.282s] -- Up-to-date: /home/auto/rmvision_ws/install/auto_aim_interfaces/include/auto_aim_interfaces/auto_aim_interfaces/msg
[0.282s] -- Up-to-date: /home/auto/rmvision_ws/install/auto_aim_interfaces/include/auto_aim_interfaces/auto_aim_interfaces/msg/rosidl_typesupport_introspection_c__visibility_control.h
[0.282s] -- Up-to-date: /home/auto/rmvision_ws/install/auto_aim_interfaces/include/auto_aim_interfaces/auto_aim_interfaces/msg/detail
[0.282s] -- Up-to-date: /home/auto/rmvision_ws/install/auto_aim_interfaces/include/auto_aim_interfaces/auto_aim_interfaces/msg/detail/debug_bases__type_support.c
[0.282s] -- Up-to-date: /home/auto/rmvision_ws/install/auto_aim_interfaces/include/auto_aim_interfaces/auto_aim_interfaces/msg/detail/armor__rosidl_typesupport_introspection_c.h
[0.282s] -- Up-to-date: /home/auto/rmvision_ws/install/auto_aim_interfaces/include/auto_aim_interfaces/auto_aim_interfaces/msg/detail/base__type_support.c
[0.282s] -- Up-to-date: /home/auto/rmvision_ws/install/auto_aim_interfaces/include/auto_aim_interfaces/auto_aim_interfaces/msg/detail/key_point2_f__rosidl_typesupport_introspection_c.h
[0.282s] -- Up-to-date: /home/auto/rmvision_ws/install/auto_aim_interfaces/include/auto_aim_interfaces/auto_aim_interfaces/msg/detail/debug_light__type_support.c
[0.282s] -- Up-to-date: /home/auto/rmvision_ws/install/auto_aim_interfaces/include/auto_aim_interfaces/auto_aim_interfaces/msg/detail/debug_armor__type_support.c
[0.282s] -- Up-to-date: /home/auto/rmvision_ws/install/auto_aim_interfaces/include/auto_aim_interfaces/auto_aim_interfaces/msg/detail/gimbal_ctrl__type_support.c
[0.282s] -- Up-to-date: /home/auto/rmvision_ws/install/auto_aim_interfaces/include/auto_aim_interfaces/auto_aim_interfaces/msg/detail/tracker_info__rosidl_typesupport_introspection_c.h
[0.282s] -- Up-to-date: /home/auto/rmvision_ws/install/auto_aim_interfaces/include/auto_aim_interfaces/auto_aim_interfaces/msg/detail/key_point_and_float__rosidl_typesupport_introspection_c.h
[0.282s] -- Up-to-date: /home/auto/rmvision_ws/install/auto_aim_interfaces/include/auto_aim_interfaces/auto_aim_interfaces/msg/detail/bases__type_support.c
[0.282s] -- Up-to-date: /home/auto/rmvision_ws/install/auto_aim_interfaces/include/auto_aim_interfaces/auto_aim_interfaces/msg/detail/debug_armor__rosidl_typesupport_introspection_c.h
[0.282s] -- Up-to-date: /home/auto/rmvision_ws/install/auto_aim_interfaces/include/auto_aim_interfaces/auto_aim_interfaces/msg/detail/debug_base__type_support.c
[0.282s] -- Up-to-date: /home/auto/rmvision_ws/install/auto_aim_interfaces/include/auto_aim_interfaces/auto_aim_interfaces/msg/detail/armors__type_support.c
[0.282s] -- Up-to-date: /home/auto/rmvision_ws/install/auto_aim_interfaces/include/auto_aim_interfaces/auto_aim_interfaces/msg/detail/armor__type_support.c
[0.282s] -- Up-to-date: /home/auto/rmvision_ws/install/auto_aim_interfaces/include/auto_aim_interfaces/auto_aim_interfaces/msg/detail/navi_fdb__type_support.c
[0.282s] -- Up-to-date: /home/auto/rmvision_ws/install/auto_aim_interfaces/include/auto_aim_interfaces/auto_aim_interfaces/msg/detail/detections__rosidl_typesupport_introspection_c.h
[0.282s] -- Up-to-date: /home/auto/rmvision_ws/install/auto_aim_interfaces/include/auto_aim_interfaces/auto_aim_interfaces/msg/detail/target__rosidl_typesupport_introspection_c.h
[0.282s] -- Up-to-date: /home/auto/rmvision_ws/install/auto_aim_interfaces/include/auto_aim_interfaces/auto_aim_interfaces/msg/detail/debug_light__rosidl_typesupport_introspection_c.h
[0.282s] -- Up-to-date: /home/auto/rmvision_ws/install/auto_aim_interfaces/include/auto_aim_interfaces/auto_aim_interfaces/msg/detail/key_point2_f__type_support.c
[0.282s] -- Up-to-date: /home/auto/rmvision_ws/install/auto_aim_interfaces/include/auto_aim_interfaces/auto_aim_interfaces/msg/detail/debug_armors__rosidl_typesupport_introspection_c.h
[0.282s] -- Up-to-date: /home/auto/rmvision_ws/install/auto_aim_interfaces/include/auto_aim_interfaces/auto_aim_interfaces/msg/detail/debug_armors__type_support.c
[0.282s] -- Up-to-date: /home/auto/rmvision_ws/install/auto_aim_interfaces/include/auto_aim_interfaces/auto_aim_interfaces/msg/detail/tracker_info__type_support.c
[0.282s] -- Up-to-date: /home/auto/rmvision_ws/install/auto_aim_interfaces/include/auto_aim_interfaces/auto_aim_interfaces/msg/detail/debug_lights__type_support.c
[0.282s] -- Up-to-date: /home/auto/rmvision_ws/install/auto_aim_interfaces/include/auto_aim_interfaces/auto_aim_interfaces/msg/detail/gimbal_fdb__type_support.c
[0.283s] -- Up-to-date: /home/auto/rmvision_ws/install/auto_aim_interfaces/include/auto_aim_interfaces/auto_aim_interfaces/msg/detail/base__rosidl_typesupport_introspection_c.h
[0.283s] -- Up-to-date: /home/auto/rmvision_ws/install/auto_aim_interfaces/include/auto_aim_interfaces/auto_aim_interfaces/msg/detail/key_point_and_float__type_support.c
[0.283s] -- Up-to-date: /home/auto/rmvision_ws/install/auto_aim_interfaces/include/auto_aim_interfaces/auto_aim_interfaces/msg/detail/detections__type_support.c
[0.283s] -- Up-to-date: /home/auto/rmvision_ws/install/auto_aim_interfaces/include/auto_aim_interfaces/auto_aim_interfaces/msg/detail/navi_fdb__rosidl_typesupport_introspection_c.h
[0.283s] -- Up-to-date: /home/auto/rmvision_ws/install/auto_aim_interfaces/include/auto_aim_interfaces/auto_aim_interfaces/msg/detail/fdb__type_support.c
[0.283s] -- Up-to-date: /home/auto/rmvision_ws/install/auto_aim_interfaces/include/auto_aim_interfaces/auto_aim_interfaces/msg/detail/debug_bases__rosidl_typesupport_introspection_c.h
[0.283s] -- Up-to-date: /home/auto/rmvision_ws/install/auto_aim_interfaces/include/auto_aim_interfaces/auto_aim_interfaces/msg/detail/fdb__rosidl_typesupport_introspection_c.h
[0.283s] -- Up-to-date: /home/auto/rmvision_ws/install/auto_aim_interfaces/include/auto_aim_interfaces/auto_aim_interfaces/msg/detail/debug_lights__rosidl_typesupport_introspection_c.h
[0.283s] -- Up-to-date: /home/auto/rmvision_ws/install/auto_aim_interfaces/include/auto_aim_interfaces/auto_aim_interfaces/msg/detail/gimbal_fdb__rosidl_typesupport_introspection_c.h
[0.283s] -- Up-to-date: /home/auto/rmvision_ws/install/auto_aim_interfaces/include/auto_aim_interfaces/auto_aim_interfaces/msg/detail/detection__rosidl_typesupport_introspection_c.h
[0.283s] -- Up-to-date: /home/auto/rmvision_ws/install/auto_aim_interfaces/include/auto_aim_interfaces/auto_aim_interfaces/msg/detail/detection__type_support.c
[0.283s] -- Up-to-date: /home/auto/rmvision_ws/install/auto_aim_interfaces/include/auto_aim_interfaces/auto_aim_interfaces/msg/detail/debug_base__rosidl_typesupport_introspection_c.h
[0.283s] -- Up-to-date: /home/auto/rmvision_ws/install/auto_aim_interfaces/include/auto_aim_interfaces/auto_aim_interfaces/msg/detail/target__type_support.c
[0.283s] -- Up-to-date: /home/auto/rmvision_ws/install/auto_aim_interfaces/include/auto_aim_interfaces/auto_aim_interfaces/msg/detail/bases__rosidl_typesupport_introspection_c.h
[0.283s] -- Up-to-date: /home/auto/rmvision_ws/install/auto_aim_interfaces/include/auto_aim_interfaces/auto_aim_interfaces/msg/detail/armors__rosidl_typesupport_introspection_c.h
[0.283s] -- Up-to-date: /home/auto/rmvision_ws/install/auto_aim_interfaces/include/auto_aim_interfaces/auto_aim_interfaces/msg/detail/gimbal_ctrl__rosidl_typesupport_introspection_c.h
[0.283s] -- Up-to-date: /home/auto/rmvision_ws/install/auto_aim_interfaces/lib/libauto_aim_interfaces__rosidl_typesupport_introspection_c.so
[0.283s] -- Up-to-date: /home/auto/rmvision_ws/install/auto_aim_interfaces/lib/libauto_aim_interfaces__rosidl_typesupport_c.so
[0.283s] -- Up-to-date: /home/auto/rmvision_ws/install/auto_aim_interfaces/include/auto_aim_interfaces/auto_aim_interfaces
[0.283s] -- Up-to-date: /home/auto/rmvision_ws/install/auto_aim_interfaces/include/auto_aim_interfaces/auto_aim_interfaces/msg
[0.283s] -- Up-to-date: /home/auto/rmvision_ws/install/auto_aim_interfaces/include/auto_aim_interfaces/auto_aim_interfaces/msg/detections.hpp
[0.283s] -- Up-to-date: /home/auto/rmvision_ws/install/auto_aim_interfaces/include/auto_aim_interfaces/auto_aim_interfaces/msg/debug_bases.hpp
[0.283s] -- Up-to-date: /home/auto/rmvision_ws/install/auto_aim_interfaces/include/auto_aim_interfaces/auto_aim_interfaces/msg/gimbal_fdb.hpp
[0.284s] -- Up-to-date: /home/auto/rmvision_ws/install/auto_aim_interfaces/include/auto_aim_interfaces/auto_aim_interfaces/msg/debug_light.hpp
[0.284s] -- Up-to-date: /home/auto/rmvision_ws/install/auto_aim_interfaces/include/auto_aim_interfaces/auto_aim_interfaces/msg/debug_armors.hpp
[0.284s] -- Up-to-date: /home/auto/rmvision_ws/install/auto_aim_interfaces/include/auto_aim_interfaces/auto_aim_interfaces/msg/armors.hpp
[0.284s] -- Up-to-date: /home/auto/rmvision_ws/install/auto_aim_interfaces/include/auto_aim_interfaces/auto_aim_interfaces/msg/debug_base.hpp
[0.284s] -- Up-to-date: /home/auto/rmvision_ws/install/auto_aim_interfaces/include/auto_aim_interfaces/auto_aim_interfaces/msg/gimbal_ctrl.hpp
[0.284s] -- Up-to-date: /home/auto/rmvision_ws/install/auto_aim_interfaces/include/auto_aim_interfaces/auto_aim_interfaces/msg/bases.hpp
[0.284s] -- Up-to-date: /home/auto/rmvision_ws/install/auto_aim_interfaces/include/auto_aim_interfaces/auto_aim_interfaces/msg/base.hpp
[0.284s] -- Up-to-date: /home/auto/rmvision_ws/install/auto_aim_interfaces/include/auto_aim_interfaces/auto_aim_interfaces/msg/rosidl_generator_cpp__visibility_control.hpp
[0.284s] -- Up-to-date: /home/auto/rmvision_ws/install/auto_aim_interfaces/include/auto_aim_interfaces/auto_aim_interfaces/msg/fdb.hpp
[0.284s] -- Up-to-date: /home/auto/rmvision_ws/install/auto_aim_interfaces/include/auto_aim_interfaces/auto_aim_interfaces/msg/target.hpp
[0.284s] -- Up-to-date: /home/auto/rmvision_ws/install/auto_aim_interfaces/include/auto_aim_interfaces/auto_aim_interfaces/msg/key_point2_f.hpp
[0.284s] -- Up-to-date: /home/auto/rmvision_ws/install/auto_aim_interfaces/include/auto_aim_interfaces/auto_aim_interfaces/msg/key_point_and_float.hpp
[0.284s] -- Up-to-date: /home/auto/rmvision_ws/install/auto_aim_interfaces/include/auto_aim_interfaces/auto_aim_interfaces/msg/tracker_info.hpp
[0.284s] -- Up-to-date: /home/auto/rmvision_ws/install/auto_aim_interfaces/include/auto_aim_interfaces/auto_aim_interfaces/msg/detail
[0.284s] -- Up-to-date: /home/auto/rmvision_ws/install/auto_aim_interfaces/include/auto_aim_interfaces/auto_aim_interfaces/msg/detail/gimbal_fdb__traits.hpp
[0.284s] -- Up-to-date: /home/auto/rmvision_ws/install/auto_aim_interfaces/include/auto_aim_interfaces/auto_aim_interfaces/msg/detail/detection__type_support.hpp
[0.284s] -- Up-to-date: /home/auto/rmvision_ws/install/auto_aim_interfaces/include/auto_aim_interfaces/auto_aim_interfaces/msg/detail/debug_lights__type_support.hpp
[0.284s] -- Up-to-date: /home/auto/rmvision_ws/install/auto_aim_interfaces/include/auto_aim_interfaces/auto_aim_interfaces/msg/detail/fdb__struct.hpp
[0.284s] -- Up-to-date: /home/auto/rmvision_ws/install/auto_aim_interfaces/include/auto_aim_interfaces/auto_aim_interfaces/msg/detail/armor__builder.hpp
[0.284s] -- Up-to-date: /home/auto/rmvision_ws/install/auto_aim_interfaces/include/auto_aim_interfaces/auto_aim_interfaces/msg/detail/debug_base__struct.hpp
[0.284s] -- Up-to-date: /home/auto/rmvision_ws/install/auto_aim_interfaces/include/auto_aim_interfaces/auto_aim_interfaces/msg/detail/armors__traits.hpp
[0.284s] -- Up-to-date: /home/auto/rmvision_ws/install/auto_aim_interfaces/include/auto_aim_interfaces/auto_aim_interfaces/msg/detail/debug_armor__type_support.hpp
[0.284s] -- Up-to-date: /home/auto/rmvision_ws/install/auto_aim_interfaces/include/auto_aim_interfaces/auto_aim_interfaces/msg/detail/detection__traits.hpp
[0.284s] -- Up-to-date: /home/auto/rmvision_ws/install/auto_aim_interfaces/include/auto_aim_interfaces/auto_aim_interfaces/msg/detail/debug_bases__traits.hpp
[0.284s] -- Up-to-date: /home/auto/rmvision_ws/install/auto_aim_interfaces/include/auto_aim_interfaces/auto_aim_interfaces/msg/detail/gimbal_ctrl__type_support.hpp
[0.284s] -- Up-to-date: /home/auto/rmvision_ws/install/auto_aim_interfaces/include/auto_aim_interfaces/auto_aim_interfaces/msg/detail/armor__struct.hpp
[0.284s] -- Up-to-date: /home/auto/rmvision_ws/install/auto_aim_interfaces/include/auto_aim_interfaces/auto_aim_interfaces/msg/detail/fdb__type_support.hpp
[0.284s] -- Up-to-date: /home/auto/rmvision_ws/install/auto_aim_interfaces/include/auto_aim_interfaces/auto_aim_interfaces/msg/detail/tracker_info__type_support.hpp
[0.284s] -- Up-to-date: /home/auto/rmvision_ws/install/auto_aim_interfaces/include/auto_aim_interfaces/auto_aim_interfaces/msg/detail/target__struct.hpp
[0.284s] -- Up-to-date: /home/auto/rmvision_ws/install/auto_aim_interfaces/include/auto_aim_interfaces/auto_aim_interfaces/msg/detail/debug_armor__struct.hpp
[0.284s] -- Up-to-date: /home/auto/rmvision_ws/install/auto_aim_interfaces/include/auto_aim_interfaces/auto_aim_interfaces/msg/detail/tracker_info__builder.hpp
[0.284s] -- Up-to-date: /home/auto/rmvision_ws/install/auto_aim_interfaces/include/auto_aim_interfaces/auto_aim_interfaces/msg/detail/armor__type_support.hpp
[0.284s] -- Up-to-date: /home/auto/rmvision_ws/install/auto_aim_interfaces/include/auto_aim_interfaces/auto_aim_interfaces/msg/detail/detection__struct.hpp
[0.284s] -- Up-to-date: /home/auto/rmvision_ws/install/auto_aim_interfaces/include/auto_aim_interfaces/auto_aim_interfaces/msg/detail/gimbal_ctrl__builder.hpp
[0.284s] -- Up-to-date: /home/auto/rmvision_ws/install/auto_aim_interfaces/include/auto_aim_interfaces/auto_aim_interfaces/msg/detail/bases__traits.hpp
[0.284s] -- Up-to-date: /home/auto/rmvision_ws/install/auto_aim_interfaces/include/auto_aim_interfaces/auto_aim_interfaces/msg/detail/key_point_and_float__type_support.hpp
[0.285s] -- Up-to-date: /home/auto/rmvision_ws/install/auto_aim_interfaces/include/auto_aim_interfaces/auto_aim_interfaces/msg/detail/debug_armor__traits.hpp
[0.285s] -- Up-to-date: /home/auto/rmvision_ws/install/auto_aim_interfaces/include/auto_aim_interfaces/auto_aim_interfaces/msg/detail/base__type_support.hpp
[0.285s] -- Up-to-date: /home/auto/rmvision_ws/install/auto_aim_interfaces/include/auto_aim_interfaces/auto_aim_interfaces/msg/detail/key_point_and_float__struct.hpp
[0.285s] -- Up-to-date: /home/auto/rmvision_ws/install/auto_aim_interfaces/include/auto_aim_interfaces/auto_aim_interfaces/msg/detail/debug_bases__builder.hpp
[0.285s] -- Up-to-date: /home/auto/rmvision_ws/install/auto_aim_interfaces/include/auto_aim_interfaces/auto_aim_interfaces/msg/detail/target__builder.hpp
[0.285s] -- Up-to-date: /home/auto/rmvision_ws/install/auto_aim_interfaces/include/auto_aim_interfaces/auto_aim_interfaces/msg/detail/tracker_info__struct.hpp
[0.285s] -- Up-to-date: /home/auto/rmvision_ws/install/auto_aim_interfaces/include/auto_aim_interfaces/auto_aim_interfaces/msg/detail/debug_light__struct.hpp
[0.285s] -- Up-to-date: /home/auto/rmvision_ws/install/auto_aim_interfaces/include/auto_aim_interfaces/auto_aim_interfaces/msg/detail/debug_armors__struct.hpp
[0.285s] -- Up-to-date: /home/auto/rmvision_ws/install/auto_aim_interfaces/include/auto_aim_interfaces/auto_aim_interfaces/msg/detail/armors__type_support.hpp
[0.285s] -- Up-to-date: /home/auto/rmvision_ws/install/auto_aim_interfaces/include/auto_aim_interfaces/auto_aim_interfaces/msg/detail/debug_base__traits.hpp
[0.285s] -- Up-to-date: /home/auto/rmvision_ws/install/auto_aim_interfaces/include/auto_aim_interfaces/auto_aim_interfaces/msg/detail/navi_fdb__traits.hpp
[0.285s] -- Up-to-date: /home/auto/rmvision_ws/install/auto_aim_interfaces/include/auto_aim_interfaces/auto_aim_interfaces/msg/detail/detections__type_support.hpp
[0.285s] -- Up-to-date: /home/auto/rmvision_ws/install/auto_aim_interfaces/include/auto_aim_interfaces/auto_aim_interfaces/msg/detail/navi_fdb__struct.hpp
[0.285s] -- Up-to-date: /home/auto/rmvision_ws/install/auto_aim_interfaces/include/auto_aim_interfaces/auto_aim_interfaces/msg/detail/debug_armors__builder.hpp
[0.285s] -- Up-to-date: /home/auto/rmvision_ws/install/auto_aim_interfaces/include/auto_aim_interfaces/auto_aim_interfaces/msg/detail/debug_armors__type_support.hpp
[0.285s] -- Up-to-date: /home/auto/rmvision_ws/install/auto_aim_interfaces/include/auto_aim_interfaces/auto_aim_interfaces/msg/detail/key_point_and_float__builder.hpp
[0.285s] -- Up-to-date: /home/auto/rmvision_ws/install/auto_aim_interfaces/include/auto_aim_interfaces/auto_aim_interfaces/msg/detail/navi_fdb__type_support.hpp
[0.285s] -- Up-to-date: /home/auto/rmvision_ws/install/auto_aim_interfaces/include/auto_aim_interfaces/auto_aim_interfaces/msg/detail/bases__struct.hpp
[0.285s] -- Up-to-date: /home/auto/rmvision_ws/install/auto_aim_interfaces/include/auto_aim_interfaces/auto_aim_interfaces/msg/detail/fdb__traits.hpp
[0.285s] -- Up-to-date: /home/auto/rmvision_ws/install/auto_aim_interfaces/include/auto_aim_interfaces/auto_aim_interfaces/msg/detail/base__builder.hpp
[0.285s] -- Up-to-date: /home/auto/rmvision_ws/install/auto_aim_interfaces/include/auto_aim_interfaces/auto_aim_interfaces/msg/detail/detections__struct.hpp
[0.285s] -- Up-to-date: /home/auto/rmvision_ws/install/auto_aim_interfaces/include/auto_aim_interfaces/auto_aim_interfaces/msg/detail/armors__struct.hpp
[0.285s] -- Up-to-date: /home/auto/rmvision_ws/install/auto_aim_interfaces/include/auto_aim_interfaces/auto_aim_interfaces/msg/detail/gimbal_fdb__struct.hpp
[0.285s] -- Up-to-date: /home/auto/rmvision_ws/install/auto_aim_interfaces/include/auto_aim_interfaces/auto_aim_interfaces/msg/detail/debug_armor__builder.hpp
[0.285s] -- Up-to-date: /home/auto/rmvision_ws/install/auto_aim_interfaces/include/auto_aim_interfaces/auto_aim_interfaces/msg/detail/target__traits.hpp
[0.285s] -- Up-to-date: /home/auto/rmvision_ws/install/auto_aim_interfaces/include/auto_aim_interfaces/auto_aim_interfaces/msg/detail/fdb__builder.hpp
[0.285s] -- Up-to-date: /home/auto/rmvision_ws/install/auto_aim_interfaces/include/auto_aim_interfaces/auto_aim_interfaces/msg/detail/debug_bases__type_support.hpp
[0.285s] -- Up-to-date: /home/auto/rmvision_ws/install/auto_aim_interfaces/include/auto_aim_interfaces/auto_aim_interfaces/msg/detail/detections__builder.hpp
[0.285s] -- Up-to-date: /home/auto/rmvision_ws/install/auto_aim_interfaces/include/auto_aim_interfaces/auto_aim_interfaces/msg/detail/key_point2_f__struct.hpp
[0.285s] -- Up-to-date: /home/auto/rmvision_ws/install/auto_aim_interfaces/include/auto_aim_interfaces/auto_aim_interfaces/msg/detail/base__struct.hpp
[0.285s] -- Up-to-date: /home/auto/rmvision_ws/install/auto_aim_interfaces/include/auto_aim_interfaces/auto_aim_interfaces/msg/detail/gimbal_ctrl__struct.hpp
[0.285s] -- Up-to-date: /home/auto/rmvision_ws/install/auto_aim_interfaces/include/auto_aim_interfaces/auto_aim_interfaces/msg/detail/base__traits.hpp
[0.285s] -- Up-to-date: /home/auto/rmvision_ws/install/auto_aim_interfaces/include/auto_aim_interfaces/auto_aim_interfaces/msg/detail/target__type_support.hpp
[0.285s] -- Up-to-date: /home/auto/rmvision_ws/install/auto_aim_interfaces/include/auto_aim_interfaces/auto_aim_interfaces/msg/detail/key_point2_f__builder.hpp
[0.285s] -- Up-to-date: /home/auto/rmvision_ws/install/auto_aim_interfaces/include/auto_aim_interfaces/auto_aim_interfaces/msg/detail/debug_lights__builder.hpp
[0.285s] -- Up-to-date: /home/auto/rmvision_ws/install/auto_aim_interfaces/include/auto_aim_interfaces/auto_aim_interfaces/msg/detail/debug_base__builder.hpp
[0.286s] -- Up-to-date: /home/auto/rmvision_ws/install/auto_aim_interfaces/include/auto_aim_interfaces/auto_aim_interfaces/msg/detail/armors__builder.hpp
[0.286s] -- Up-to-date: /home/auto/rmvision_ws/install/auto_aim_interfaces/include/auto_aim_interfaces/auto_aim_interfaces/msg/detail/debug_light__traits.hpp
[0.286s] -- Up-to-date: /home/auto/rmvision_ws/install/auto_aim_interfaces/include/auto_aim_interfaces/auto_aim_interfaces/msg/detail/key_point_and_float__traits.hpp
[0.286s] -- Up-to-date: /home/auto/rmvision_ws/install/auto_aim_interfaces/include/auto_aim_interfaces/auto_aim_interfaces/msg/detail/gimbal_ctrl__traits.hpp
[0.286s] -- Up-to-date: /home/auto/rmvision_ws/install/auto_aim_interfaces/include/auto_aim_interfaces/auto_aim_interfaces/msg/detail/navi_fdb__builder.hpp
[0.286s] -- Up-to-date: /home/auto/rmvision_ws/install/auto_aim_interfaces/include/auto_aim_interfaces/auto_aim_interfaces/msg/detail/bases__builder.hpp
[0.286s] -- Up-to-date: /home/auto/rmvision_ws/install/auto_aim_interfaces/include/auto_aim_interfaces/auto_aim_interfaces/msg/detail/debug_light__builder.hpp
[0.286s] -- Up-to-date: /home/auto/rmvision_ws/install/auto_aim_interfaces/include/auto_aim_interfaces/auto_aim_interfaces/msg/detail/debug_bases__struct.hpp
[0.286s] -- Up-to-date: /home/auto/rmvision_ws/install/auto_aim_interfaces/include/auto_aim_interfaces/auto_aim_interfaces/msg/detail/debug_base__type_support.hpp
[0.286s] -- Up-to-date: /home/auto/rmvision_ws/install/auto_aim_interfaces/include/auto_aim_interfaces/auto_aim_interfaces/msg/detail/debug_armors__traits.hpp
[0.286s] -- Up-to-date: /home/auto/rmvision_ws/install/auto_aim_interfaces/include/auto_aim_interfaces/auto_aim_interfaces/msg/detail/gimbal_fdb__type_support.hpp
[0.286s] -- Up-to-date: /home/auto/rmvision_ws/install/auto_aim_interfaces/include/auto_aim_interfaces/auto_aim_interfaces/msg/detail/detections__traits.hpp
[0.286s] -- Up-to-date: /home/auto/rmvision_ws/install/auto_aim_interfaces/include/auto_aim_interfaces/auto_aim_interfaces/msg/detail/detection__builder.hpp
[0.286s] -- Up-to-date: /home/auto/rmvision_ws/install/auto_aim_interfaces/include/auto_aim_interfaces/auto_aim_interfaces/msg/detail/key_point2_f__traits.hpp
[0.286s] -- Up-to-date: /home/auto/rmvision_ws/install/auto_aim_interfaces/include/auto_aim_interfaces/auto_aim_interfaces/msg/detail/debug_light__type_support.hpp
[0.286s] -- Up-to-date: /home/auto/rmvision_ws/install/auto_aim_interfaces/include/auto_aim_interfaces/auto_aim_interfaces/msg/detail/tracker_info__traits.hpp
[0.286s] -- Up-to-date: /home/auto/rmvision_ws/install/auto_aim_interfaces/include/auto_aim_interfaces/auto_aim_interfaces/msg/detail/bases__type_support.hpp
[0.286s] -- Up-to-date: /home/auto/rmvision_ws/install/auto_aim_interfaces/include/auto_aim_interfaces/auto_aim_interfaces/msg/detail/gimbal_fdb__builder.hpp
[0.286s] -- Up-to-date: /home/auto/rmvision_ws/install/auto_aim_interfaces/include/auto_aim_interfaces/auto_aim_interfaces/msg/detail/armor__traits.hpp
[0.286s] -- Up-to-date: /home/auto/rmvision_ws/install/auto_aim_interfaces/include/auto_aim_interfaces/auto_aim_interfaces/msg/detail/debug_lights__traits.hpp
[0.286s] -- Up-to-date: /home/auto/rmvision_ws/install/auto_aim_interfaces/include/auto_aim_interfaces/auto_aim_interfaces/msg/detail/key_point2_f__type_support.hpp
[0.286s] -- Up-to-date: /home/auto/rmvision_ws/install/auto_aim_interfaces/include/auto_aim_interfaces/auto_aim_interfaces/msg/detail/debug_lights__struct.hpp
[0.286s] -- Up-to-date: /home/auto/rmvision_ws/install/auto_aim_interfaces/include/auto_aim_interfaces/auto_aim_interfaces/msg/navi_fdb.hpp
[0.286s] -- Up-to-date: /home/auto/rmvision_ws/install/auto_aim_interfaces/include/auto_aim_interfaces/auto_aim_interfaces/msg/debug_armor.hpp
[0.286s] -- Up-to-date: /home/auto/rmvision_ws/install/auto_aim_interfaces/include/auto_aim_interfaces/auto_aim_interfaces/msg/debug_lights.hpp
[0.286s] -- Up-to-date: /home/auto/rmvision_ws/install/auto_aim_interfaces/include/auto_aim_interfaces/auto_aim_interfaces/msg/armor.hpp
[0.286s] -- Up-to-date: /home/auto/rmvision_ws/install/auto_aim_interfaces/include/auto_aim_interfaces/auto_aim_interfaces/msg/detection.hpp
[0.286s] -- Up-to-date: /home/auto/rmvision_ws/install/auto_aim_interfaces/include/auto_aim_interfaces/auto_aim_interfaces
[0.286s] -- Up-to-date: /home/auto/rmvision_ws/install/auto_aim_interfaces/include/auto_aim_interfaces/auto_aim_interfaces/msg
[0.286s] -- Up-to-date: /home/auto/rmvision_ws/install/auto_aim_interfaces/include/auto_aim_interfaces/auto_aim_interfaces/msg/rosidl_typesupport_fastrtps_cpp__visibility_control.h
[0.286s] -- Up-to-date: /home/auto/rmvision_ws/install/auto_aim_interfaces/include/auto_aim_interfaces/auto_aim_interfaces/msg/detail
[0.286s] -- Up-to-date: /home/auto/rmvision_ws/install/auto_aim_interfaces/include/auto_aim_interfaces/auto_aim_interfaces/msg/detail/detections__rosidl_typesupport_fastrtps_cpp.hpp
[0.286s] -- Up-to-date: /home/auto/rmvision_ws/install/auto_aim_interfaces/include/auto_aim_interfaces/auto_aim_interfaces/msg/detail/base__rosidl_typesupport_fastrtps_cpp.hpp
[0.286s] -- Up-to-date: /home/auto/rmvision_ws/install/auto_aim_interfaces/include/auto_aim_interfaces/auto_aim_interfaces/msg/detail/armor__rosidl_typesupport_fastrtps_cpp.hpp
[0.286s] -- Up-to-date: /home/auto/rmvision_ws/install/auto_aim_interfaces/include/auto_aim_interfaces/auto_aim_interfaces/msg/detail/tracker_info__rosidl_typesupport_fastrtps_cpp.hpp
[0.286s] -- Up-to-date: /home/auto/rmvision_ws/install/auto_aim_interfaces/include/auto_aim_interfaces/auto_aim_interfaces/msg/detail/gimbal_ctrl__rosidl_typesupport_fastrtps_cpp.hpp
[0.286s] -- Up-to-date: /home/auto/rmvision_ws/install/auto_aim_interfaces/include/auto_aim_interfaces/auto_aim_interfaces/msg/detail/dds_fastrtps
[0.286s] -- Up-to-date: /home/auto/rmvision_ws/install/auto_aim_interfaces/include/auto_aim_interfaces/auto_aim_interfaces/msg/detail/navi_fdb__rosidl_typesupport_fastrtps_cpp.hpp
[0.287s] -- Up-to-date: /home/auto/rmvision_ws/install/auto_aim_interfaces/include/auto_aim_interfaces/auto_aim_interfaces/msg/detail/fdb__rosidl_typesupport_fastrtps_cpp.hpp
[0.287s] -- Up-to-date: /home/auto/rmvision_ws/install/auto_aim_interfaces/include/auto_aim_interfaces/auto_aim_interfaces/msg/detail/debug_light__rosidl_typesupport_fastrtps_cpp.hpp
[0.287s] -- Up-to-date: /home/auto/rmvision_ws/install/auto_aim_interfaces/include/auto_aim_interfaces/auto_aim_interfaces/msg/detail/gimbal_fdb__rosidl_typesupport_fastrtps_cpp.hpp
[0.287s] -- Up-to-date: /home/auto/rmvision_ws/install/auto_aim_interfaces/include/auto_aim_interfaces/auto_aim_interfaces/msg/detail/debug_armors__rosidl_typesupport_fastrtps_cpp.hpp
[0.287s] -- Up-to-date: /home/auto/rmvision_ws/install/auto_aim_interfaces/include/auto_aim_interfaces/auto_aim_interfaces/msg/detail/debug_armor__rosidl_typesupport_fastrtps_cpp.hpp
[0.287s] -- Up-to-date: /home/auto/rmvision_ws/install/auto_aim_interfaces/include/auto_aim_interfaces/auto_aim_interfaces/msg/detail/detection__rosidl_typesupport_fastrtps_cpp.hpp
[0.287s] -- Up-to-date: /home/auto/rmvision_ws/install/auto_aim_interfaces/include/auto_aim_interfaces/auto_aim_interfaces/msg/detail/debug_lights__rosidl_typesupport_fastrtps_cpp.hpp
[0.287s] -- Up-to-date: /home/auto/rmvision_ws/install/auto_aim_interfaces/include/auto_aim_interfaces/auto_aim_interfaces/msg/detail/target__rosidl_typesupport_fastrtps_cpp.hpp
[0.287s] -- Up-to-date: /home/auto/rmvision_ws/install/auto_aim_interfaces/include/auto_aim_interfaces/auto_aim_interfaces/msg/detail/debug_bases__rosidl_typesupport_fastrtps_cpp.hpp
[0.287s] -- Up-to-date: /home/auto/rmvision_ws/install/auto_aim_interfaces/include/auto_aim_interfaces/auto_aim_interfaces/msg/detail/key_point2_f__rosidl_typesupport_fastrtps_cpp.hpp
[0.287s] -- Up-to-date: /home/auto/rmvision_ws/install/auto_aim_interfaces/include/auto_aim_interfaces/auto_aim_interfaces/msg/detail/debug_base__rosidl_typesupport_fastrtps_cpp.hpp
[0.287s] -- Up-to-date: /home/auto/rmvision_ws/install/auto_aim_interfaces/include/auto_aim_interfaces/auto_aim_interfaces/msg/detail/bases__rosidl_typesupport_fastrtps_cpp.hpp
[0.287s] -- Up-to-date: /home/auto/rmvision_ws/install/auto_aim_interfaces/include/auto_aim_interfaces/auto_aim_interfaces/msg/detail/armors__rosidl_typesupport_fastrtps_cpp.hpp
[0.287s] -- Up-to-date: /home/auto/rmvision_ws/install/auto_aim_interfaces/include/auto_aim_interfaces/auto_aim_interfaces/msg/detail/key_point_and_float__rosidl_typesupport_fastrtps_cpp.hpp
[0.287s] -- Up-to-date: /home/auto/rmvision_ws/install/auto_aim_interfaces/lib/libauto_aim_interfaces__rosidl_typesupport_fastrtps_cpp.so
[0.287s] -- Up-to-date: /home/auto/rmvision_ws/install/auto_aim_interfaces/include/auto_aim_interfaces/auto_aim_interfaces
[0.287s] -- Up-to-date: /home/auto/rmvision_ws/install/auto_aim_interfaces/include/auto_aim_interfaces/auto_aim_interfaces/msg
[0.287s] -- Up-to-date: /home/auto/rmvision_ws/install/auto_aim_interfaces/include/auto_aim_interfaces/auto_aim_interfaces/msg/detail
[0.287s] -- Up-to-date: /home/auto/rmvision_ws/install/auto_aim_interfaces/include/auto_aim_interfaces/auto_aim_interfaces/msg/detail/navi_fdb__rosidl_typesupport_introspection_cpp.hpp
[0.287s] -- Up-to-date: /home/auto/rmvision_ws/install/auto_aim_interfaces/include/auto_aim_interfaces/auto_aim_interfaces/msg/detail/armors__type_support.cpp
[0.287s] -- Up-to-date: /home/auto/rmvision_ws/install/auto_aim_interfaces/include/auto_aim_interfaces/auto_aim_interfaces/msg/detail/detections__rosidl_typesupport_introspection_cpp.hpp
[0.287s] -- Up-to-date: /home/auto/rmvision_ws/install/auto_aim_interfaces/include/auto_aim_interfaces/auto_aim_interfaces/msg/detail/target__type_support.cpp
[0.287s] -- Up-to-date: /home/auto/rmvision_ws/install/auto_aim_interfaces/include/auto_aim_interfaces/auto_aim_interfaces/msg/detail/debug_base__type_support.cpp
[0.287s] -- Up-to-date: /home/auto/rmvision_ws/install/auto_aim_interfaces/include/auto_aim_interfaces/auto_aim_interfaces/msg/detail/debug_bases__type_support.cpp
[0.287s] -- Up-to-date: /home/auto/rmvision_ws/install/auto_aim_interfaces/include/auto_aim_interfaces/auto_aim_interfaces/msg/detail/detection__type_support.cpp
[0.287s] -- Up-to-date: /home/auto/rmvision_ws/install/auto_aim_interfaces/include/auto_aim_interfaces/auto_aim_interfaces/msg/detail/gimbal_ctrl__type_support.cpp
[0.287s] -- Up-to-date: /home/auto/rmvision_ws/install/auto_aim_interfaces/include/auto_aim_interfaces/auto_aim_interfaces/msg/detail/gimbal_ctrl__rosidl_typesupport_introspection_cpp.hpp
[0.287s] -- Up-to-date: /home/auto/rmvision_ws/install/auto_aim_interfaces/include/auto_aim_interfaces/auto_aim_interfaces/msg/detail/detection__rosidl_typesupport_introspection_cpp.hpp
[0.287s] -- Up-to-date: /home/auto/rmvision_ws/install/auto_aim_interfaces/include/auto_aim_interfaces/auto_aim_interfaces/msg/detail/base__type_support.cpp
[0.287s] -- Up-to-date: /home/auto/rmvision_ws/install/auto_aim_interfaces/include/auto_aim_interfaces/auto_aim_interfaces/msg/detail/debug_base__rosidl_typesupport_introspection_cpp.hpp
[0.287s] -- Up-to-date: /home/auto/rmvision_ws/install/auto_aim_interfaces/include/auto_aim_interfaces/auto_aim_interfaces/msg/detail/debug_light__rosidl_typesupport_introspection_cpp.hpp
[0.288s] -- Up-to-date: /home/auto/rmvision_ws/install/auto_aim_interfaces/include/auto_aim_interfaces/auto_aim_interfaces/msg/detail/debug_armor__rosidl_typesupport_introspection_cpp.hpp
[0.288s] -- Up-to-date: /home/auto/rmvision_ws/install/auto_aim_interfaces/include/auto_aim_interfaces/auto_aim_interfaces/msg/detail/key_point2_f__type_support.cpp
[0.288s] -- Up-to-date: /home/auto/rmvision_ws/install/auto_aim_interfaces/include/auto_aim_interfaces/auto_aim_interfaces/msg/detail/target__rosidl_typesupport_introspection_cpp.hpp
[0.288s] -- Up-to-date: /home/auto/rmvision_ws/install/auto_aim_interfaces/include/auto_aim_interfaces/auto_aim_interfaces/msg/detail/armor__type_support.cpp
[0.288s] -- Up-to-date: /home/auto/rmvision_ws/install/auto_aim_interfaces/include/auto_aim_interfaces/auto_aim_interfaces/msg/detail/armors__rosidl_typesupport_introspection_cpp.hpp
[0.288s] -- Up-to-date: /home/auto/rmvision_ws/install/auto_aim_interfaces/include/auto_aim_interfaces/auto_aim_interfaces/msg/detail/debug_armors__rosidl_typesupport_introspection_cpp.hpp
[0.288s] -- Up-to-date: /home/auto/rmvision_ws/install/auto_aim_interfaces/include/auto_aim_interfaces/auto_aim_interfaces/msg/detail/tracker_info__type_support.cpp
[0.288s] -- Up-to-date: /home/auto/rmvision_ws/install/auto_aim_interfaces/include/auto_aim_interfaces/auto_aim_interfaces/msg/detail/detections__type_support.cpp
[0.288s] -- Up-to-date: /home/auto/rmvision_ws/install/auto_aim_interfaces/include/auto_aim_interfaces/auto_aim_interfaces/msg/detail/bases__type_support.cpp
[0.288s] -- Up-to-date: /home/auto/rmvision_ws/install/auto_aim_interfaces/include/auto_aim_interfaces/auto_aim_interfaces/msg/detail/debug_light__type_support.cpp
[0.288s] -- Up-to-date: /home/auto/rmvision_ws/install/auto_aim_interfaces/include/auto_aim_interfaces/auto_aim_interfaces/msg/detail/debug_lights__rosidl_typesupport_introspection_cpp.hpp
[0.288s] -- Up-to-date: /home/auto/rmvision_ws/install/auto_aim_interfaces/include/auto_aim_interfaces/auto_aim_interfaces/msg/detail/gimbal_fdb__rosidl_typesupport_introspection_cpp.hpp
[0.288s] -- Up-to-date: /home/auto/rmvision_ws/install/auto_aim_interfaces/include/auto_aim_interfaces/auto_aim_interfaces/msg/detail/tracker_info__rosidl_typesupport_introspection_cpp.hpp
[0.288s] -- Up-to-date: /home/auto/rmvision_ws/install/auto_aim_interfaces/include/auto_aim_interfaces/auto_aim_interfaces/msg/detail/key_point_and_float__type_support.cpp
[0.288s] -- Up-to-date: /home/auto/rmvision_ws/install/auto_aim_interfaces/include/auto_aim_interfaces/auto_aim_interfaces/msg/detail/key_point2_f__rosidl_typesupport_introspection_cpp.hpp
[0.288s] -- Up-to-date: /home/auto/rmvision_ws/install/auto_aim_interfaces/include/auto_aim_interfaces/auto_aim_interfaces/msg/detail/debug_bases__rosidl_typesupport_introspection_cpp.hpp
[0.288s] -- Up-to-date: /home/auto/rmvision_ws/install/auto_aim_interfaces/include/auto_aim_interfaces/auto_aim_interfaces/msg/detail/gimbal_fdb__type_support.cpp
[0.288s] -- Up-to-date: /home/auto/rmvision_ws/install/auto_aim_interfaces/include/auto_aim_interfaces/auto_aim_interfaces/msg/detail/debug_armors__type_support.cpp
[0.288s] -- Up-to-date: /home/auto/rmvision_ws/install/auto_aim_interfaces/include/auto_aim_interfaces/auto_aim_interfaces/msg/detail/armor__rosidl_typesupport_introspection_cpp.hpp
[0.288s] -- Up-to-date: /home/auto/rmvision_ws/install/auto_aim_interfaces/include/auto_aim_interfaces/auto_aim_interfaces/msg/detail/key_point_and_float__rosidl_typesupport_introspection_cpp.hpp
[0.288s] -- Up-to-date: /home/auto/rmvision_ws/install/auto_aim_interfaces/include/auto_aim_interfaces/auto_aim_interfaces/msg/detail/debug_armor__type_support.cpp
[0.288s] -- Up-to-date: /home/auto/rmvision_ws/install/auto_aim_interfaces/include/auto_aim_interfaces/auto_aim_interfaces/msg/detail/navi_fdb__type_support.cpp
[0.288s] -- Up-to-date: /home/auto/rmvision_ws/install/auto_aim_interfaces/include/auto_aim_interfaces/auto_aim_interfaces/msg/detail/fdb__rosidl_typesupport_introspection_cpp.hpp
[0.288s] -- Up-to-date: /home/auto/rmvision_ws/install/auto_aim_interfaces/include/auto_aim_interfaces/auto_aim_interfaces/msg/detail/fdb__type_support.cpp
[0.288s] -- Up-to-date: /home/auto/rmvision_ws/install/auto_aim_interfaces/include/auto_aim_interfaces/auto_aim_interfaces/msg/detail/bases__rosidl_typesupport_introspection_cpp.hpp
[0.288s] -- Up-to-date: /home/auto/rmvision_ws/install/auto_aim_interfaces/include/auto_aim_interfaces/auto_aim_interfaces/msg/detail/base__rosidl_typesupport_introspection_cpp.hpp
[0.288s] -- Up-to-date: /home/auto/rmvision_ws/install/auto_aim_interfaces/include/auto_aim_interfaces/auto_aim_interfaces/msg/detail/debug_lights__type_support.cpp
[0.288s] -- Up-to-date: /home/auto/rmvision_ws/install/auto_aim_interfaces/lib/libauto_aim_interfaces__rosidl_typesupport_introspection_cpp.so
[0.288s] -- Up-to-date: /home/auto/rmvision_ws/install/auto_aim_interfaces/lib/libauto_aim_interfaces__rosidl_typesupport_cpp.so
[0.288s] -- Up-to-date: /home/auto/rmvision_ws/install/auto_aim_interfaces/share/auto_aim_interfaces/environment/pythonpath.sh
[0.288s] -- Up-to-date: /home/auto/rmvision_ws/install/auto_aim_interfaces/share/auto_aim_interfaces/environment/pythonpath.dsv
[0.288s] -- Up-to-date: /home/auto/rmvision_ws/install/auto_aim_interfaces/local/lib/python3.10/dist-packages/auto_aim_interfaces-0.0.0-py3.10.egg-info
[0.288s] -- Installing: /home/auto/rmvision_ws/install/auto_aim_interfaces/local/lib/python3.10/dist-packages/auto_aim_interfaces-0.0.0-py3.10.egg-info/dependency_links.txt
[0.288s] -- Installing: /home/auto/rmvision_ws/install/auto_aim_interfaces/local/lib/python3.10/dist-packages/auto_aim_interfaces-0.0.0-py3.10.egg-info/PKG-INFO
[0.288s] -- Installing: /home/auto/rmvision_ws/install/auto_aim_interfaces/local/lib/python3.10/dist-packages/auto_aim_interfaces-0.0.0-py3.10.egg-info/SOURCES.txt
[0.288s] -- Installing: /home/auto/rmvision_ws/install/auto_aim_interfaces/local/lib/python3.10/dist-packages/auto_aim_interfaces-0.0.0-py3.10.egg-info/top_level.txt
[0.289s] -- Up-to-date: /home/auto/rmvision_ws/install/auto_aim_interfaces/local/lib/python3.10/dist-packages/auto_aim_interfaces
[0.289s] -- Up-to-date: /home/auto/rmvision_ws/install/auto_aim_interfaces/local/lib/python3.10/dist-packages/auto_aim_interfaces/libauto_aim_interfaces__rosidl_generator_py.so
[0.289s] -- Up-to-date: /home/auto/rmvision_ws/install/auto_aim_interfaces/local/lib/python3.10/dist-packages/auto_aim_interfaces/__init__.py
[0.289s] -- Up-to-date: /home/auto/rmvision_ws/install/auto_aim_interfaces/local/lib/python3.10/dist-packages/auto_aim_interfaces/_auto_aim_interfaces_s.ep.rosidl_typesupport_c.c
[0.289s] -- Up-to-date: /home/auto/rmvision_ws/install/auto_aim_interfaces/local/lib/python3.10/dist-packages/auto_aim_interfaces/auto_aim_interfaces_s__rosidl_typesupport_introspection_c.cpython-310-x86_64-linux-gnu.so
[0.289s] -- Up-to-date: /home/auto/rmvision_ws/install/auto_aim_interfaces/local/lib/python3.10/dist-packages/auto_aim_interfaces/auto_aim_interfaces_s__rosidl_typesupport_fastrtps_c.cpython-310-x86_64-linux-gnu.so
[0.289s] -- Up-to-date: /home/auto/rmvision_ws/install/auto_aim_interfaces/local/lib/python3.10/dist-packages/auto_aim_interfaces/auto_aim_interfaces_s__rosidl_typesupport_c.cpython-310-x86_64-linux-gnu.so
[0.289s] -- Up-to-date: /home/auto/rmvision_ws/install/auto_aim_interfaces/local/lib/python3.10/dist-packages/auto_aim_interfaces/msg
[0.289s] -- Up-to-date: /home/auto/rmvision_ws/install/auto_aim_interfaces/local/lib/python3.10/dist-packages/auto_aim_interfaces/msg/_armor_s.c
[0.289s] -- Up-to-date: /home/auto/rmvision_ws/install/auto_aim_interfaces/local/lib/python3.10/dist-packages/auto_aim_interfaces/msg/_detections.py
[0.289s] -- Up-to-date: /home/auto/rmvision_ws/install/auto_aim_interfaces/local/lib/python3.10/dist-packages/auto_aim_interfaces/msg/_gimbal_ctrl_s.c
[0.289s] -- Up-to-date: /home/auto/rmvision_ws/install/auto_aim_interfaces/local/lib/python3.10/dist-packages/auto_aim_interfaces/msg/_debug_base.py
[0.289s] -- Up-to-date: /home/auto/rmvision_ws/install/auto_aim_interfaces/local/lib/python3.10/dist-packages/auto_aim_interfaces/msg/_key_point2_f.py
[0.289s] -- Up-to-date: /home/auto/rmvision_ws/install/auto_aim_interfaces/local/lib/python3.10/dist-packages/auto_aim_interfaces/msg/_debug_lights.py
[0.289s] -- Up-to-date: /home/auto/rmvision_ws/install/auto_aim_interfaces/local/lib/python3.10/dist-packages/auto_aim_interfaces/msg/_target.py
[0.289s] -- Up-to-date: /home/auto/rmvision_ws/install/auto_aim_interfaces/local/lib/python3.10/dist-packages/auto_aim_interfaces/msg/_armors.py
[0.289s] -- Up-to-date: /home/auto/rmvision_ws/install/auto_aim_interfaces/local/lib/python3.10/dist-packages/auto_aim_interfaces/msg/_debug_armor.py
[0.289s] -- Up-to-date: /home/auto/rmvision_ws/install/auto_aim_interfaces/local/lib/python3.10/dist-packages/auto_aim_interfaces/msg/_tracker_info_s.c
[0.289s] -- Up-to-date: /home/auto/rmvision_ws/install/auto_aim_interfaces/local/lib/python3.10/dist-packages/auto_aim_interfaces/msg/_fdb.py
[0.289s] -- Up-to-date: /home/auto/rmvision_ws/install/auto_aim_interfaces/local/lib/python3.10/dist-packages/auto_aim_interfaces/msg/_bases_s.c
[0.289s] -- Up-to-date: /home/auto/rmvision_ws/install/auto_aim_interfaces/local/lib/python3.10/dist-packages/auto_aim_interfaces/msg/__init__.py
[0.289s] -- Up-to-date: /home/auto/rmvision_ws/install/auto_aim_interfaces/local/lib/python3.10/dist-packages/auto_aim_interfaces/msg/_detection.py
[0.289s] -- Up-to-date: /home/auto/rmvision_ws/install/auto_aim_interfaces/local/lib/python3.10/dist-packages/auto_aim_interfaces/msg/_debug_armors_s.c
[0.289s] -- Up-to-date: /home/auto/rmvision_ws/install/auto_aim_interfaces/local/lib/python3.10/dist-packages/auto_aim_interfaces/msg/_debug_light.py
[0.289s] -- Up-to-date: /home/auto/rmvision_ws/install/auto_aim_interfaces/local/lib/python3.10/dist-packages/auto_aim_interfaces/msg/_key_point_and_float.py
[0.289s] -- Up-to-date: /home/auto/rmvision_ws/install/auto_aim_interfaces/local/lib/python3.10/dist-packages/auto_aim_interfaces/msg/_key_point_and_float_s.c
[0.289s] -- Up-to-date: /home/auto/rmvision_ws/install/auto_aim_interfaces/local/lib/python3.10/dist-packages/auto_aim_interfaces/msg/_gimbal_fdb_s.c
[0.289s] -- Up-to-date: /home/auto/rmvision_ws/install/auto_aim_interfaces/local/lib/python3.10/dist-packages/auto_aim_interfaces/msg/_detections_s.c
[0.289s] -- Up-to-date: /home/auto/rmvision_ws/install/auto_aim_interfaces/local/lib/python3.10/dist-packages/auto_aim_interfaces/msg/_debug_base_s.c
[0.289s] -- Up-to-date: /home/auto/rmvision_ws/install/auto_aim_interfaces/local/lib/python3.10/dist-packages/auto_aim_interfaces/msg/_fdb_s.c
[0.289s] -- Up-to-date: /home/auto/rmvision_ws/install/auto_aim_interfaces/local/lib/python3.10/dist-packages/auto_aim_interfaces/msg/_debug_lights_s.c
[0.289s] -- Up-to-date: /home/auto/rmvision_ws/install/auto_aim_interfaces/local/lib/python3.10/dist-packages/auto_aim_interfaces/msg/_base.py
[0.289s] -- Up-to-date: /home/auto/rmvision_ws/install/auto_aim_interfaces/local/lib/python3.10/dist-packages/auto_aim_interfaces/msg/_debug_bases_s.c
[0.289s] -- Up-to-date: /home/auto/rmvision_ws/install/auto_aim_interfaces/local/lib/python3.10/dist-packages/auto_aim_interfaces/msg/_debug_light_s.c
[0.289s] -- Up-to-date: /home/auto/rmvision_ws/install/auto_aim_interfaces/local/lib/python3.10/dist-packages/auto_aim_interfaces/msg/_debug_armor_s.c
[0.289s] -- Up-to-date: /home/auto/rmvision_ws/install/auto_aim_interfaces/local/lib/python3.10/dist-packages/auto_aim_interfaces/msg/_base_s.c
[0.289s] -- Up-to-date: /home/auto/rmvision_ws/install/auto_aim_interfaces/local/lib/python3.10/dist-packages/auto_aim_interfaces/msg/_gimbal_ctrl.py
[0.290s] -- Up-to-date: /home/auto/rmvision_ws/install/auto_aim_interfaces/local/lib/python3.10/dist-packages/auto_aim_interfaces/msg/_armor.py
[0.290s] -- Up-to-date: /home/auto/rmvision_ws/install/auto_aim_interfaces/local/lib/python3.10/dist-packages/auto_aim_interfaces/msg/_debug_bases.py
[0.290s] -- Up-to-date: /home/auto/rmvision_ws/install/auto_aim_interfaces/local/lib/python3.10/dist-packages/auto_aim_interfaces/msg/_tracker_info.py
[0.290s] -- Up-to-date: /home/auto/rmvision_ws/install/auto_aim_interfaces/local/lib/python3.10/dist-packages/auto_aim_interfaces/msg/_debug_armors.py
[0.290s] -- Up-to-date: /home/auto/rmvision_ws/install/auto_aim_interfaces/local/lib/python3.10/dist-packages/auto_aim_interfaces/msg/_navi_fdb_s.c
[0.290s] -- Up-to-date: /home/auto/rmvision_ws/install/auto_aim_interfaces/local/lib/python3.10/dist-packages/auto_aim_interfaces/msg/_detection_s.c
[0.290s] -- Up-to-date: /home/auto/rmvision_ws/install/auto_aim_interfaces/local/lib/python3.10/dist-packages/auto_aim_interfaces/msg/_bases.py
[0.290s] -- Up-to-date: /home/auto/rmvision_ws/install/auto_aim_interfaces/local/lib/python3.10/dist-packages/auto_aim_interfaces/msg/_armors_s.c
[0.290s] -- Up-to-date: /home/auto/rmvision_ws/install/auto_aim_interfaces/local/lib/python3.10/dist-packages/auto_aim_interfaces/msg/_key_point2_f_s.c
[0.290s] -- Up-to-date: /home/auto/rmvision_ws/install/auto_aim_interfaces/local/lib/python3.10/dist-packages/auto_aim_interfaces/msg/_navi_fdb.py
[0.290s] -- Up-to-date: /home/auto/rmvision_ws/install/auto_aim_interfaces/local/lib/python3.10/dist-packages/auto_aim_interfaces/msg/_target_s.c
[0.290s] -- Up-to-date: /home/auto/rmvision_ws/install/auto_aim_interfaces/local/lib/python3.10/dist-packages/auto_aim_interfaces/msg/_gimbal_fdb.py
[0.290s] -- Up-to-date: /home/auto/rmvision_ws/install/auto_aim_interfaces/local/lib/python3.10/dist-packages/auto_aim_interfaces/_auto_aim_interfaces_s.ep.rosidl_typesupport_fastrtps_c.c
[0.290s] -- Up-to-date: /home/auto/rmvision_ws/install/auto_aim_interfaces/local/lib/python3.10/dist-packages/auto_aim_interfaces/_auto_aim_interfaces_s.ep.rosidl_typesupport_introspection_c.c
[0.306s] Listing '/home/auto/rmvision_ws/install/auto_aim_interfaces/local/lib/python3.10/dist-packages/auto_aim_interfaces'...
[0.306s] Listing '/home/auto/rmvision_ws/install/auto_aim_interfaces/local/lib/python3.10/dist-packages/auto_aim_interfaces/msg'...
[0.311s] -- Up-to-date: /home/auto/rmvision_ws/install/auto_aim_interfaces/local/lib/python3.10/dist-packages/auto_aim_interfaces/auto_aim_interfaces_s__rosidl_typesupport_fastrtps_c.cpython-310-x86_64-linux-gnu.so
[0.312s] -- Up-to-date: /home/auto/rmvision_ws/install/auto_aim_interfaces/local/lib/python3.10/dist-packages/auto_aim_interfaces/auto_aim_interfaces_s__rosidl_typesupport_introspection_c.cpython-310-x86_64-linux-gnu.so
[0.312s] -- Up-to-date: /home/auto/rmvision_ws/install/auto_aim_interfaces/local/lib/python3.10/dist-packages/auto_aim_interfaces/auto_aim_interfaces_s__rosidl_typesupport_c.cpython-310-x86_64-linux-gnu.so
[0.312s] -- Up-to-date: /home/auto/rmvision_ws/install/auto_aim_interfaces/lib/libauto_aim_interfaces__rosidl_generator_py.so
[0.312s] -- Up-to-date: /home/auto/rmvision_ws/install/auto_aim_interfaces/share/auto_aim_interfaces/msg/Armor.idl
[0.313s] -- Up-to-date: /home/auto/rmvision_ws/install/auto_aim_interfaces/share/auto_aim_interfaces/msg/Armors.idl
[0.313s] -- Up-to-date: /home/auto/rmvision_ws/install/auto_aim_interfaces/share/auto_aim_interfaces/msg/Target.idl
[0.313s] -- Up-to-date: /home/auto/rmvision_ws/install/auto_aim_interfaces/share/auto_aim_interfaces/msg/Base.idl
[0.313s] -- Up-to-date: /home/auto/rmvision_ws/install/auto_aim_interfaces/share/auto_aim_interfaces/msg/Bases.idl
[0.313s] -- Up-to-date: /home/auto/rmvision_ws/install/auto_aim_interfaces/share/auto_aim_interfaces/msg/DebugLight.idl
[0.313s] -- Up-to-date: /home/auto/rmvision_ws/install/auto_aim_interfaces/share/auto_aim_interfaces/msg/DebugLights.idl
[0.313s] -- Up-to-date: /home/auto/rmvision_ws/install/auto_aim_interfaces/share/auto_aim_interfaces/msg/DebugArmor.idl
[0.313s] -- Up-to-date: /home/auto/rmvision_ws/install/auto_aim_interfaces/share/auto_aim_interfaces/msg/DebugArmors.idl
[0.313s] -- Up-to-date: /home/auto/rmvision_ws/install/auto_aim_interfaces/share/auto_aim_interfaces/msg/DebugBase.idl
[0.313s] -- Up-to-date: /home/auto/rmvision_ws/install/auto_aim_interfaces/share/auto_aim_interfaces/msg/DebugBases.idl
[0.314s] -- Up-to-date: /home/auto/rmvision_ws/install/auto_aim_interfaces/share/auto_aim_interfaces/msg/TrackerInfo.idl
[0.314s] -- Up-to-date: /home/auto/rmvision_ws/install/auto_aim_interfaces/share/auto_aim_interfaces/msg/GimbalCtrl.idl
[0.314s] -- Up-to-date: /home/auto/rmvision_ws/install/auto_aim_interfaces/share/auto_aim_interfaces/msg/GimbalFdb.idl
[0.314s] -- Up-to-date: /home/auto/rmvision_ws/install/auto_aim_interfaces/share/auto_aim_interfaces/msg/NaviFdb.idl
[0.314s] -- Up-to-date: /home/auto/rmvision_ws/install/auto_aim_interfaces/share/auto_aim_interfaces/msg/KeyPoint2F.idl
[0.314s] -- Up-to-date: /home/auto/rmvision_ws/install/auto_aim_interfaces/share/auto_aim_interfaces/msg/KeyPointAndFloat.idl
[0.314s] -- Up-to-date: /home/auto/rmvision_ws/install/auto_aim_interfaces/share/auto_aim_interfaces/msg/Detection.idl
[0.314s] -- Up-to-date: /home/auto/rmvision_ws/install/auto_aim_interfaces/share/auto_aim_interfaces/msg/Detections.idl
[0.314s] -- Up-to-date: /home/auto/rmvision_ws/install/auto_aim_interfaces/share/auto_aim_interfaces/msg/Fdb.idl
[0.314s] -- Up-to-date: /home/auto/rmvision_ws/install/auto_aim_interfaces/share/auto_aim_interfaces/msg/Armor.msg
[0.314s] -- Up-to-date: /home/auto/rmvision_ws/install/auto_aim_interfaces/share/auto_aim_interfaces/msg/Armors.msg
[0.315s] -- Up-to-date: /home/auto/rmvision_ws/install/auto_aim_interfaces/share/auto_aim_interfaces/msg/Target.msg
[0.315s] -- Up-to-date: /home/auto/rmvision_ws/install/auto_aim_interfaces/share/auto_aim_interfaces/msg/Base.msg
[0.315s] -- Up-to-date: /home/auto/rmvision_ws/install/auto_aim_interfaces/share/auto_aim_interfaces/msg/Bases.msg
[0.315s] -- Up-to-date: /home/auto/rmvision_ws/install/auto_aim_interfaces/share/auto_aim_interfaces/msg/DebugLight.msg
[0.315s] -- Up-to-date: /home/auto/rmvision_ws/install/auto_aim_interfaces/share/auto_aim_interfaces/msg/DebugLights.msg
[0.315s] -- Up-to-date: /home/auto/rmvision_ws/install/auto_aim_interfaces/share/auto_aim_interfaces/msg/DebugArmor.msg
[0.315s] -- Up-to-date: /home/auto/rmvision_ws/install/auto_aim_interfaces/share/auto_aim_interfaces/msg/DebugArmors.msg
[0.315s] -- Up-to-date: /home/auto/rmvision_ws/install/auto_aim_interfaces/share/auto_aim_interfaces/msg/DebugBase.msg
[0.315s] -- Up-to-date: /home/auto/rmvision_ws/install/auto_aim_interfaces/share/auto_aim_interfaces/msg/DebugBases.msg
[0.315s] -- Up-to-date: /home/auto/rmvision_ws/install/auto_aim_interfaces/share/auto_aim_interfaces/msg/TrackerInfo.msg
[0.315s] -- Up-to-date: /home/auto/rmvision_ws/install/auto_aim_interfaces/share/auto_aim_interfaces/msg/GimbalCtrl.msg
[0.315s] -- Up-to-date: /home/auto/rmvision_ws/install/auto_aim_interfaces/share/auto_aim_interfaces/msg/GimbalFdb.msg
[0.315s] -- Up-to-date: /home/auto/rmvision_ws/install/auto_aim_interfaces/share/auto_aim_interfaces/msg/NaviFdb.msg
[0.315s] -- Up-to-date: /home/auto/rmvision_ws/install/auto_aim_interfaces/share/auto_aim_interfaces/msg/KeyPoint2F.msg
[0.315s] -- Up-to-date: /home/auto/rmvision_ws/install/auto_aim_interfaces/share/auto_aim_interfaces/msg/KeyPointAndFloat.msg
[0.315s] -- Up-to-date: /home/auto/rmvision_ws/install/auto_aim_interfaces/share/auto_aim_interfaces/msg/Detection.msg
[0.316s] -- Up-to-date: /home/auto/rmvision_ws/install/auto_aim_interfaces/share/auto_aim_interfaces/msg/Detections.msg
[0.316s] -- Up-to-date: /home/auto/rmvision_ws/install/auto_aim_interfaces/share/auto_aim_interfaces/msg/Fdb.msg
[0.316s] -- Up-to-date: /home/auto/rmvision_ws/install/auto_aim_interfaces/share/ament_index/resource_index/package_run_dependencies/auto_aim_interfaces
[0.316s] -- Up-to-date: /home/auto/rmvision_ws/install/auto_aim_interfaces/share/ament_index/resource_index/parent_prefix_path/auto_aim_interfaces
[0.316s] -- Up-to-date: /home/auto/rmvision_ws/install/auto_aim_interfaces/share/auto_aim_interfaces/environment/ament_prefix_path.sh
[0.316s] -- Up-to-date: /home/auto/rmvision_ws/install/auto_aim_interfaces/share/auto_aim_interfaces/environment/ament_prefix_path.dsv
[0.316s] -- Up-to-date: /home/auto/rmvision_ws/install/auto_aim_interfaces/share/auto_aim_interfaces/environment/path.sh
[0.316s] -- Up-to-date: /home/auto/rmvision_ws/install/auto_aim_interfaces/share/auto_aim_interfaces/environment/path.dsv
[0.316s] -- Up-to-date: /home/auto/rmvision_ws/install/auto_aim_interfaces/share/auto_aim_interfaces/local_setup.bash
[0.316s] -- Up-to-date: /home/auto/rmvision_ws/install/auto_aim_interfaces/share/auto_aim_interfaces/local_setup.sh
[0.316s] -- Up-to-date: /home/auto/rmvision_ws/install/auto_aim_interfaces/share/auto_aim_interfaces/local_setup.zsh
[0.316s] -- Up-to-date: /home/auto/rmvision_ws/install/auto_aim_interfaces/share/auto_aim_interfaces/local_setup.dsv
[0.316s] -- Installing: /home/auto/rmvision_ws/install/auto_aim_interfaces/share/auto_aim_interfaces/package.dsv
[0.316s] -- Up-to-date: /home/auto/rmvision_ws/install/auto_aim_interfaces/share/ament_index/resource_index/packages/auto_aim_interfaces
[0.316s] -- Up-to-date: /home/auto/rmvision_ws/install/auto_aim_interfaces/share/auto_aim_interfaces/cmake/export_auto_aim_interfaces__rosidl_generator_cExport.cmake
[0.316s] -- Up-to-date: /home/auto/rmvision_ws/install/auto_aim_interfaces/share/auto_aim_interfaces/cmake/export_auto_aim_interfaces__rosidl_generator_cExport-noconfig.cmake
[0.316s] -- Up-to-date: /home/auto/rmvision_ws/install/auto_aim_interfaces/share/auto_aim_interfaces/cmake/export_auto_aim_interfaces__rosidl_typesupport_fastrtps_cExport.cmake
[0.316s] -- Up-to-date: /home/auto/rmvision_ws/install/auto_aim_interfaces/share/auto_aim_interfaces/cmake/export_auto_aim_interfaces__rosidl_typesupport_fastrtps_cExport-noconfig.cmake
[0.316s] -- Up-to-date: /home/auto/rmvision_ws/install/auto_aim_interfaces/share/auto_aim_interfaces/cmake/auto_aim_interfaces__rosidl_typesupport_introspection_cExport.cmake
[0.316s] -- Up-to-date: /home/auto/rmvision_ws/install/auto_aim_interfaces/share/auto_aim_interfaces/cmake/auto_aim_interfaces__rosidl_typesupport_introspection_cExport-noconfig.cmake
[0.316s] -- Up-to-date: /home/auto/rmvision_ws/install/auto_aim_interfaces/share/auto_aim_interfaces/cmake/auto_aim_interfaces__rosidl_typesupport_cExport.cmake
[0.316s] -- Up-to-date: /home/auto/rmvision_ws/install/auto_aim_interfaces/share/auto_aim_interfaces/cmake/auto_aim_interfaces__rosidl_typesupport_cExport-noconfig.cmake
[0.317s] -- Up-to-date: /home/auto/rmvision_ws/install/auto_aim_interfaces/share/auto_aim_interfaces/cmake/export_auto_aim_interfaces__rosidl_generator_cppExport.cmake
[0.317s] -- Up-to-date: /home/auto/rmvision_ws/install/auto_aim_interfaces/share/auto_aim_interfaces/cmake/export_auto_aim_interfaces__rosidl_typesupport_fastrtps_cppExport.cmake
[0.317s] -- Up-to-date: /home/auto/rmvision_ws/install/auto_aim_interfaces/share/auto_aim_interfaces/cmake/export_auto_aim_interfaces__rosidl_typesupport_fastrtps_cppExport-noconfig.cmake
[0.317s] -- Up-to-date: /home/auto/rmvision_ws/install/auto_aim_interfaces/share/auto_aim_interfaces/cmake/auto_aim_interfaces__rosidl_typesupport_introspection_cppExport.cmake
[0.317s] -- Up-to-date: /home/auto/rmvision_ws/install/auto_aim_interfaces/share/auto_aim_interfaces/cmake/auto_aim_interfaces__rosidl_typesupport_introspection_cppExport-noconfig.cmake
[0.317s] -- Up-to-date: /home/auto/rmvision_ws/install/auto_aim_interfaces/share/auto_aim_interfaces/cmake/auto_aim_interfaces__rosidl_typesupport_cppExport.cmake
[0.317s] -- Up-to-date: /home/auto/rmvision_ws/install/auto_aim_interfaces/share/auto_aim_interfaces/cmake/auto_aim_interfaces__rosidl_typesupport_cppExport-noconfig.cmake
[0.317s] -- Up-to-date: /home/auto/rmvision_ws/install/auto_aim_interfaces/share/auto_aim_interfaces/cmake/export_auto_aim_interfaces__rosidl_generator_pyExport.cmake
[0.317s] -- Up-to-date: /home/auto/rmvision_ws/install/auto_aim_interfaces/share/auto_aim_interfaces/cmake/export_auto_aim_interfaces__rosidl_generator_pyExport-noconfig.cmake
[0.317s] -- Up-to-date: /home/auto/rmvision_ws/install/auto_aim_interfaces/share/auto_aim_interfaces/cmake/rosidl_cmake-extras.cmake
[0.317s] -- Up-to-date: /home/auto/rmvision_ws/install/auto_aim_interfaces/share/auto_aim_interfaces/cmake/ament_cmake_export_dependencies-extras.cmake
[0.317s] -- Up-to-date: /home/auto/rmvision_ws/install/auto_aim_interfaces/share/auto_aim_interfaces/cmake/ament_cmake_export_include_directories-extras.cmake
[0.317s] -- Up-to-date: /home/auto/rmvision_ws/install/auto_aim_interfaces/share/auto_aim_interfaces/cmake/ament_cmake_export_libraries-extras.cmake
[0.317s] -- Up-to-date: /home/auto/rmvision_ws/install/auto_aim_interfaces/share/auto_aim_interfaces/cmake/ament_cmake_export_targets-extras.cmake
[0.317s] -- Up-to-date: /home/auto/rmvision_ws/install/auto_aim_interfaces/share/auto_aim_interfaces/cmake/rosidl_cmake_export_typesupport_targets-extras.cmake
[0.317s] -- Up-to-date: /home/auto/rmvision_ws/install/auto_aim_interfaces/share/auto_aim_interfaces/cmake/rosidl_cmake_export_typesupport_libraries-extras.cmake
[0.317s] -- Up-to-date: /home/auto/rmvision_ws/install/auto_aim_interfaces/share/auto_aim_interfaces/cmake/auto_aim_interfacesConfig.cmake
[0.318s] -- Up-to-date: /home/auto/rmvision_ws/install/auto_aim_interfaces/share/auto_aim_interfaces/cmake/auto_aim_interfacesConfig-version.cmake
[0.318s] -- Up-to-date: /home/auto/rmvision_ws/install/auto_aim_interfaces/share/auto_aim_interfaces/package.xml
[0.319s] Invoked command in '/home/auto/rmvision_ws/build/auto_aim_interfaces' returned '0': CMAKE_PREFIX_PATH=${CMAKE_PREFIX_PATH}:/opt/ros/humble /usr/local/bin/cmake --install /home/auto/rmvision_ws/build/auto_aim_interfaces
