[0.073s] Invoking command in '/home/auto/rmvision_ws/build/hik_camera': CMAKE_PREFIX_PATH=/home/auto/rmvision_ws/install/auto_aim_interfaces:/home/auto/rmvision_ws/install/unity_transform:/home/auto/rmvision_ws/install/serial_driver:/home/auto/rmvision_ws/install/rm_vision_bringup:/home/auto/rmvision_ws/install/rm_gimbal_description:/home/auto/rmvision_ws/install/navi_cal:/home/auto/rmvision_ws/install/mindvision_camera:/home/auto/rmvision_ws/install/hik_camera:/home/auto/rmvision_ws/install/base_detector:/home/auto/rmvision_ws/install/armor_tracker:/home/auto/rmvision_ws/install/armor_detector:/home/auto/rmvision_ws/install/armor_creater:/opt/ros/humble LD_LIBRARY_PATH=/home/auto/rmvision_ws/install/auto_aim_interfaces/lib:/opt/intel/openvino_2024.2.0/runtime/3rdparty/tbb/lib:/opt/intel/openvino_2024.2.0/runtime/lib/intel64:/opt/MVS/lib/64:/opt/MVS/lib/32:/opt/intel/openvino_2024.2.0/runtime/3rdparty/tbb/lib:/opt/intel/openvino_2024.2.0/runtime/lib/intel64:/home/auto/rmvision_ws/install/serial_driver/lib:/home/auto/rmvision_ws/install/navi_cal/lib:/home/auto/rmvision_ws/install/mindvision_camera/lib:/home/auto/rmvision_ws/install/hik_camera/lib:/home/auto/rmvision_ws/install/base_detector/lib:/home/auto/rmvision_ws/install/armor_tracker/lib:/home/auto/rmvision_ws/install/armor_detector/lib:/home/auto/rmvision_ws/install/armor_creater/lib:/opt/ros/humble/opt/rviz_ogre_vendor/lib:/opt/ros/humble/lib/x86_64-linux-gnu:/opt/ros/humble/lib:/opt/MVS/lib/64:/opt/MVS/lib/32:/opt/MVS/lib/64:/opt/MVS/lib/32:/opt/MVS/lib/64:/opt/MVS/lib/32:/opt/MVS/lib/64:/opt/MVS/lib/32:/opt/MVS/lib/64:/opt/MVS/lib/32:/usr/local/lib:/usr/local/lib /usr/local/bin/cmake --build /home/auto/rmvision_ws/build/hik_camera -- -j20 -l20
[0.149s] [ 50%] Built target hik_camera_node
[0.150s] [ 75%] [32mBuilding CXX object CMakeFiles/hik_camera.dir/src/hik_camera_node.cpp.o[0m
[12.049s] [100%] [32m[1mLinking CXX shared library libhik_camera.so[0m
[12.645s] [100%] Built target hik_camera
[12.658s] Invoked command in '/home/auto/rmvision_ws/build/hik_camera' returned '0': CMAKE_PREFIX_PATH=/home/auto/rmvision_ws/install/auto_aim_interfaces:/home/auto/rmvision_ws/install/unity_transform:/home/auto/rmvision_ws/install/serial_driver:/home/auto/rmvision_ws/install/rm_vision_bringup:/home/auto/rmvision_ws/install/rm_gimbal_description:/home/auto/rmvision_ws/install/navi_cal:/home/auto/rmvision_ws/install/mindvision_camera:/home/auto/rmvision_ws/install/hik_camera:/home/auto/rmvision_ws/install/base_detector:/home/auto/rmvision_ws/install/armor_tracker:/home/auto/rmvision_ws/install/armor_detector:/home/auto/rmvision_ws/install/armor_creater:/opt/ros/humble LD_LIBRARY_PATH=/home/auto/rmvision_ws/install/auto_aim_interfaces/lib:/opt/intel/openvino_2024.2.0/runtime/3rdparty/tbb/lib:/opt/intel/openvino_2024.2.0/runtime/lib/intel64:/opt/MVS/lib/64:/opt/MVS/lib/32:/opt/intel/openvino_2024.2.0/runtime/3rdparty/tbb/lib:/opt/intel/openvino_2024.2.0/runtime/lib/intel64:/home/auto/rmvision_ws/install/serial_driver/lib:/home/auto/rmvision_ws/install/navi_cal/lib:/home/auto/rmvision_ws/install/mindvision_camera/lib:/home/auto/rmvision_ws/install/hik_camera/lib:/home/auto/rmvision_ws/install/base_detector/lib:/home/auto/rmvision_ws/install/armor_tracker/lib:/home/auto/rmvision_ws/install/armor_detector/lib:/home/auto/rmvision_ws/install/armor_creater/lib:/opt/ros/humble/opt/rviz_ogre_vendor/lib:/opt/ros/humble/lib/x86_64-linux-gnu:/opt/ros/humble/lib:/opt/MVS/lib/64:/opt/MVS/lib/32:/opt/MVS/lib/64:/opt/MVS/lib/32:/opt/MVS/lib/64:/opt/MVS/lib/32:/opt/MVS/lib/64:/opt/MVS/lib/32:/opt/MVS/lib/64:/opt/MVS/lib/32:/usr/local/lib:/usr/local/lib /usr/local/bin/cmake --build /home/auto/rmvision_ws/build/hik_camera -- -j20 -l20
[12.660s] Invoking command in '/home/auto/rmvision_ws/build/hik_camera': CMAKE_PREFIX_PATH=/home/auto/rmvision_ws/install/auto_aim_interfaces:/home/auto/rmvision_ws/install/unity_transform:/home/auto/rmvision_ws/install/serial_driver:/home/auto/rmvision_ws/install/rm_vision_bringup:/home/auto/rmvision_ws/install/rm_gimbal_description:/home/auto/rmvision_ws/install/navi_cal:/home/auto/rmvision_ws/install/mindvision_camera:/home/auto/rmvision_ws/install/hik_camera:/home/auto/rmvision_ws/install/base_detector:/home/auto/rmvision_ws/install/armor_tracker:/home/auto/rmvision_ws/install/armor_detector:/home/auto/rmvision_ws/install/armor_creater:/opt/ros/humble LD_LIBRARY_PATH=/home/auto/rmvision_ws/install/auto_aim_interfaces/lib:/opt/intel/openvino_2024.2.0/runtime/3rdparty/tbb/lib:/opt/intel/openvino_2024.2.0/runtime/lib/intel64:/opt/MVS/lib/64:/opt/MVS/lib/32:/opt/intel/openvino_2024.2.0/runtime/3rdparty/tbb/lib:/opt/intel/openvino_2024.2.0/runtime/lib/intel64:/home/auto/rmvision_ws/install/serial_driver/lib:/home/auto/rmvision_ws/install/navi_cal/lib:/home/auto/rmvision_ws/install/mindvision_camera/lib:/home/auto/rmvision_ws/install/hik_camera/lib:/home/auto/rmvision_ws/install/base_detector/lib:/home/auto/rmvision_ws/install/armor_tracker/lib:/home/auto/rmvision_ws/install/armor_detector/lib:/home/auto/rmvision_ws/install/armor_creater/lib:/opt/ros/humble/opt/rviz_ogre_vendor/lib:/opt/ros/humble/lib/x86_64-linux-gnu:/opt/ros/humble/lib:/opt/MVS/lib/64:/opt/MVS/lib/32:/opt/MVS/lib/64:/opt/MVS/lib/32:/opt/MVS/lib/64:/opt/MVS/lib/32:/opt/MVS/lib/64:/opt/MVS/lib/32:/opt/MVS/lib/64:/opt/MVS/lib/32:/usr/local/lib:/usr/local/lib /usr/local/bin/cmake --install /home/auto/rmvision_ws/build/hik_camera
[12.666s] -- Install configuration: ""
[12.666s] -- Up-to-date: /home/auto/rmvision_ws/install/hik_camera/lib
[12.667s] -- Up-to-date: /home/auto/rmvision_ws/install/hik_camera/lib/libMVGigEVisionSDK.so.4.5.0.3
[12.667s] -- Up-to-date: /home/auto/rmvision_ws/install/hik_camera/lib/libMvCamLVision.so.4.4.1.2
[12.667s] -- Up-to-date: /home/auto/rmvision_ws/install/hik_camera/lib/MvFGProducerCML.cti
[12.667s] -- Up-to-date: /home/auto/rmvision_ws/install/hik_camera/lib/MvFGProducerXoF.cti
[12.667s] -- Up-to-date: /home/auto/rmvision_ws/install/hik_camera/lib/libusb-1.0.so.0
[12.667s] -- Up-to-date: /home/auto/rmvision_ws/install/hik_camera/lib/CommonParameters.ini
[12.667s] -- Up-to-date: /home/auto/rmvision_ws/install/hik_camera/lib/libMvCameraControlWrapper.so.4.5.0.1
[12.667s] -- Up-to-date: /home/auto/rmvision_ws/install/hik_camera/lib/MvProducerGEV.cti
[12.667s] -- Up-to-date: /home/auto/rmvision_ws/install/hik_camera/lib/MvProducerU3V.cti
[12.667s] -- Up-to-date: /home/auto/rmvision_ws/install/hik_camera/lib/MvFGProducerCXP.cti
[12.667s] -- Up-to-date: /home/auto/rmvision_ws/install/hik_camera/lib/MvFGProducerGEV.cti
[12.667s] -- Up-to-date: /home/auto/rmvision_ws/install/hik_camera/lib/libMvCameraControl.so.4.5.0.3
[12.667s] -- Up-to-date: /home/auto/rmvision_ws/install/hik_camera/lib/libMvUsb3vTL.so.4.5.0.3
[12.667s] -- Up-to-date: /home/auto/rmvision_ws/install/hik_camera/lib/hik_camera/hik_camera_node
[12.667s] -- Up-to-date: /home/auto/rmvision_ws/install/hik_camera/share/hik_camera/environment/library_path.sh
[12.667s] -- Up-to-date: /home/auto/rmvision_ws/install/hik_camera/share/hik_camera/environment/library_path.dsv
[12.667s] -- Installing: /home/auto/rmvision_ws/install/hik_camera/lib/libhik_camera.so
[12.677s] -- Set runtime path of "/home/auto/rmvision_ws/install/hik_camera/lib/libhik_camera.so" to ""
[12.677s] -- Up-to-date: /home/auto/rmvision_ws/install/hik_camera/share/hik_camera/config
[12.677s] -- Up-to-date: /home/auto/rmvision_ws/install/hik_camera/share/hik_camera/config/camera_params.yaml
[12.677s] -- Up-to-date: /home/auto/rmvision_ws/install/hik_camera/share/hik_camera/config/camera_info.yaml
[12.677s] -- Up-to-date: /home/auto/rmvision_ws/install/hik_camera/share/hik_camera/launch
[12.677s] -- Up-to-date: /home/auto/rmvision_ws/install/hik_camera/share/hik_camera/launch/hik_camera.launch.py
[12.678s] -- Up-to-date: /home/auto/rmvision_ws/install/hik_camera/share/ament_index/resource_index/package_run_dependencies/hik_camera
[12.678s] -- Up-to-date: /home/auto/rmvision_ws/install/hik_camera/share/ament_index/resource_index/parent_prefix_path/hik_camera
[12.678s] -- Up-to-date: /home/auto/rmvision_ws/install/hik_camera/share/hik_camera/environment/ament_prefix_path.sh
[12.678s] -- Up-to-date: /home/auto/rmvision_ws/install/hik_camera/share/hik_camera/environment/ament_prefix_path.dsv
[12.678s] -- Up-to-date: /home/auto/rmvision_ws/install/hik_camera/share/hik_camera/environment/path.sh
[12.678s] -- Up-to-date: /home/auto/rmvision_ws/install/hik_camera/share/hik_camera/environment/path.dsv
[12.678s] -- Up-to-date: /home/auto/rmvision_ws/install/hik_camera/share/hik_camera/local_setup.bash
[12.678s] -- Up-to-date: /home/auto/rmvision_ws/install/hik_camera/share/hik_camera/local_setup.sh
[12.678s] -- Up-to-date: /home/auto/rmvision_ws/install/hik_camera/share/hik_camera/local_setup.zsh
[12.678s] -- Up-to-date: /home/auto/rmvision_ws/install/hik_camera/share/hik_camera/local_setup.dsv
[12.678s] -- Installing: /home/auto/rmvision_ws/install/hik_camera/share/hik_camera/package.dsv
[12.678s] -- Up-to-date: /home/auto/rmvision_ws/install/hik_camera/share/ament_index/resource_index/packages/hik_camera
[12.678s] -- Up-to-date: /home/auto/rmvision_ws/install/hik_camera/share/ament_index/resource_index/rclcpp_components/hik_camera
[12.678s] -- Up-to-date: /home/auto/rmvision_ws/install/hik_camera/share/hik_camera/cmake/ament_cmake_export_dependencies-extras.cmake
[12.679s] -- Up-to-date: /home/auto/rmvision_ws/install/hik_camera/share/hik_camera/cmake/ament_cmake_export_libraries-extras.cmake
[12.679s] -- Up-to-date: /home/auto/rmvision_ws/install/hik_camera/share/hik_camera/cmake/hik_cameraConfig.cmake
[12.679s] -- Up-to-date: /home/auto/rmvision_ws/install/hik_camera/share/hik_camera/cmake/hik_cameraConfig-version.cmake
[12.679s] -- Up-to-date: /home/auto/rmvision_ws/install/hik_camera/share/hik_camera/package.xml
[12.680s] Invoked command in '/home/auto/rmvision_ws/build/hik_camera' returned '0': CMAKE_PREFIX_PATH=/home/auto/rmvision_ws/install/auto_aim_interfaces:/home/auto/rmvision_ws/install/unity_transform:/home/auto/rmvision_ws/install/serial_driver:/home/auto/rmvision_ws/install/rm_vision_bringup:/home/auto/rmvision_ws/install/rm_gimbal_description:/home/auto/rmvision_ws/install/navi_cal:/home/auto/rmvision_ws/install/mindvision_camera:/home/auto/rmvision_ws/install/hik_camera:/home/auto/rmvision_ws/install/base_detector:/home/auto/rmvision_ws/install/armor_tracker:/home/auto/rmvision_ws/install/armor_detector:/home/auto/rmvision_ws/install/armor_creater:/opt/ros/humble LD_LIBRARY_PATH=/home/auto/rmvision_ws/install/auto_aim_interfaces/lib:/opt/intel/openvino_2024.2.0/runtime/3rdparty/tbb/lib:/opt/intel/openvino_2024.2.0/runtime/lib/intel64:/opt/MVS/lib/64:/opt/MVS/lib/32:/opt/intel/openvino_2024.2.0/runtime/3rdparty/tbb/lib:/opt/intel/openvino_2024.2.0/runtime/lib/intel64:/home/auto/rmvision_ws/install/serial_driver/lib:/home/auto/rmvision_ws/install/navi_cal/lib:/home/auto/rmvision_ws/install/mindvision_camera/lib:/home/auto/rmvision_ws/install/hik_camera/lib:/home/auto/rmvision_ws/install/base_detector/lib:/home/auto/rmvision_ws/install/armor_tracker/lib:/home/auto/rmvision_ws/install/armor_detector/lib:/home/auto/rmvision_ws/install/armor_creater/lib:/opt/ros/humble/opt/rviz_ogre_vendor/lib:/opt/ros/humble/lib/x86_64-linux-gnu:/opt/ros/humble/lib:/opt/MVS/lib/64:/opt/MVS/lib/32:/opt/MVS/lib/64:/opt/MVS/lib/32:/opt/MVS/lib/64:/opt/MVS/lib/32:/opt/MVS/lib/64:/opt/MVS/lib/32:/opt/MVS/lib/64:/opt/MVS/lib/32:/usr/local/lib:/usr/local/lib /usr/local/bin/cmake --install /home/auto/rmvision_ws/build/hik_camera
