[0.021s] Invoking command in '/home/auto/rmvision_ws/build/navi_cal': CMAKE_PREFIX_PATH=/home/auto/rmvision_ws/install/auto_aim_interfaces:/home/auto/rmvision_ws/install/unity_transform:/home/auto/rmvision_ws/install/serial_driver:/home/auto/rmvision_ws/install/rm_vision_bringup:/home/auto/rmvision_ws/install/rm_gimbal_description:/home/auto/rmvision_ws/install/navi_cal:/home/auto/rmvision_ws/install/mindvision_camera:/home/auto/rmvision_ws/install/hik_camera:/home/auto/rmvision_ws/install/base_detector:/home/auto/rmvision_ws/install/armor_tracker:/home/auto/rmvision_ws/install/armor_detector:/home/auto/rmvision_ws/install/armor_creater:/opt/ros/humble LD_LIBRARY_PATH=/home/auto/rmvision_ws/install/auto_aim_interfaces/lib:/opt/intel/openvino_2024.2.0/runtime/3rdparty/tbb/lib:/opt/intel/openvino_2024.2.0/runtime/lib/intel64:/opt/MVS/lib/64:/opt/MVS/lib/32:/opt/intel/openvino_2024.2.0/runtime/3rdparty/tbb/lib:/opt/intel/openvino_2024.2.0/runtime/lib/intel64:/home/auto/rmvision_ws/install/serial_driver/lib:/home/auto/rmvision_ws/install/navi_cal/lib:/home/auto/rmvision_ws/install/mindvision_camera/lib:/home/auto/rmvision_ws/install/hik_camera/lib:/home/auto/rmvision_ws/install/base_detector/lib:/home/auto/rmvision_ws/install/armor_tracker/lib:/home/auto/rmvision_ws/install/armor_detector/lib:/home/auto/rmvision_ws/install/armor_creater/lib:/opt/ros/humble/opt/rviz_ogre_vendor/lib:/opt/ros/humble/lib/x86_64-linux-gnu:/opt/ros/humble/lib:/opt/MVS/lib/64:/opt/MVS/lib/32:/opt/MVS/lib/64:/opt/MVS/lib/32:/opt/MVS/lib/64:/opt/MVS/lib/32:/usr/local/lib:/usr/local/lib /usr/local/bin/cmake --build /home/auto/rmvision_ws/build/navi_cal -- -j20 -l20
[0.046s] [35m[1mConsolidate compiler generated dependencies of target navi_cal[0m
[0.046s] [35m[1mConsolidate compiler generated dependencies of target navi_cal_node[0m
[0.056s] [ 50%] Built target navi_cal_node
[0.064s] [100%] Built target navi_cal
[0.075s] Invoked command in '/home/auto/rmvision_ws/build/navi_cal' returned '0': CMAKE_PREFIX_PATH=/home/auto/rmvision_ws/install/auto_aim_interfaces:/home/auto/rmvision_ws/install/unity_transform:/home/auto/rmvision_ws/install/serial_driver:/home/auto/rmvision_ws/install/rm_vision_bringup:/home/auto/rmvision_ws/install/rm_gimbal_description:/home/auto/rmvision_ws/install/navi_cal:/home/auto/rmvision_ws/install/mindvision_camera:/home/auto/rmvision_ws/install/hik_camera:/home/auto/rmvision_ws/install/base_detector:/home/auto/rmvision_ws/install/armor_tracker:/home/auto/rmvision_ws/install/armor_detector:/home/auto/rmvision_ws/install/armor_creater:/opt/ros/humble LD_LIBRARY_PATH=/home/auto/rmvision_ws/install/auto_aim_interfaces/lib:/opt/intel/openvino_2024.2.0/runtime/3rdparty/tbb/lib:/opt/intel/openvino_2024.2.0/runtime/lib/intel64:/opt/MVS/lib/64:/opt/MVS/lib/32:/opt/intel/openvino_2024.2.0/runtime/3rdparty/tbb/lib:/opt/intel/openvino_2024.2.0/runtime/lib/intel64:/home/auto/rmvision_ws/install/serial_driver/lib:/home/auto/rmvision_ws/install/navi_cal/lib:/home/auto/rmvision_ws/install/mindvision_camera/lib:/home/auto/rmvision_ws/install/hik_camera/lib:/home/auto/rmvision_ws/install/base_detector/lib:/home/auto/rmvision_ws/install/armor_tracker/lib:/home/auto/rmvision_ws/install/armor_detector/lib:/home/auto/rmvision_ws/install/armor_creater/lib:/opt/ros/humble/opt/rviz_ogre_vendor/lib:/opt/ros/humble/lib/x86_64-linux-gnu:/opt/ros/humble/lib:/opt/MVS/lib/64:/opt/MVS/lib/32:/opt/MVS/lib/64:/opt/MVS/lib/32:/opt/MVS/lib/64:/opt/MVS/lib/32:/usr/local/lib:/usr/local/lib /usr/local/bin/cmake --build /home/auto/rmvision_ws/build/navi_cal -- -j20 -l20
[0.076s] Invoking command in '/home/auto/rmvision_ws/build/navi_cal': CMAKE_PREFIX_PATH=/home/auto/rmvision_ws/install/auto_aim_interfaces:/home/auto/rmvision_ws/install/unity_transform:/home/auto/rmvision_ws/install/serial_driver:/home/auto/rmvision_ws/install/rm_vision_bringup:/home/auto/rmvision_ws/install/rm_gimbal_description:/home/auto/rmvision_ws/install/navi_cal:/home/auto/rmvision_ws/install/mindvision_camera:/home/auto/rmvision_ws/install/hik_camera:/home/auto/rmvision_ws/install/base_detector:/home/auto/rmvision_ws/install/armor_tracker:/home/auto/rmvision_ws/install/armor_detector:/home/auto/rmvision_ws/install/armor_creater:/opt/ros/humble LD_LIBRARY_PATH=/home/auto/rmvision_ws/install/auto_aim_interfaces/lib:/opt/intel/openvino_2024.2.0/runtime/3rdparty/tbb/lib:/opt/intel/openvino_2024.2.0/runtime/lib/intel64:/opt/MVS/lib/64:/opt/MVS/lib/32:/opt/intel/openvino_2024.2.0/runtime/3rdparty/tbb/lib:/opt/intel/openvino_2024.2.0/runtime/lib/intel64:/home/auto/rmvision_ws/install/serial_driver/lib:/home/auto/rmvision_ws/install/navi_cal/lib:/home/auto/rmvision_ws/install/mindvision_camera/lib:/home/auto/rmvision_ws/install/hik_camera/lib:/home/auto/rmvision_ws/install/base_detector/lib:/home/auto/rmvision_ws/install/armor_tracker/lib:/home/auto/rmvision_ws/install/armor_detector/lib:/home/auto/rmvision_ws/install/armor_creater/lib:/opt/ros/humble/opt/rviz_ogre_vendor/lib:/opt/ros/humble/lib/x86_64-linux-gnu:/opt/ros/humble/lib:/opt/MVS/lib/64:/opt/MVS/lib/32:/opt/MVS/lib/64:/opt/MVS/lib/32:/opt/MVS/lib/64:/opt/MVS/lib/32:/usr/local/lib:/usr/local/lib /usr/local/bin/cmake --install /home/auto/rmvision_ws/build/navi_cal
[0.080s] -- Install configuration: "Debug"
[0.080s] -- Installing: /home/auto/rmvision_ws/install/navi_cal/lib/navi_cal/navi_cal_node
[0.080s] -- Set runtime path of "/home/auto/rmvision_ws/install/navi_cal/lib/navi_cal/navi_cal_node" to ""
[0.080s] -- Installing: /home/auto/rmvision_ws/install/navi_cal/include
[0.081s] -- Installing: /home/auto/rmvision_ws/install/navi_cal/include/navi_cal
[0.081s] -- Installing: /home/auto/rmvision_ws/install/navi_cal/include/navi_cal/navi_cal.hpp
[0.081s] -- Installing: /home/auto/rmvision_ws/install/navi_cal/share/navi_cal/environment/library_path.sh
[0.081s] -- Installing: /home/auto/rmvision_ws/install/navi_cal/share/navi_cal/environment/library_path.dsv
[0.081s] -- Installing: /home/auto/rmvision_ws/install/navi_cal/lib/libnavi_cal.so
[0.090s] -- Set runtime path of "/home/auto/rmvision_ws/install/navi_cal/lib/libnavi_cal.so" to ""
[0.090s] -- Installing: /home/auto/rmvision_ws/install/navi_cal/share/navi_cal/include
[0.090s] -- Installing: /home/auto/rmvision_ws/install/navi_cal/share/navi_cal/include/navi_cal
[0.090s] -- Installing: /home/auto/rmvision_ws/install/navi_cal/share/navi_cal/include/navi_cal/navi_cal.hpp
[0.090s] -- Installing: /home/auto/rmvision_ws/install/navi_cal/share/navi_cal/src
[0.090s] -- Installing: /home/auto/rmvision_ws/install/navi_cal/share/navi_cal/src/navi_cal.cpp
[0.090s] -- Installing: /home/auto/rmvision_ws/install/navi_cal/share/navi_cal/config
[0.090s] -- Installing: /home/auto/rmvision_ws/install/navi_cal/share/navi_cal/config/navi_cal.yaml
[0.090s] -- Installing: /home/auto/rmvision_ws/install/navi_cal/share/navi_cal/launch
[0.090s] -- Installing: /home/auto/rmvision_ws/install/navi_cal/share/navi_cal/launch/navi_cal.py
[0.090s] -- Installing: /home/auto/rmvision_ws/install/navi_cal/share/ament_index/resource_index/package_run_dependencies/navi_cal
[0.090s] -- Installing: /home/auto/rmvision_ws/install/navi_cal/share/ament_index/resource_index/parent_prefix_path/navi_cal
[0.090s] -- Installing: /home/auto/rmvision_ws/install/navi_cal/share/navi_cal/environment/ament_prefix_path.sh
[0.091s] -- Installing: /home/auto/rmvision_ws/install/navi_cal/share/navi_cal/environment/ament_prefix_path.dsv
[0.091s] -- Installing: /home/auto/rmvision_ws/install/navi_cal/share/navi_cal/environment/path.sh
[0.091s] -- Installing: /home/auto/rmvision_ws/install/navi_cal/share/navi_cal/environment/path.dsv
[0.091s] -- Installing: /home/auto/rmvision_ws/install/navi_cal/share/navi_cal/local_setup.bash
[0.091s] -- Installing: /home/auto/rmvision_ws/install/navi_cal/share/navi_cal/local_setup.sh
[0.091s] -- Installing: /home/auto/rmvision_ws/install/navi_cal/share/navi_cal/local_setup.zsh
[0.091s] -- Installing: /home/auto/rmvision_ws/install/navi_cal/share/navi_cal/local_setup.dsv
[0.091s] -- Installing: /home/auto/rmvision_ws/install/navi_cal/share/navi_cal/package.dsv
[0.091s] -- Installing: /home/auto/rmvision_ws/install/navi_cal/share/ament_index/resource_index/packages/navi_cal
[0.091s] -- Installing: /home/auto/rmvision_ws/install/navi_cal/share/ament_index/resource_index/rclcpp_components/navi_cal
[0.091s] -- Installing: /home/auto/rmvision_ws/install/navi_cal/share/navi_cal/cmake/ament_cmake_export_dependencies-extras.cmake
[0.091s] -- Installing: /home/auto/rmvision_ws/install/navi_cal/share/navi_cal/cmake/ament_cmake_export_include_directories-extras.cmake
[0.091s] -- Installing: /home/auto/rmvision_ws/install/navi_cal/share/navi_cal/cmake/ament_cmake_export_libraries-extras.cmake
[0.091s] -- Installing: /home/auto/rmvision_ws/install/navi_cal/share/navi_cal/cmake/navi_calConfig.cmake
[0.092s] -- Installing: /home/auto/rmvision_ws/install/navi_cal/share/navi_cal/cmake/navi_calConfig-version.cmake
[0.092s] -- Installing: /home/auto/rmvision_ws/install/navi_cal/share/navi_cal/package.xml
[0.146s] Invoked command in '/home/auto/rmvision_ws/build/navi_cal' returned '0': CMAKE_PREFIX_PATH=/home/auto/rmvision_ws/install/auto_aim_interfaces:/home/auto/rmvision_ws/install/unity_transform:/home/auto/rmvision_ws/install/serial_driver:/home/auto/rmvision_ws/install/rm_vision_bringup:/home/auto/rmvision_ws/install/rm_gimbal_description:/home/auto/rmvision_ws/install/navi_cal:/home/auto/rmvision_ws/install/mindvision_camera:/home/auto/rmvision_ws/install/hik_camera:/home/auto/rmvision_ws/install/base_detector:/home/auto/rmvision_ws/install/armor_tracker:/home/auto/rmvision_ws/install/armor_detector:/home/auto/rmvision_ws/install/armor_creater:/opt/ros/humble LD_LIBRARY_PATH=/home/auto/rmvision_ws/install/auto_aim_interfaces/lib:/opt/intel/openvino_2024.2.0/runtime/3rdparty/tbb/lib:/opt/intel/openvino_2024.2.0/runtime/lib/intel64:/opt/MVS/lib/64:/opt/MVS/lib/32:/opt/intel/openvino_2024.2.0/runtime/3rdparty/tbb/lib:/opt/intel/openvino_2024.2.0/runtime/lib/intel64:/home/auto/rmvision_ws/install/serial_driver/lib:/home/auto/rmvision_ws/install/navi_cal/lib:/home/auto/rmvision_ws/install/mindvision_camera/lib:/home/auto/rmvision_ws/install/hik_camera/lib:/home/auto/rmvision_ws/install/base_detector/lib:/home/auto/rmvision_ws/install/armor_tracker/lib:/home/auto/rmvision_ws/install/armor_detector/lib:/home/auto/rmvision_ws/install/armor_creater/lib:/opt/ros/humble/opt/rviz_ogre_vendor/lib:/opt/ros/humble/lib/x86_64-linux-gnu:/opt/ros/humble/lib:/opt/MVS/lib/64:/opt/MVS/lib/32:/opt/MVS/lib/64:/opt/MVS/lib/32:/opt/MVS/lib/64:/opt/MVS/lib/32:/usr/local/lib:/usr/local/lib /usr/local/bin/cmake --install /home/auto/rmvision_ws/build/navi_cal
