-- The C compiler identification is GNU 11.4.0
-- The CXX compiler identification is GNU 11.4.0
-- Detecting C compiler ABI info
-- Detecting C compiler ABI info - done
-- Check for working C compiler: /usr/bin/cc - skipped
-- Detecting C compile features
-- Detecting C compile features - done
-- Detecting CXX compiler ABI info
-- Detecting CXX compiler ABI info - done
-- Check for working CXX compiler: /usr/bin/c++ - skipped
-- Detecting CXX compile features
-- Detecting CXX compile features - done
-- Found ament_cmake: 1.3.11 (/opt/ros/humble/share/ament_cmake/cmake)
-- Found Python3: /usr/bin/python3 (found version "3.10.12") found components: Interpreter 
-- Found rclcpp: 16.0.12 (/opt/ros/humble/share/rclcpp/cmake)
-- Found rosidl_generator_c: 3.1.6 (/opt/ros/humble/share/rosidl_generator_c/cmake)
-- Found rosidl_adapter: 3.1.6 (/opt/ros/humble/share/rosidl_adapter/cmake)
-- Found rosidl_generator_cpp: 3.1.6 (/opt/ros/humble/share/rosidl_generator_cpp/cmake)
-- Using all available rosidl_typesupport_c: rosidl_typesupport_fastrtps_c;rosidl_typesupport_introspection_c
-- Using all available rosidl_typesupport_cpp: rosidl_typesupport_fastrtps_cpp;rosidl_typesupport_introspection_cpp
-- Found rmw_implementation_cmake: 6.1.2 (/opt/ros/humble/share/rmw_implementation_cmake/cmake)
-- Found rmw_fastrtps_cpp: 6.2.7 (/opt/ros/humble/share/rmw_fastrtps_cpp/cmake)
-- Found OpenSSL: /usr/lib/x86_64-linux-gnu/libcrypto.so (found version "3.0.2")  
-- Found FastRTPS: /opt/ros/humble/include  
-- Using RMW implementation 'rmw_fastrtps_cpp' as default
-- Performing Test CMAKE_HAVE_LIBC_PTHREAD
-- Performing Test CMAKE_HAVE_LIBC_PTHREAD - Success
-- Found Threads: TRUE  
-- Found tf2: 0.25.12 (/opt/ros/humble/share/tf2/cmake)
-- Found tf2_ros: 0.25.12 (/opt/ros/humble/share/tf2_ros/cmake)
-- Found sensor_msgs: 4.8.0 (/opt/ros/humble/share/sensor_msgs/cmake)
-- Found tf2_geometry_msgs: 0.25.12 (/opt/ros/humble/share/tf2_geometry_msgs/cmake)
-- Found eigen3_cmake_module: 0.1.1 (/opt/ros/humble/share/eigen3_cmake_module/cmake)
-- Found Eigen3: TRUE (found version "3.4.0") 
-- Ensuring Eigen3 include directory is part of orocos-kdl CMake target
-- Found ament_lint_auto: 0.12.12 (/opt/ros/humble/share/ament_lint_auto/cmake)
-- Added test 'cppcheck' to perform static code analysis on C / C++ code
-- Configured cppcheck include dirs: $<BUILD_INTERFACE:/home/auto/rmvision_ws/src/unity_transform/include>
-- Configured cppcheck exclude dirs and/or files: 
-- Added test 'lint_cmake' to check CMake code style
-- Added test 'uncrustify' to check C / C++ code style
-- Configured uncrustify additional arguments: 
-- Added test 'xmllint' to check XML markup files
-- Configuring done
-- Generating done
-- Build files have been written to: /home/auto/rmvision_ws/build/unity_transform
[ 50%] [32mBuilding CXX object CMakeFiles/unity_gimbal_transform_node.dir/src/unity_gimbal_transform_node.cpp.o[0m
[100%] [32m[1mLinking CXX executable unity_gimbal_transform_node[0m
[100%] Built target unity_gimbal_transform_node
-- Install configuration: ""
-- Installing: /home/auto/rmvision_ws/install/unity_transform/lib/unity_transform/unity_gimbal_transform_node
-- Set runtime path of "/home/auto/rmvision_ws/install/unity_transform/lib/unity_transform/unity_gimbal_transform_node" to ""
-- Installing: /home/auto/rmvision_ws/install/unity_transform/share/ament_index/resource_index/package_run_dependencies/unity_transform
-- Installing: /home/auto/rmvision_ws/install/unity_transform/share/ament_index/resource_index/parent_prefix_path/unity_transform
-- Installing: /home/auto/rmvision_ws/install/unity_transform/share/unity_transform/environment/ament_prefix_path.sh
-- Installing: /home/auto/rmvision_ws/install/unity_transform/share/unity_transform/environment/ament_prefix_path.dsv
-- Installing: /home/auto/rmvision_ws/install/unity_transform/share/unity_transform/environment/path.sh
-- Installing: /home/auto/rmvision_ws/install/unity_transform/share/unity_transform/environment/path.dsv
-- Installing: /home/auto/rmvision_ws/install/unity_transform/share/unity_transform/local_setup.bash
-- Installing: /home/auto/rmvision_ws/install/unity_transform/share/unity_transform/local_setup.sh
-- Installing: /home/auto/rmvision_ws/install/unity_transform/share/unity_transform/local_setup.zsh
-- Installing: /home/auto/rmvision_ws/install/unity_transform/share/unity_transform/local_setup.dsv
-- Installing: /home/auto/rmvision_ws/install/unity_transform/share/unity_transform/package.dsv
-- Installing: /home/auto/rmvision_ws/install/unity_transform/share/ament_index/resource_index/packages/unity_transform
-- Installing: /home/auto/rmvision_ws/install/unity_transform/share/unity_transform/cmake/unity_transformConfig.cmake
-- Installing: /home/auto/rmvision_ws/install/unity_transform/share/unity_transform/cmake/unity_transformConfig-version.cmake
-- Installing: /home/auto/rmvision_ws/install/unity_transform/share/unity_transform/package.xml
