[0.009s] Invoking command in '/home/auto/rmvision_ws/build/unity_transform': CMAKE_PREFIX_PATH=${CMAKE_PREFIX_PATH}:/opt/ros/humble /usr/local/bin/cmake /home/auto/rmvision_ws/src/unity_transform -DCMAKE_INSTALL_PREFIX=/home/auto/rmvision_ws/install/unity_transform
[0.070s] -- The C compiler identification is GNU 11.4.0
[0.117s] -- The CXX compiler identification is GNU 11.4.0
[0.124s] -- Detecting C compiler ABI info
[0.164s] -- Detecting C compiler ABI info - done
[0.169s] -- Check for working C compiler: /usr/bin/cc - skipped
[0.169s] -- Detecting C compile features
[0.169s] -- Detecting C compile features - done
[0.172s] -- Detecting CXX compiler ABI info
[0.222s] -- Detecting CXX compiler ABI info - done
[0.227s] -- Check for working CXX compiler: /usr/bin/c++ - skipped
[0.228s] -- Detecting CXX compile features
[0.228s] -- Detecting CXX compile features - done
[0.230s] -- Found ament_cmake: 1.3.11 (/opt/ros/humble/share/ament_cmake/cmake)
[0.312s] -- Found Python3: /usr/bin/python3 (found version "3.10.12") found components: Interpreter 
[0.375s] -- Found rclcpp: 16.0.12 (/opt/ros/humble/share/rclcpp/cmake)
[0.408s] -- Found rosidl_generator_c: 3.1.6 (/opt/ros/humble/share/rosidl_generator_c/cmake)
[0.411s] -- Found rosidl_adapter: 3.1.6 (/opt/ros/humble/share/rosidl_adapter/cmake)
[0.417s] -- Found rosidl_generator_cpp: 3.1.6 (/opt/ros/humble/share/rosidl_generator_cpp/cmake)
[0.429s] -- Using all available rosidl_typesupport_c: rosidl_typesupport_fastrtps_c;rosidl_typesupport_introspection_c
[0.440s] -- Using all available rosidl_typesupport_cpp: rosidl_typesupport_fastrtps_cpp;rosidl_typesupport_introspection_cpp
[0.480s] -- Found rmw_implementation_cmake: 6.1.2 (/opt/ros/humble/share/rmw_implementation_cmake/cmake)
[0.482s] -- Found rmw_fastrtps_cpp: 6.2.7 (/opt/ros/humble/share/rmw_fastrtps_cpp/cmake)
[0.547s] -- Found OpenSSL: /usr/lib/x86_64-linux-gnu/libcrypto.so (found version "3.0.2")  
[0.566s] -- Found FastRTPS: /opt/ros/humble/include  
[0.595s] -- Using RMW implementation 'rmw_fastrtps_cpp' as default
[0.602s] -- Performing Test CMAKE_HAVE_LIBC_PTHREAD
[0.645s] -- Performing Test CMAKE_HAVE_LIBC_PTHREAD - Success
[0.645s] -- Found Threads: TRUE  
[0.681s] -- Found tf2: 0.25.12 (/opt/ros/humble/share/tf2/cmake)
[0.696s] -- Found tf2_ros: 0.25.12 (/opt/ros/humble/share/tf2_ros/cmake)
[0.763s] -- Found sensor_msgs: 4.8.0 (/opt/ros/humble/share/sensor_msgs/cmake)
[0.775s] -- Found tf2_geometry_msgs: 0.25.12 (/opt/ros/humble/share/tf2_geometry_msgs/cmake)
[0.784s] -- Found eigen3_cmake_module: 0.1.1 (/opt/ros/humble/share/eigen3_cmake_module/cmake)
[0.785s] -- Found Eigen3: TRUE (found version "3.4.0") 
[0.785s] -- Ensuring Eigen3 include directory is part of orocos-kdl CMake target
[0.789s] -- Found ament_lint_auto: 0.12.12 (/opt/ros/humble/share/ament_lint_auto/cmake)
[0.834s] -- Added test 'cppcheck' to perform static code analysis on C / C++ code
[0.834s] -- Configured cppcheck include dirs: $<BUILD_INTERFACE:/home/auto/rmvision_ws/src/unity_transform/include>
[0.834s] -- Configured cppcheck exclude dirs and/or files: 
[0.834s] -- Added test 'lint_cmake' to check CMake code style
[0.835s] -- Added test 'uncrustify' to check C / C++ code style
[0.835s] -- Configured uncrustify additional arguments: 
[0.835s] -- Added test 'xmllint' to check XML markup files
[0.836s] -- Configuring done
[0.843s] -- Generating done
[0.846s] -- Build files have been written to: /home/auto/rmvision_ws/build/unity_transform
[0.852s] Invoked command in '/home/auto/rmvision_ws/build/unity_transform' returned '0': CMAKE_PREFIX_PATH=${CMAKE_PREFIX_PATH}:/opt/ros/humble /usr/local/bin/cmake /home/auto/rmvision_ws/src/unity_transform -DCMAKE_INSTALL_PREFIX=/home/auto/rmvision_ws/install/unity_transform
[0.853s] Invoking command in '/home/auto/rmvision_ws/build/unity_transform': CMAKE_PREFIX_PATH=${CMAKE_PREFIX_PATH}:/opt/ros/humble /usr/local/bin/cmake --build /home/auto/rmvision_ws/build/unity_transform -- -j20 -l20
[0.875s] [ 50%] [32mBuilding CXX object CMakeFiles/unity_gimbal_transform_node.dir/src/unity_gimbal_transform_node.cpp.o[0m
[7.977s] [100%] [32m[1mLinking CXX executable unity_gimbal_transform_node[0m
[9.560s] [100%] Built target unity_gimbal_transform_node
[9.585s] Invoked command in '/home/auto/rmvision_ws/build/unity_transform' returned '0': CMAKE_PREFIX_PATH=${CMAKE_PREFIX_PATH}:/opt/ros/humble /usr/local/bin/cmake --build /home/auto/rmvision_ws/build/unity_transform -- -j20 -l20
[9.586s] Invoking command in '/home/auto/rmvision_ws/build/unity_transform': CMAKE_PREFIX_PATH=${CMAKE_PREFIX_PATH}:/opt/ros/humble /usr/local/bin/cmake --install /home/auto/rmvision_ws/build/unity_transform
[9.597s] -- Install configuration: ""
[9.597s] -- Installing: /home/auto/rmvision_ws/install/unity_transform/lib/unity_transform/unity_gimbal_transform_node
[9.602s] -- Set runtime path of "/home/auto/rmvision_ws/install/unity_transform/lib/unity_transform/unity_gimbal_transform_node" to ""
[9.607s] -- Installing: /home/auto/rmvision_ws/install/unity_transform/share/ament_index/resource_index/package_run_dependencies/unity_transform
[9.608s] -- Installing: /home/auto/rmvision_ws/install/unity_transform/share/ament_index/resource_index/parent_prefix_path/unity_transform
[9.608s] -- Installing: /home/auto/rmvision_ws/install/unity_transform/share/unity_transform/environment/ament_prefix_path.sh
[9.608s] -- Installing: /home/auto/rmvision_ws/install/unity_transform/share/unity_transform/environment/ament_prefix_path.dsv
[9.609s] -- Installing: /home/auto/rmvision_ws/install/unity_transform/share/unity_transform/environment/path.sh
[9.609s] -- Installing: /home/auto/rmvision_ws/install/unity_transform/share/unity_transform/environment/path.dsv
[9.609s] -- Installing: /home/auto/rmvision_ws/install/unity_transform/share/unity_transform/local_setup.bash
[9.611s] -- Installing: /home/auto/rmvision_ws/install/unity_transform/share/unity_transform/local_setup.sh
[9.612s] -- Installing: /home/auto/rmvision_ws/install/unity_transform/share/unity_transform/local_setup.zsh
[9.613s] -- Installing: /home/auto/rmvision_ws/install/unity_transform/share/unity_transform/local_setup.dsv
[9.614s] -- Installing: /home/auto/rmvision_ws/install/unity_transform/share/unity_transform/package.dsv
[9.618s] -- Installing: /home/auto/rmvision_ws/install/unity_transform/share/ament_index/resource_index/packages/unity_transform
[9.622s] -- Installing: /home/auto/rmvision_ws/install/unity_transform/share/unity_transform/cmake/unity_transformConfig.cmake
[9.622s] -- Installing: /home/auto/rmvision_ws/install/unity_transform/share/unity_transform/cmake/unity_transformConfig-version.cmake
[9.622s] -- Installing: /home/auto/rmvision_ws/install/unity_transform/share/unity_transform/package.xml
[9.623s] Invoked command in '/home/auto/rmvision_ws/build/unity_transform' returned '0': CMAKE_PREFIX_PATH=${CMAKE_PREFIX_PATH}:/opt/ros/humble /usr/local/bin/cmake --install /home/auto/rmvision_ws/build/unity_transform
