[0.031s] Invoking command in '/home/auto/rmvision_ws/build/base_detector': CMAKE_PREFIX_PATH=/home/auto/rmvision_ws/install/auto_aim_interfaces:/home/auto/rmvision_ws/install/unity_transform:/home/auto/rmvision_ws/install/serial_driver:/home/auto/rmvision_ws/install/rm_vision_bringup:/home/auto/rmvision_ws/install/rm_gimbal_description:/home/auto/rmvision_ws/install/navi_cal:/home/auto/rmvision_ws/install/mindvision_camera:/home/auto/rmvision_ws/install/hik_camera:/home/auto/rmvision_ws/install/base_detector:/home/auto/rmvision_ws/install/armor_tracker:/home/auto/rmvision_ws/install/armor_detector:/home/auto/rmvision_ws/install/armor_creater:/opt/ros/humble LD_LIBRARY_PATH=/home/auto/rmvision_ws/install/auto_aim_interfaces/lib:/opt/intel/openvino_2024.2.0/runtime/3rdparty/tbb/lib:/opt/intel/openvino_2024.2.0/runtime/lib/intel64:/opt/MVS/lib/64:/opt/MVS/lib/32:/opt/intel/openvino_2024.2.0/runtime/3rdparty/tbb/lib:/opt/intel/openvino_2024.2.0/runtime/lib/intel64:/home/auto/rmvision_ws/install/serial_driver/lib:/home/auto/rmvision_ws/install/navi_cal/lib:/home/auto/rmvision_ws/install/mindvision_camera/lib:/home/auto/rmvision_ws/install/hik_camera/lib:/home/auto/rmvision_ws/install/base_detector/lib:/home/auto/rmvision_ws/install/armor_tracker/lib:/home/auto/rmvision_ws/install/armor_detector/lib:/home/auto/rmvision_ws/install/armor_creater/lib:/opt/ros/humble/opt/rviz_ogre_vendor/lib:/opt/ros/humble/lib/x86_64-linux-gnu:/opt/ros/humble/lib:/opt/MVS/lib/64:/opt/MVS/lib/32:/opt/MVS/lib/64:/opt/MVS/lib/32:/opt/MVS/lib/64:/opt/MVS/lib/32:/opt/MVS/lib/64:/opt/MVS/lib/32:/opt/MVS/lib/64:/opt/MVS/lib/32:/usr/local/lib:/usr/local/lib /usr/local/bin/cmake --build /home/auto/rmvision_ws/build/base_detector -- -j20 -l20
[0.069s] [ 18%] Built target gtest_main
[0.071s] [ 36%] Built target gtest
[0.076s] [ 54%] Built target base_detector_node
[0.080s] [ 81%] Built target base_detector
[0.108s] [100%] Built target test_node_startup
[0.166s] Invoked command in '/home/auto/rmvision_ws/build/base_detector' returned '0': CMAKE_PREFIX_PATH=/home/auto/rmvision_ws/install/auto_aim_interfaces:/home/auto/rmvision_ws/install/unity_transform:/home/auto/rmvision_ws/install/serial_driver:/home/auto/rmvision_ws/install/rm_vision_bringup:/home/auto/rmvision_ws/install/rm_gimbal_description:/home/auto/rmvision_ws/install/navi_cal:/home/auto/rmvision_ws/install/mindvision_camera:/home/auto/rmvision_ws/install/hik_camera:/home/auto/rmvision_ws/install/base_detector:/home/auto/rmvision_ws/install/armor_tracker:/home/auto/rmvision_ws/install/armor_detector:/home/auto/rmvision_ws/install/armor_creater:/opt/ros/humble LD_LIBRARY_PATH=/home/auto/rmvision_ws/install/auto_aim_interfaces/lib:/opt/intel/openvino_2024.2.0/runtime/3rdparty/tbb/lib:/opt/intel/openvino_2024.2.0/runtime/lib/intel64:/opt/MVS/lib/64:/opt/MVS/lib/32:/opt/intel/openvino_2024.2.0/runtime/3rdparty/tbb/lib:/opt/intel/openvino_2024.2.0/runtime/lib/intel64:/home/auto/rmvision_ws/install/serial_driver/lib:/home/auto/rmvision_ws/install/navi_cal/lib:/home/auto/rmvision_ws/install/mindvision_camera/lib:/home/auto/rmvision_ws/install/hik_camera/lib:/home/auto/rmvision_ws/install/base_detector/lib:/home/auto/rmvision_ws/install/armor_tracker/lib:/home/auto/rmvision_ws/install/armor_detector/lib:/home/auto/rmvision_ws/install/armor_creater/lib:/opt/ros/humble/opt/rviz_ogre_vendor/lib:/opt/ros/humble/lib/x86_64-linux-gnu:/opt/ros/humble/lib:/opt/MVS/lib/64:/opt/MVS/lib/32:/opt/MVS/lib/64:/opt/MVS/lib/32:/opt/MVS/lib/64:/opt/MVS/lib/32:/opt/MVS/lib/64:/opt/MVS/lib/32:/opt/MVS/lib/64:/opt/MVS/lib/32:/usr/local/lib:/usr/local/lib /usr/local/bin/cmake --build /home/auto/rmvision_ws/build/base_detector -- -j20 -l20
[0.168s] Invoking command in '/home/auto/rmvision_ws/build/base_detector': CMAKE_PREFIX_PATH=/home/auto/rmvision_ws/install/auto_aim_interfaces:/home/auto/rmvision_ws/install/unity_transform:/home/auto/rmvision_ws/install/serial_driver:/home/auto/rmvision_ws/install/rm_vision_bringup:/home/auto/rmvision_ws/install/rm_gimbal_description:/home/auto/rmvision_ws/install/navi_cal:/home/auto/rmvision_ws/install/mindvision_camera:/home/auto/rmvision_ws/install/hik_camera:/home/auto/rmvision_ws/install/base_detector:/home/auto/rmvision_ws/install/armor_tracker:/home/auto/rmvision_ws/install/armor_detector:/home/auto/rmvision_ws/install/armor_creater:/opt/ros/humble LD_LIBRARY_PATH=/home/auto/rmvision_ws/install/auto_aim_interfaces/lib:/opt/intel/openvino_2024.2.0/runtime/3rdparty/tbb/lib:/opt/intel/openvino_2024.2.0/runtime/lib/intel64:/opt/MVS/lib/64:/opt/MVS/lib/32:/opt/intel/openvino_2024.2.0/runtime/3rdparty/tbb/lib:/opt/intel/openvino_2024.2.0/runtime/lib/intel64:/home/auto/rmvision_ws/install/serial_driver/lib:/home/auto/rmvision_ws/install/navi_cal/lib:/home/auto/rmvision_ws/install/mindvision_camera/lib:/home/auto/rmvision_ws/install/hik_camera/lib:/home/auto/rmvision_ws/install/base_detector/lib:/home/auto/rmvision_ws/install/armor_tracker/lib:/home/auto/rmvision_ws/install/armor_detector/lib:/home/auto/rmvision_ws/install/armor_creater/lib:/opt/ros/humble/opt/rviz_ogre_vendor/lib:/opt/ros/humble/lib/x86_64-linux-gnu:/opt/ros/humble/lib:/opt/MVS/lib/64:/opt/MVS/lib/32:/opt/MVS/lib/64:/opt/MVS/lib/32:/opt/MVS/lib/64:/opt/MVS/lib/32:/opt/MVS/lib/64:/opt/MVS/lib/32:/opt/MVS/lib/64:/opt/MVS/lib/32:/usr/local/lib:/usr/local/lib /usr/local/bin/cmake --install /home/auto/rmvision_ws/build/base_detector
[0.172s] -- Install configuration: ""
[0.173s] -- Up-to-date: /home/auto/rmvision_ws/install/base_detector/lib/base_detector/base_detector_node
[0.173s] -- Up-to-date: /home/auto/rmvision_ws/install/base_detector/include
[0.175s] -- Up-to-date: /home/auto/rmvision_ws/install/base_detector/include/base_detector
[0.175s] -- Up-to-date: /home/auto/rmvision_ws/install/base_detector/include/base_detector/base.hpp
[0.175s] -- Up-to-date: /home/auto/rmvision_ws/install/base_detector/include/base_detector/base_light.hpp
[0.175s] -- Up-to-date: /home/auto/rmvision_ws/install/base_detector/include/base_detector/base_node.hpp
[0.175s] -- Up-to-date: /home/auto/rmvision_ws/install/base_detector/share/base_detector/environment/library_path.sh
[0.175s] -- Up-to-date: /home/auto/rmvision_ws/install/base_detector/share/base_detector/environment/library_path.dsv
[0.175s] -- Up-to-date: /home/auto/rmvision_ws/install/base_detector/lib/libbase_detector.so
[0.175s] -- Up-to-date: /home/auto/rmvision_ws/install/base_detector/share/ament_index/resource_index/package_run_dependencies/base_detector
[0.175s] -- Up-to-date: /home/auto/rmvision_ws/install/base_detector/share/ament_index/resource_index/parent_prefix_path/base_detector
[0.175s] -- Up-to-date: /home/auto/rmvision_ws/install/base_detector/share/base_detector/environment/ament_prefix_path.sh
[0.176s] -- Up-to-date: /home/auto/rmvision_ws/install/base_detector/share/base_detector/environment/ament_prefix_path.dsv
[0.176s] -- Up-to-date: /home/auto/rmvision_ws/install/base_detector/share/base_detector/environment/path.sh
[0.176s] -- Up-to-date: /home/auto/rmvision_ws/install/base_detector/share/base_detector/environment/path.dsv
[0.176s] -- Up-to-date: /home/auto/rmvision_ws/install/base_detector/share/base_detector/local_setup.bash
[0.176s] -- Up-to-date: /home/auto/rmvision_ws/install/base_detector/share/base_detector/local_setup.sh
[0.176s] -- Up-to-date: /home/auto/rmvision_ws/install/base_detector/share/base_detector/local_setup.zsh
[0.176s] -- Up-to-date: /home/auto/rmvision_ws/install/base_detector/share/base_detector/local_setup.dsv
[0.176s] -- Installing: /home/auto/rmvision_ws/install/base_detector/share/base_detector/package.dsv
[0.176s] -- Up-to-date: /home/auto/rmvision_ws/install/base_detector/share/ament_index/resource_index/packages/base_detector
[0.176s] -- Up-to-date: /home/auto/rmvision_ws/install/base_detector/share/ament_index/resource_index/rclcpp_components/base_detector
[0.176s] -- Up-to-date: /home/auto/rmvision_ws/install/base_detector/share/base_detector/cmake/ament_cmake_export_dependencies-extras.cmake
[0.176s] -- Up-to-date: /home/auto/rmvision_ws/install/base_detector/share/base_detector/cmake/ament_cmake_export_include_directories-extras.cmake
[0.176s] -- Up-to-date: /home/auto/rmvision_ws/install/base_detector/share/base_detector/cmake/ament_cmake_export_libraries-extras.cmake
[0.176s] -- Up-to-date: /home/auto/rmvision_ws/install/base_detector/share/base_detector/cmake/base_detectorConfig.cmake
[0.176s] -- Up-to-date: /home/auto/rmvision_ws/install/base_detector/share/base_detector/cmake/base_detectorConfig-version.cmake
[0.176s] -- Up-to-date: /home/auto/rmvision_ws/install/base_detector/share/base_detector/package.xml
[0.211s] Invoked command in '/home/auto/rmvision_ws/build/base_detector' returned '0': CMAKE_PREFIX_PATH=/home/auto/rmvision_ws/install/auto_aim_interfaces:/home/auto/rmvision_ws/install/unity_transform:/home/auto/rmvision_ws/install/serial_driver:/home/auto/rmvision_ws/install/rm_vision_bringup:/home/auto/rmvision_ws/install/rm_gimbal_description:/home/auto/rmvision_ws/install/navi_cal:/home/auto/rmvision_ws/install/mindvision_camera:/home/auto/rmvision_ws/install/hik_camera:/home/auto/rmvision_ws/install/base_detector:/home/auto/rmvision_ws/install/armor_tracker:/home/auto/rmvision_ws/install/armor_detector:/home/auto/rmvision_ws/install/armor_creater:/opt/ros/humble LD_LIBRARY_PATH=/home/auto/rmvision_ws/install/auto_aim_interfaces/lib:/opt/intel/openvino_2024.2.0/runtime/3rdparty/tbb/lib:/opt/intel/openvino_2024.2.0/runtime/lib/intel64:/opt/MVS/lib/64:/opt/MVS/lib/32:/opt/intel/openvino_2024.2.0/runtime/3rdparty/tbb/lib:/opt/intel/openvino_2024.2.0/runtime/lib/intel64:/home/auto/rmvision_ws/install/serial_driver/lib:/home/auto/rmvision_ws/install/navi_cal/lib:/home/auto/rmvision_ws/install/mindvision_camera/lib:/home/auto/rmvision_ws/install/hik_camera/lib:/home/auto/rmvision_ws/install/base_detector/lib:/home/auto/rmvision_ws/install/armor_tracker/lib:/home/auto/rmvision_ws/install/armor_detector/lib:/home/auto/rmvision_ws/install/armor_creater/lib:/opt/ros/humble/opt/rviz_ogre_vendor/lib:/opt/ros/humble/lib/x86_64-linux-gnu:/opt/ros/humble/lib:/opt/MVS/lib/64:/opt/MVS/lib/32:/opt/MVS/lib/64:/opt/MVS/lib/32:/opt/MVS/lib/64:/opt/MVS/lib/32:/opt/MVS/lib/64:/opt/MVS/lib/32:/opt/MVS/lib/64:/opt/MVS/lib/32:/usr/local/lib:/usr/local/lib /usr/local/bin/cmake --install /home/auto/rmvision_ws/build/base_detector
